#
# There is insufficient memory for the Java Runtime Environment to continue.
# Native memory allocation (malloc) failed to allocate 486896 bytes. Error detail: Chunk::new
# Possible reasons:
#   The system is out of physical RAM or swap space
#   This process is running with CompressedOops enabled, and the Java Heap may be blocking the growth of the native heap
# Possible solutions:
#   Reduce memory load on the system
#   Increase physical memory or swap space
#   Check if swap backing store is full
#   Decrease Java heap size (-Xmx/-Xms)
#   Decrease number of Java threads
#   Decrease Java thread stack sizes (-Xss)
#   Set larger code cache with -XX:ReservedCodeCacheSize=
#   JVM is running with Unscaled Compressed Oops mode in which the Java heap is
#     placed in the first 4GB address space. The Java Heap base address is the
#     maximum limit for the native heap growth. Please use -XX:HeapBaseMinAddress
#     to set the Java Heap base and to place the Java Heap above 4GB virtual address.
# This output file may be truncated or incomplete.
#
#  Out of Memory Error (arena.cpp:168), pid=10444, tid=8944
#
# JRE version: OpenJDK Runtime Environment Temurin-21.0.10+7 (21.0.10+7) (build 21.0.10+7-LTS)
# Java VM: OpenJDK 64-Bit Server VM Temurin-21.0.10+7 (21.0.10+7-LTS, mixed mode, sharing, tiered, compressed oops, compressed class ptrs, parallel gc, windows-amd64)
# No core dump will be written. Minidumps are not enabled by default on client versions of Windows
#

---------------  S U M M A R Y ------------

Command Line: --add-modules=ALL-SYSTEM --add-opens=java.base/java.util=ALL-UNNAMED --add-opens=java.base/java.lang=ALL-UNNAMED --add-opens=java.base/sun.nio.fs=ALL-UNNAMED -Declipse.application=org.eclipse.jdt.ls.core.id1 -Dosgi.bundles.defaultStartLevel=4 -Declipse.product=org.eclipse.jdt.ls.core.product -Djava.import.generatesMetadataFilesAtProjectRoot=false -DDetectVMInstallationsJob.disabled=true -Dfile.encoding=utf8 -XX:+UseParallelGC -XX:GCTimeRatio=4 -XX:AdaptiveSizePolicyWeight=90 -Dsun.zip.disableMemoryMapping=true -Xmx2G -Xms100m -Xlog:disable -javaagent:c:\Users\Om\.windsurf\extensions\redhat.java-1.53.0-win32-x64\lombok\lombok-1.18.39-4050.jar c:\Users\Om\.windsurf\extensions\redhat.java-1.53.0-win32-x64\server\plugins\org.eclipse.equinox.launcher_1.7.100.v20251111-0406.jar -configuration c:\Users\Om\AppData\Roaming\Windsurf\User\globalStorage\redhat.java\1.53.0\config_ss_win -data c:\Users\Om\AppData\Roaming\Windsurf\User\workspaceStorage\13f5442babf708a56aa4b164ba688d54\redhat.java\ss_ws --pipe=\\.\pipe\lsp-0957671d70efe9d4bb9c5686735978b7-sock

Host: Intel(R) Core(TM) i3-7020U CPU @ 2.30GHz, 4 cores, 3G,  Windows 10 , 64 bit Build 19041 (10.0.19041.5915)
Time: Wed Apr  1 11:00:11 2026 India Standard Time elapsed time: 13.767734 seconds (0d 0h 0m 13s)

---------------  T H R E A D  ---------------

Current thread (0x00000211aba69d20):  JavaThread "C2 CompilerThread0" daemon [_thread_in_native, id=8944, stack(0x00000076bfd00000,0x00000076bfe00000) (1024K)]


Current CompileTask:
C2:13767 2806       4       org.lombokweb.asm.ClassReader::readMethod (1070 bytes)

Stack: [0x00000076bfd00000,0x00000076bfe00000]
Native frames: (J=compiled Java code, j=interpreted, Vv=VM code, C=native code)
V  [jvm.dll+0x6d7a39]
V  [jvm.dll+0x8b4b26]
V  [jvm.dll+0x8b70de]
V  [jvm.dll+0x8b77c3]
V  [jvm.dll+0x284346]
V  [jvm.dll+0xc66ed]
V  [jvm.dll+0xc6c31]
V  [jvm.dll+0x2fb29e]
V  [jvm.dll+0x5fe884]
V  [jvm.dll+0x255b17]
V  [jvm.dll+0x24dc0b]
V  [jvm.dll+0x24ba42]
V  [jvm.dll+0x1cb34e]
V  [jvm.dll+0x25b85d]
V  [jvm.dll+0x259dea]
V  [jvm.dll+0x3f857e]
V  [jvm.dll+0x85f59d]
V  [jvm.dll+0x6d626d]
C  [ucrtbase.dll+0x21bb2]
C  [KERNEL32.DLL+0x17374]
C  [ntdll.dll+0x4cc91]


---------------  P R O C E S S  ---------------

Threads class SMR info:
_java_thread_list=0x00000211f24e2190, length=19, elements={
0x0000021195067470, 0x00000211aba4ef90, 0x00000211aba504e0, 0x00000211aba53dc0,
0x00000211aba56930, 0x00000211aba58d90, 0x00000211aba5d7c0, 0x00000211aba69d20,
0x00000211aba6b1c0, 0x00000211aba5b060, 0x00000211aba5b6f0, 0x00000211aba5a340,
0x00000211aba5bd80, 0x00000211aba5d130, 0x00000211aba5caa0, 0x00000211aba5c410,
0x00000211eda2e730, 0x00000211eda30170, 0x00000211eda30e90
}

Java Threads: ( => current thread )
  0x0000021195067470 JavaThread "<un-named>"                        [_thread_blocked, id=16428, stack(0x00000076bf300000,0x00000076bf400000) (1024K)]
  0x00000211aba4ef90 JavaThread "<un-named>"                        [_thread_blocked, id=8816, stack(0x00000076bf700000,0x00000076bf800000) (1024K)]
  0x00000211aba504e0 
[error occurred during error reporting (printing all threads), id 0xc0000005, EXCEPTION_ACCESS_VIOLATION (0xc0000005) at pc=0x00007ffe75136390]
VM state: at safepoint (normal execution)

VM Mutex/Monitor currently owned by a thread:  ([mutex/lock_event])
[0x00007ffe75cae560] Threads_lock - owner thread: 0x00000211951203a0
[0x00007ffe75cae660] Heap_lock - owner thread: 0x00000211aba5d130

Heap address: 0x0000000080000000, size: 2048 MB, Compressed Oops mode: 32-bit

CDS archive(s) mapped at: [0x00000211ac000000-0x00000211acba0000-0x00000211acba0000), size 12189696, SharedBaseAddress: 0x00000211ac000000, ArchiveRelocationMode: 1.
Compressed class space mapped at: 0x00000211ad000000-0x00000211ed000000, reserved size: 1073741824
Narrow klass base: 0x00000211ac000000, Narrow klass shift: 0, Narrow klass range: 0x100000000

GC Precious Log:
 CardTable entry size: 512
 CPUs: 4 total, 4 available
 Memory: 3962M
 Large Page Support: Disabled
 NUMA Support: Disabled
 Compressed Oops: Enabled (32-bit)
 Alignments: Space 512K, Generation 512K, Heap 2M
 Heap Min Capacity: 100M
 Heap Initial Capacity: 100M
 Heap Max Capacity: 2G
 Pre-touch: Disabled
 Parallel Workers: 4

Heap:
 PSYoungGen      total 29696K, used 4570K [0x00000000d5580000, 0x00000000d7980000, 0x0000000100000000)
  eden space 25088K, 0% used [0x00000000d5580000,0x00000000d5580000,0x00000000d6e00000)
  from space 4608K, 99% used [0x00000000d7500000,0x00000000d7976a08,0x00000000d7980000)
  to   space 5120K, 0% used [0x00000000d6f80000,0x00000000d6f80000,0x00000000d7480000)
 ParOldGen       total 68608K, used 9726K [0x0000000080000000, 0x0000000084300000, 0x00000000d5580000)
  object space 68608K, 14% used [0x0000000080000000,0x000000008097fb80,0x0000000084300000)
 Metaspace       used 20890K, committed 21504K, reserved 1114112K
  class space    used 2058K, committed 2304K, reserved 1048576K

Card table byte_map: [0x0000021194a40000,0x0000021194e50000] _byte_map_base: 0x0000021194640000

Marking Bits: (ParMarkBitMap*) 0x00007ffe75cb3450
 Begin Bits: [0x00000211a7520000, 0x00000211a9520000)
 End Bits:   [0x00000211a9520000, 0x00000211ab520000)

Polling page: 0x0000021194830000

Metaspace:

Usage:
  Non-class:     18.39 MB used.
      Class:      2.01 MB used.
       Both:     20.40 MB used.

Virtual space:
  Non-class space:       64.00 MB reserved,      18.75 MB ( 29%) committed,  1 nodes.
      Class space:        1.00 GB reserved,       2.25 MB ( <1%) committed,  1 nodes.
             Both:        1.06 GB reserved,      21.00 MB (  2%) committed. 

Chunk freelists:
   Non-Class:  12.88 MB
       Class:  13.56 MB
        Both:  26.44 MB

MaxMetaspaceSize: unlimited
CompressedClassSpaceSize: 1.00 GB
Initial GC threshold: 21.00 MB
Current GC threshold: 21.00 MB
CDS: on
 - commit_granule_bytes: 65536.
 - commit_granule_words: 8192.
 - virtual_space_node_default_size: 8388608.
 - enlarge_chunks_in_place: 1.
 - use_allocation_guard: 0.


Internal statistics:

num_allocs_failed_limit: 3.
num_arena_births: 502.
num_arena_deaths: 0.
num_vsnodes_births: 2.
num_vsnodes_deaths: 0.
num_space_committed: 336.
num_space_uncommitted: 0.
num_chunks_returned_to_freelist: 3.
num_chunks_taken_from_freelist: 1291.
num_chunk_merges: 3.
num_chunk_splits: 831.
num_chunks_enlarged: 540.
num_inconsistent_stats: 0.

CodeHeap 'non-profiled nmethods': size=120000Kb used=1359Kb max_used=1359Kb free=118641Kb
 bounds [0x000002119fd40000, 0x000002119ffb0000, 0x00000211a7270000]
CodeHeap 'profiled nmethods': size=120000Kb used=5409Kb max_used=5409Kb free=114591Kb
 bounds [0x0000021198270000, 0x00000211987c0000, 0x000002119f7a0000]
CodeHeap 'non-nmethods': size=5760Kb used=1310Kb max_used=1344Kb free=4449Kb
 bounds [0x000002119f7a0000, 0x000002119fa10000, 0x000002119fd40000]
CodeCache: size=245760Kb, used=8078Kb, max_used=8112Kb, free=237681Kb
 total_blobs=3411, nmethods=2815, adapters=502, full_count=0
Compilation: enabled, stopped_count=0, restarted_count=0

Compilation events (20 events):
Event: 13.549 Thread 0x00000211aba6b1c0 nmethod 2802% 0x00000211987a4210 code [0x00000211987a4520, 0x00000211987a58e8]
Event: 13.549 Thread 0x00000211aba6b1c0 2803 %     3       org.lombokweb.asm.SymbolTable::<init> @ 98 (554 bytes)
Event: 13.554 Thread 0x00000211aba6b1c0 nmethod 2803% 0x00000211987a5f10 code [0x00000211987a6520, 0x00000211987a91b0]
Event: 13.680 Thread 0x00000211aba6b1c0 2804       3       org.lombokweb.asm.ClassReader::<init> (359 bytes)
Event: 13.681 Thread 0x00000211aba69d20 2806       4       org.lombokweb.asm.ClassReader::readMethod (1070 bytes)
Event: 13.682 Thread 0x00000211aba6b1c0 nmethod 2804 0x00000211987aa410 code [0x00000211987aa700, 0x00000211987ab8c0]
Event: 13.682 Thread 0x00000211aba6b1c0 2805       3       org.lombokweb.asm.SymbolTable::<init> (554 bytes)
Event: 13.686 Thread 0x00000211aba6b1c0 nmethod 2805 0x00000211987abe90 code [0x00000211987ac460, 0x00000211987aed10]
Event: 13.686 Thread 0x00000211aba6b1c0 2810       3       org.lombokweb.asm.MethodWriter::visitLabel (332 bytes)
Event: 13.688 Thread 0x00000211aba6b1c0 nmethod 2810 0x00000211987aff10 code [0x00000211987b0160, 0x00000211987b0a58]
Event: 13.688 Thread 0x00000211aba6b1c0 2812       3       org.lombokweb.asm.ByteVector::putByteArray (49 bytes)
Event: 13.688 Thread 0x00000211aba6b1c0 nmethod 2812 0x00000211987b0c90 code [0x00000211987b0e60, 0x00000211987b1128]
Event: 13.688 Thread 0x00000211aba6b1c0 2811       3       org.lombokweb.asm.SymbolTable::addConstantMethodref (24 bytes)
Event: 13.688 Thread 0x00000211aba6b1c0 nmethod 2811 0x00000211987b1290 code [0x00000211987b1440, 0x00000211987b15e0]
Event: 13.688 Thread 0x00000211aba6b1c0 2808       3       org.lombokweb.asm.Label::addForwardReference (102 bytes)
Event: 13.689 Thread 0x00000211aba6b1c0 nmethod 2808 0x00000211987b1690 code [0x00000211987b1860, 0x00000211987b1cc0]
Event: 13.689 Thread 0x00000211aba6b1c0 2809       1       lombok.patcher.MethodLogistics::getReturnOpcode (5 bytes)
Event: 13.689 Thread 0x00000211aba6b1c0 nmethod 2809 0x000002119fe93910 code [0x000002119fe93aa0, 0x000002119fe93b68]
Event: 13.689 Thread 0x00000211aba6b1c0 2807       3       java.util.regex.Pattern$BranchConn::match (11 bytes)
Event: 13.689 Thread 0x00000211aba6b1c0 nmethod 2807 0x00000211987b1e90 code [0x00000211987b2040, 0x00000211987b2218]

GC Heap History (10 events):
Event: 2.207 GC heap before
{Heap before GC invocations=1 (full 0):
 PSYoungGen      total 29696K, used 25600K [0x00000000d5580000, 0x00000000d7680000, 0x0000000100000000)
  eden space 25600K, 100% used [0x00000000d5580000,0x00000000d6e80000,0x00000000d6e80000)
  from space 4096K, 0% used [0x00000000d7280000,0x00000000d7280000,0x00000000d7680000)
  to   space 4096K, 0% used [0x00000000d6e80000,0x00000000d6e80000,0x00000000d7280000)
 ParOldGen       total 68608K, used 0K [0x0000000080000000, 0x0000000084300000, 0x00000000d5580000)
  object space 68608K, 0% used [0x0000000080000000,0x0000000080000000,0x0000000084300000)
 Metaspace       used 4378K, committed 4608K, reserved 1114112K
  class space    used 474K, committed 576K, reserved 1048576K
}
Event: 2.221 GC heap after
{Heap after GC invocations=1 (full 0):
 PSYoungGen      total 29696K, used 3303K [0x00000000d5580000, 0x00000000d7680000, 0x0000000100000000)
  eden space 25600K, 0% used [0x00000000d5580000,0x00000000d5580000,0x00000000d6e80000)
  from space 4096K, 80% used [0x00000000d6e80000,0x00000000d71b9e98,0x00000000d7280000)
  to   space 4096K, 0% used [0x00000000d7280000,0x00000000d7280000,0x00000000d7680000)
 ParOldGen       total 68608K, used 8K [0x0000000080000000, 0x0000000084300000, 0x00000000d5580000)
  object space 68608K, 0% used [0x0000000080000000,0x0000000080002000,0x0000000084300000)
 Metaspace       used 4378K, committed 4608K, reserved 1114112K
  class space    used 474K, committed 576K, reserved 1048576K
}
Event: 4.810 GC heap before
{Heap before GC invocations=2 (full 0):
 PSYoungGen      total 29696K, used 28903K [0x00000000d5580000, 0x00000000d7680000, 0x0000000100000000)
  eden space 25600K, 100% used [0x00000000d5580000,0x00000000d6e80000,0x00000000d6e80000)
  from space 4096K, 80% used [0x00000000d6e80000,0x00000000d71b9e98,0x00000000d7280000)
  to   space 4096K, 0% used [0x00000000d7280000,0x00000000d7280000,0x00000000d7680000)
 ParOldGen       total 68608K, used 8K [0x0000000080000000, 0x0000000084300000, 0x00000000d5580000)
  object space 68608K, 0% used [0x0000000080000000,0x0000000080002000,0x0000000084300000)
 Metaspace       used 8173K, committed 8448K, reserved 1114112K
  class space    used 865K, committed 960K, reserved 1048576K
}
Event: 4.819 GC heap after
{Heap after GC invocations=2 (full 0):
 PSYoungGen      total 29696K, used 4091K [0x00000000d5580000, 0x00000000d7680000, 0x0000000100000000)
  eden space 25600K, 0% used [0x00000000d5580000,0x00000000d5580000,0x00000000d6e80000)
  from space 4096K, 99% used [0x00000000d7280000,0x00000000d767efe8,0x00000000d7680000)
  to   space 4096K, 0% used [0x00000000d6e80000,0x00000000d6e80000,0x00000000d7280000)
 ParOldGen       total 68608K, used 1127K [0x0000000080000000, 0x0000000084300000, 0x00000000d5580000)
  object space 68608K, 1% used [0x0000000080000000,0x0000000080119eb8,0x0000000084300000)
 Metaspace       used 8173K, committed 8448K, reserved 1114112K
  class space    used 865K, committed 960K, reserved 1048576K
}
Event: 6.453 GC heap before
{Heap before GC invocations=3 (full 0):
 PSYoungGen      total 29696K, used 29691K [0x00000000d5580000, 0x00000000d7680000, 0x0000000100000000)
  eden space 25600K, 100% used [0x00000000d5580000,0x00000000d6e80000,0x00000000d6e80000)
  from space 4096K, 99% used [0x00000000d7280000,0x00000000d767efe8,0x00000000d7680000)
  to   space 4096K, 0% used [0x00000000d6e80000,0x00000000d6e80000,0x00000000d7280000)
 ParOldGen       total 68608K, used 1127K [0x0000000080000000, 0x0000000084300000, 0x00000000d5580000)
  object space 68608K, 1% used [0x0000000080000000,0x0000000080119eb8,0x0000000084300000)
 Metaspace       used 13024K, committed 13568K, reserved 1114112K
  class space    used 1374K, committed 1600K, reserved 1048576K
}
Event: 6.465 GC heap after
{Heap after GC invocations=3 (full 0):
 PSYoungGen      total 29696K, used 4080K [0x00000000d5580000, 0x00000000d7680000, 0x0000000100000000)
  eden space 25600K, 0% used [0x00000000d5580000,0x00000000d5580000,0x00000000d6e80000)
  from space 4096K, 99% used [0x00000000d6e80000,0x00000000d727c190,0x00000000d7280000)
  to   space 4096K, 0% used [0x00000000d7280000,0x00000000d7280000,0x00000000d7680000)
 ParOldGen       total 68608K, used 2870K [0x0000000080000000, 0x0000000084300000, 0x00000000d5580000)
  object space 68608K, 4% used [0x0000000080000000,0x00000000802cdaa0,0x0000000084300000)
 Metaspace       used 13024K, committed 13568K, reserved 1114112K
  class space    used 1374K, committed 1600K, reserved 1048576K
}
Event: 12.197 GC heap before
{Heap before GC invocations=4 (full 0):
 PSYoungGen      total 29696K, used 29680K [0x00000000d5580000, 0x00000000d7680000, 0x0000000100000000)
  eden space 25600K, 100% used [0x00000000d5580000,0x00000000d6e80000,0x00000000d6e80000)
  from space 4096K, 99% used [0x00000000d6e80000,0x00000000d727c190,0x00000000d7280000)
  to   space 4096K, 0% used [0x00000000d7280000,0x00000000d7280000,0x00000000d7680000)
 ParOldGen       total 68608K, used 2870K [0x0000000080000000, 0x0000000084300000, 0x00000000d5580000)
  object space 68608K, 4% used [0x0000000080000000,0x00000000802cdaa0,0x0000000084300000)
 Metaspace       used 15689K, committed 16256K, reserved 1114112K
  class space    used 1663K, committed 1920K, reserved 1048576K
}
Event: 12.211 GC heap after
{Heap after GC invocations=4 (full 0):
 PSYoungGen      total 29696K, used 4078K [0x00000000d5580000, 0x00000000d7680000, 0x0000000100000000)
  eden space 25600K, 0% used [0x00000000d5580000,0x00000000d5580000,0x00000000d6e80000)
  from space 4096K, 99% used [0x00000000d7280000,0x00000000d767ba38,0x00000000d7680000)
  to   space 4096K, 0% used [0x00000000d6e80000,0x00000000d6e80000,0x00000000d7280000)
 ParOldGen       total 68608K, used 9114K [0x0000000080000000, 0x0000000084300000, 0x00000000d5580000)
  object space 68608K, 13% used [0x0000000080000000,0x00000000808e6b50,0x0000000084300000)
 Metaspace       used 15689K, committed 16256K, reserved 1114112K
  class space    used 1663K, committed 1920K, reserved 1048576K
}
Event: 13.169 GC heap before
{Heap before GC invocations=5 (full 0):
 PSYoungGen      total 29696K, used 29678K [0x00000000d5580000, 0x00000000d7680000, 0x0000000100000000)
  eden space 25600K, 100% used [0x00000000d5580000,0x00000000d6e80000,0x00000000d6e80000)
  from space 4096K, 99% used [0x00000000d7280000,0x00000000d767ba38,0x00000000d7680000)
  to   space 4096K, 0% used [0x00000000d6e80000,0x00000000d6e80000,0x00000000d7280000)
 ParOldGen       total 68608K, used 9114K [0x0000000080000000, 0x0000000084300000, 0x00000000d5580000)
  object space 68608K, 13% used [0x0000000080000000,0x00000000808e6b50,0x0000000084300000)
 Metaspace       used 18928K, committed 19648K, reserved 1114112K
  class space    used 1887K, committed 2176K, reserved 1048576K
}
Event: 13.179 GC heap after
{Heap after GC invocations=5 (full 0):
 PSYoungGen      total 29184K, used 4071K [0x00000000d5580000, 0x00000000d7c00000, 0x0000000100000000)
  eden space 25088K, 0% used [0x00000000d5580000,0x00000000d5580000,0x00000000d6e00000)
  from space 4096K, 99% used [0x00000000d6e80000,0x00000000d7279da0,0x00000000d7280000)
  to   space 7168K, 0% used [0x00000000d7500000,0x00000000d7500000,0x00000000d7c00000)
 ParOldGen       total 68608K, used 9726K [0x0000000080000000, 0x0000000084300000, 0x00000000d5580000)
  object space 68608K, 14% used [0x0000000080000000,0x000000008097fb80,0x0000000084300000)
 Metaspace       used 18928K, committed 19648K, reserved 1114112K
  class space    used 1887K, committed 2176K, reserved 1048576K
}

Dll operation events (10 events):
Event: 0.129 Loaded shared library c:\Users\Om\.windsurf\extensions\redhat.java-1.53.0-win32-x64\jre\21.0.10-win32-x86_64\bin\java.dll
Event: 0.351 Loaded shared library c:\Users\Om\.windsurf\extensions\redhat.java-1.53.0-win32-x64\jre\21.0.10-win32-x86_64\bin\zip.dll
Event: 0.403 Loaded shared library C:\Users\Om\.windsurf\extensions\redhat.java-1.53.0-win32-x64\jre\21.0.10-win32-x86_64\bin\instrument.dll
Event: 0.416 Loaded shared library C:\Users\Om\.windsurf\extensions\redhat.java-1.53.0-win32-x64\jre\21.0.10-win32-x86_64\bin\net.dll
Event: 0.427 Loaded shared library C:\Users\Om\.windsurf\extensions\redhat.java-1.53.0-win32-x64\jre\21.0.10-win32-x86_64\bin\nio.dll
Event: 0.432 Loaded shared library C:\Users\Om\.windsurf\extensions\redhat.java-1.53.0-win32-x64\jre\21.0.10-win32-x86_64\bin\zip.dll
Event: 0.471 Loaded shared library C:\Users\Om\.windsurf\extensions\redhat.java-1.53.0-win32-x64\jre\21.0.10-win32-x86_64\bin\jimage.dll
Event: 0.641 Loaded shared library c:\Users\Om\.windsurf\extensions\redhat.java-1.53.0-win32-x64\jre\21.0.10-win32-x86_64\bin\verify.dll
Event: 4.673 Loaded shared library C:\Users\Om\AppData\Roaming\Windsurf\User\globalStorage\redhat.java\1.53.0\config_ss_win\org.eclipse.equinox.launcher\org.eclipse.equinox.launcher.win32.win32.x86_64_1.3.0.v20260203-2149\eclipse_11919.dll
Event: 12.056 Loaded shared library C:\Users\Om\AppData\Local\Temp\jna-2558\jna15912456176709851952.dll

Deoptimization events (20 events):
Event: 12.158 Thread 0x00000211aba5d130 Uncommon trap: trap_request=0xffffffc6 fr.pc=0x000002119fdf6ed4 relative=0x0000000000000a54
Event: 12.158 Thread 0x00000211aba5d130 Uncommon trap: reason=bimorphic_or_optimized_type_check action=maybe_recompile pc=0x000002119fdf6ed4 method=java.util.HashMap.putVal(ILjava/lang/Object;Ljava/lang/Object;ZZ)Ljava/lang/Object; @ 91 c2
Event: 12.158 Thread 0x00000211aba5d130 DEOPT PACKING pc=0x000002119fdf6ed4 sp=0x00000076c06f80f0
Event: 12.158 Thread 0x00000211aba5d130 DEOPT UNPACKING pc=0x000002119f7f3aa2 sp=0x00000076c06f8070 mode 2
Event: 12.596 Thread 0x00000211aba5d130 Uncommon trap: trap_request=0xffffffde fr.pc=0x000002119fe704d0 relative=0x0000000000000390
Event: 12.596 Thread 0x00000211aba5d130 Uncommon trap: reason=class_check action=maybe_recompile pc=0x000002119fe704d0 method=java.lang.String.<init>(Ljava/lang/AbstractStringBuilder;Ljava/lang/Void;)V @ 10 c2
Event: 12.596 Thread 0x00000211aba5d130 DEOPT PACKING pc=0x000002119fe704d0 sp=0x00000076c06f8780
Event: 12.596 Thread 0x00000211aba5d130 DEOPT UNPACKING pc=0x000002119f7f3aa2 sp=0x00000076c06f8750 mode 2
Event: 12.596 Thread 0x00000211aba5d130 Uncommon trap: trap_request=0xffffffde fr.pc=0x000002119fe704d0 relative=0x0000000000000390
Event: 12.596 Thread 0x00000211aba5d130 Uncommon trap: reason=class_check action=maybe_recompile pc=0x000002119fe704d0 method=java.lang.String.<init>(Ljava/lang/AbstractStringBuilder;Ljava/lang/Void;)V @ 10 c2
Event: 12.596 Thread 0x00000211aba5d130 DEOPT PACKING pc=0x000002119fe704d0 sp=0x00000076c06f8920
Event: 12.596 Thread 0x00000211aba5d130 DEOPT UNPACKING pc=0x000002119f7f3aa2 sp=0x00000076c06f88f0 mode 2
Event: 13.683 Thread 0x00000211aba5d130 Uncommon trap: trap_request=0xffffff45 fr.pc=0x000002119fe93384 relative=0x0000000000000164
Event: 13.683 Thread 0x00000211aba5d130 Uncommon trap: reason=unstable_if action=reinterpret pc=0x000002119fe93384 method=org.lombokweb.asm.ByteVector.putByteArray([BII)Lorg/lombokweb/asm/ByteVector; @ 20 c2
Event: 13.683 Thread 0x00000211aba5d130 DEOPT PACKING pc=0x000002119fe93384 sp=0x00000076c06f2a80
Event: 13.683 Thread 0x00000211aba5d130 DEOPT UNPACKING pc=0x000002119f7f3aa2 sp=0x00000076c06f2a50 mode 2
Event: 13.684 Thread 0x00000211aba5d130 Uncommon trap: trap_request=0xffffff45 fr.pc=0x000002119fe912d0 relative=0x0000000000000390
Event: 13.684 Thread 0x00000211aba5d130 Uncommon trap: reason=unstable_if action=reinterpret pc=0x000002119fe912d0 method=org.lombokweb.asm.Label.resolve([BLorg/lombokweb/asm/ByteVector;I)Z @ 81 c2
Event: 13.684 Thread 0x00000211aba5d130 DEOPT PACKING pc=0x000002119fe912d0 sp=0x00000076c06f2b10
Event: 13.684 Thread 0x00000211aba5d130 DEOPT UNPACKING pc=0x000002119f7f3aa2 sp=0x00000076c06f2a18 mode 2

Classes loaded (20 events):
Event: 12.516 Loading class java/io/StringReader
Event: 12.517 Loading class java/io/StringReader done
Event: 12.533 Loading class java/util/zip/GZIPInputStream
Event: 12.534 Loading class java/util/zip/GZIPInputStream done
Event: 12.543 Loading class java/net/SocketTimeoutException
Event: 12.545 Loading class java/io/InterruptedIOException
Event: 12.545 Loading class java/io/InterruptedIOException done
Event: 12.545 Loading class java/net/SocketTimeoutException done
Event: 12.545 Loading class java/net/SocketException
Event: 12.548 Loading class java/net/SocketException done
Event: 12.548 Loading class java/net/UnknownHostException
Event: 12.548 Loading class java/net/UnknownHostException done
Event: 12.549 Loading class java/net/ProtocolException
Event: 12.549 Loading class java/net/ProtocolException done
Event: 12.603 Loading class java/lang/ThreadLocal$SuppliedThreadLocal
Event: 12.603 Loading class java/lang/ThreadLocal$SuppliedThreadLocal done
Event: 12.639 Loading class java/io/FileWriter
Event: 12.639 Loading class java/io/FileWriter done
Event: 12.838 Loading class java/lang/NegativeArraySizeException
Event: 12.838 Loading class java/lang/NegativeArraySizeException done

Classes unloaded (0 events):
No events

Classes redefined (0 events):
No events

Internal exceptions (20 events):
Event: 12.113 Thread 0x00000211aba5d130 Exception <a 'java/lang/NoSuchMethodError'{0x00000000d6c21170}: 'void java.lang.invoke.DelegatingMethodHandle$Holder.reinvoke_L(java.lang.Object, java.lang.Object, int)'> (0x00000000d6c21170) 
thrown [s\src\hotspot\share\interpreter\linkResolver.cpp, line 773]
Event: 12.114 Thread 0x00000211aba5d130 Exception <a 'java/lang/NoSuchMethodError'{0x00000000d6c27e58}: 'int java.lang.invoke.Invokers$Holder.invokeExact_MT(java.lang.Object, java.lang.Object, java.lang.Object)'> (0x00000000d6c27e58) 
thrown [s\src\hotspot\share\interpreter\linkResolver.cpp, line 773]
Event: 12.160 Thread 0x00000211aba5d130 Exception <a 'java/lang/NoSuchMethodError'{0x00000000d6d3ad20}: 'void java.lang.invoke.Invokers$Holder.invokeExact_MT(java.lang.Object, java.lang.Object, int, java.lang.Object)'> (0x00000000d6d3ad20) 
thrown [s\src\hotspot\share\interpreter\linkResolver.cpp, line 773]
Event: 12.188 Thread 0x00000211aba5d130 Exception <a 'java/lang/NoSuchMethodError'{0x00000000d6e27c18}: 'java.lang.Object java.lang.invoke.DirectMethodHandle$Holder.invokeSpecial(java.lang.Object, java.lang.Object, java.lang.Object, long, java.lang.Object)'> (0x00000000d6e27c18) 
thrown [s\src\hotspot\share\interpreter\linkResolver.cpp, line 773]
Event: 12.189 Thread 0x00000211aba5d130 Exception <a 'java/lang/NoSuchMethodError'{0x00000000d6e2f460}: 'java.lang.Object java.lang.invoke.DirectMethodHandle$Holder.newInvokeSpecial(java.lang.Object, java.lang.Object, java.lang.Object, long)'> (0x00000000d6e2f460) 
thrown [s\src\hotspot\share\interpreter\linkResolver.cpp, line 773]
Event: 12.190 Thread 0x00000211aba5d130 Exception <a 'java/lang/NoSuchMethodError'{0x00000000d6e33810}: 'java.lang.Object java.lang.invoke.DirectMethodHandle$Holder.invokeSpecial(java.lang.Object, java.lang.Object, java.lang.Object, java.lang.Object, long)'> (0x00000000d6e33810) 
thrown [s\src\hotspot\share\interpreter\linkResolver.cpp, line 773]
Event: 12.190 Thread 0x00000211aba5d130 Exception <a 'java/lang/NoSuchMethodError'{0x00000000d6e37430}: 'java.lang.Object java.lang.invoke.Invokers$Holder.linkToTargetMethod(java.lang.Object, java.lang.Object, long, java.lang.Object)'> (0x00000000d6e37430) 
thrown [s\src\hotspot\share\interpreter\linkResolver.cpp, line 773]
Event: 12.229 Thread 0x00000211aba5d130 Exception <a 'java/lang/NoSuchMethodError'{0x00000000d55b4430}: 'int java.lang.invoke.DirectMethodHandle$Holder.invokeStaticInit(java.lang.Object, java.lang.Object, java.lang.Object)'> (0x00000000d55b4430) 
thrown [s\src\hotspot\share\interpreter\linkResolver.cpp, line 773]
Event: 12.245 Thread 0x00000211aba5d130 Exception <a 'java/lang/IncompatibleClassChangeError'{0x00000000d56a1c10}: Found class java.lang.Object, but interface was expected> (0x00000000d56a1c10) 
thrown [s\src\hotspot\share\interpreter\linkResolver.cpp, line 840]
Event: 12.259 Thread 0x00000211aba5d130 Exception <a 'java/lang/NoSuchMethodError'{0x00000000d56b7b70}: 'java.lang.Object java.lang.invoke.DirectMethodHandle$Holder.invokeSpecial(java.lang.Object, java.lang.Object, java.lang.Object, int, java.lang.Object, java.lang.Object)'> (0x00000000d56b7b70) 
thrown [s\src\hotspot\share\interpreter\linkResolver.cpp, line 773]
Event: 12.260 Thread 0x00000211aba5d130 Exception <a 'java/lang/NoSuchMethodError'{0x00000000d56bf648}: 'java.lang.Object java.lang.invoke.DirectMethodHandle$Holder.newInvokeSpecial(java.lang.Object, java.lang.Object, java.lang.Object, int, java.lang.Object)'> (0x00000000d56bf648) 
thrown [s\src\hotspot\share\interpreter\linkResolver.cpp, line 773]
Event: 12.261 Thread 0x00000211aba5d130 Exception <a 'java/lang/NoSuchMethodError'{0x00000000d56c35c8}: 'java.lang.Object java.lang.invoke.DirectMethodHandle$Holder.invokeSpecial(java.lang.Object, java.lang.Object, java.lang.Object, java.lang.Object, int, java.lang.Object)'> (0x00000000d56c35c8) 
thrown [s\src\hotspot\share\interpreter\linkResolver.cpp, line 773]
Event: 12.261 Thread 0x00000211aba5d130 Exception <a 'java/lang/NoSuchMethodError'{0x00000000d56c7108}: 'java.lang.Object java.lang.invoke.Invokers$Holder.linkToTargetMethod(java.lang.Object, java.lang.Object, int, java.lang.Object, java.lang.Object)'> (0x00000000d56c7108) 
thrown [s\src\hotspot\share\interpreter\linkResolver.cpp, line 773]
Event: 12.262 Thread 0x00000211eda30170 Exception <a 'java/lang/NoSuchMethodError'{0x00000000d5605a30}: 'java.lang.Object java.lang.invoke.DirectMethodHandle$Holder.invokeSpecial(java.lang.Object, java.lang.Object, int, java.lang.Object, java.lang.Object)'> (0x00000000d5605a30) 
thrown [s\src\hotspot\share\interpreter\linkResolver.cpp, line 773]
Event: 12.266 Thread 0x00000211eda30170 Exception <a 'java/lang/NoSuchMethodError'{0x00000000d560c768}: 'java.lang.Object java.lang.invoke.DirectMethodHandle$Holder.newInvokeSpecial(java.lang.Object, java.lang.Object, int, java.lang.Object)'> (0x00000000d560c768) 
thrown [s\src\hotspot\share\interpreter\linkResolver.cpp, line 773]
Event: 12.266 Thread 0x00000211eda30170 Exception <a 'java/lang/NoSuchMethodError'{0x00000000d5610048}: 'java.lang.Object java.lang.invoke.DirectMethodHandle$Holder.invokeSpecial(java.lang.Object, java.lang.Object, java.lang.Object, int, java.lang.Object)'> (0x00000000d5610048) 
thrown [s\src\hotspot\share\interpreter\linkResolver.cpp, line 773]
Event: 12.303 Thread 0x00000211aba5d130 Exception <a 'java/lang/NoSuchMethodError'{0x00000000d57f0330}: 'void java.lang.invoke.DirectMethodHandle$Holder.invokeSpecial(java.lang.Object, java.lang.Object, java.lang.Object, java.lang.Object, java.lang.Object)'> (0x00000000d57f0330) 
thrown [s\src\hotspot\share\interpreter\linkResolver.cpp, line 773]
Event: 12.436 Thread 0x00000211aba5d130 Exception <a 'java/lang/NoSuchMethodError'{0x00000000d5a1d530}: 'double java.lang.invoke.DirectMethodHandle$Holder.invokeStatic(java.lang.Object, java.lang.Object)'> (0x00000000d5a1d530) 
thrown [s\src\hotspot\share\interpreter\linkResolver.cpp, line 773]
Event: 12.437 Thread 0x00000211aba5d130 Exception <a 'java/lang/NoSuchMethodError'{0x00000000d5a20bf0}: 'double java.lang.invoke.DirectMethodHandle$Holder.invokeStaticInit(java.lang.Object, java.lang.Object)'> (0x00000000d5a20bf0) 
thrown [s\src\hotspot\share\interpreter\linkResolver.cpp, line 773]
Event: 13.682 Thread 0x00000211aba5d130 Implicit null exception at 0x000002119fe93275 to 0x000002119fe93368

ZGC Phase Switch (0 events):
No events

VM Operations (20 events):
Event: 5.898 Executing safepoint VM operation: Cleanup
Event: 5.898 Executing safepoint VM operation: Cleanup done
Event: 6.453 Executing safepoint VM operation: ParallelGCFailedAllocation (Allocation Failure)
Event: 6.465 Executing safepoint VM operation: ParallelGCFailedAllocation (Allocation Failure) done
Event: 6.740 Executing non-safepoint VM operation: HandshakeAllThreads (Deoptimize)
Event: 6.740 Executing non-safepoint VM operation: HandshakeAllThreads (Deoptimize) done
Event: 6.747 Executing non-safepoint VM operation: HandshakeAllThreads (Deoptimize)
Event: 6.748 Executing non-safepoint VM operation: HandshakeAllThreads (Deoptimize) done
Event: 6.810 Executing non-safepoint VM operation: HandshakeAllThreads (Deoptimize)
Event: 6.810 Executing non-safepoint VM operation: HandshakeAllThreads (Deoptimize) done
Event: 7.824 Executing safepoint VM operation: Cleanup
Event: 7.824 Executing safepoint VM operation: Cleanup done
Event: 10.856 Executing safepoint VM operation: Cleanup
Event: 10.856 Executing safepoint VM operation: Cleanup done
Event: 12.078 Executing non-safepoint VM operation: HandshakeAllThreads (Deoptimize)
Event: 12.078 Executing non-safepoint VM operation: HandshakeAllThreads (Deoptimize) done
Event: 12.197 Executing safepoint VM operation: ParallelGCFailedAllocation (Allocation Failure)
Event: 12.211 Executing safepoint VM operation: ParallelGCFailedAllocation (Allocation Failure) done
Event: 13.169 Executing safepoint VM operation: ParallelGCFailedAllocation (Allocation Failure)
Event: 13.179 Executing safepoint VM operation: ParallelGCFailedAllocation (Allocation Failure) done

Memory protections (0 events):
No events

Nmethod flushes (0 events):
No events

Events (20 events):
Event: 0.281 Thread 0x0000021195067470 Thread added: 0x00000211aba69d20
Event: 0.281 Thread 0x0000021195067470 Thread added: 0x00000211aba6b1c0
Event: 0.408 Thread 0x0000021195067470 Thread added: 0x00000211aba5b060
Event: 0.628 Thread 0x00000211aba6b1c0 Thread added: 0x00000211ed980e50
Event: 0.865 Thread 0x0000021195067470 Thread added: 0x00000211aba5b6f0
Event: 1.149 Thread 0x00000211ed980e50 Thread exited: 0x00000211ed980e50
Event: 1.330 Thread 0x00000211aba6b1c0 Thread added: 0x00000211ed9de930
Event: 1.672 Thread 0x00000211ed9de930 Thread exited: 0x00000211ed9de930
Event: 2.050 Thread 0x00000211aba6b1c0 Thread added: 0x00000211f2210d10
Event: 2.461 Thread 0x00000211f2210d10 Thread exited: 0x00000211f2210d10
Event: 2.768 Thread 0x00000211aba69d20 Thread added: 0x00000211f23de840
Event: 3.393 Thread 0x00000211f23de840 Thread exited: 0x00000211f23de840
Event: 3.847 Thread 0x0000021195067470 Thread added: 0x00000211aba5a340
Event: 4.650 Thread 0x0000021195067470 Thread added: 0x00000211aba5bd80
Event: 4.663 Thread 0x0000021195067470 Thread added: 0x00000211aba5d130
Event: 5.180 Thread 0x00000211aba5d130 Thread added: 0x00000211aba5caa0
Event: 6.000 Thread 0x00000211aba5d130 Thread added: 0x00000211aba5c410
Event: 12.128 Thread 0x00000211aba5d130 Thread added: 0x00000211eda2e730
Event: 12.197 Thread 0x00000211aba5d130 Thread added: 0x00000211eda30170
Event: 12.263 Thread 0x00000211aba5d130 Thread added: 0x00000211eda30e90


Dynamic libraries:
0x00007ff7ff020000 - 0x00007ff7ff02e000 	c:\Users\Om\.windsurf\extensions\redhat.java-1.53.0-win32-x64\jre\21.0.10-win32-x86_64\bin\java.exe
0x00007ffeb8fd0000 - 0x00007ffeb91c8000 	C:\WINDOWS\SYSTEM32\ntdll.dll
0x00007ffeb7bd0000 - 0x00007ffeb7c92000 	C:\WINDOWS\System32\KERNEL32.DLL
0x00007ffeb69c0000 - 0x00007ffeb6cb6000 	C:\WINDOWS\System32\KERNELBASE.dll
0x00007ffeb6cf0000 - 0x00007ffeb6df0000 	C:\WINDOWS\System32\ucrtbase.dll
0x00007ffe90b90000 - 0x00007ffe90bae000 	c:\Users\Om\.windsurf\extensions\redhat.java-1.53.0-win32-x64\jre\21.0.10-win32-x86_64\bin\VCRUNTIME140.dll
0x00007ffe92b00000 - 0x00007ffe92b18000 	c:\Users\Om\.windsurf\extensions\redhat.java-1.53.0-win32-x64\jre\21.0.10-win32-x86_64\bin\jli.dll
0x00007ffeb76f0000 - 0x00007ffeb7891000 	C:\WINDOWS\System32\USER32.dll
0x00007ffeabc20000 - 0x00007ffeabebb000 	C:\WINDOWS\WinSxS\amd64_microsoft.windows.common-controls_6595b64144ccf1df_6.0.19041.6456_none_60b8a6cb71f64256\COMCTL32.dll
0x00007ffeb6fc0000 - 0x00007ffeb6fe2000 	C:\WINDOWS\System32\win32u.dll
0x00007ffeb75f0000 - 0x00007ffeb768e000 	C:\WINDOWS\System32\msvcrt.dll
0x00007ffeb6ff0000 - 0x00007ffeb701b000 	C:\WINDOWS\System32\GDI32.dll
0x00007ffeb68a0000 - 0x00007ffeb69b9000 	C:\WINDOWS\System32\gdi32full.dll
0x00007ffeb6df0000 - 0x00007ffeb6e8d000 	C:\WINDOWS\System32\msvcp_win.dll
0x00007ffeb78a0000 - 0x00007ffeb78cf000 	C:\WINDOWS\System32\IMM32.DLL
0x00007ffeae770000 - 0x00007ffeae77c000 	c:\Users\Om\.windsurf\extensions\redhat.java-1.53.0-win32-x64\jre\21.0.10-win32-x86_64\bin\vcruntime140_1.dll
0x00007ffe89f60000 - 0x00007ffe89fed000 	c:\Users\Om\.windsurf\extensions\redhat.java-1.53.0-win32-x64\jre\21.0.10-win32-x86_64\bin\msvcp140.dll
0x00007ffe74ff0000 - 0x00007ffe75d91000 	c:\Users\Om\.windsurf\extensions\redhat.java-1.53.0-win32-x64\jre\21.0.10-win32-x86_64\bin\server\jvm.dll
0x00007ffeb7b00000 - 0x00007ffeb7bb1000 	C:\WINDOWS\System32\ADVAPI32.dll
0x00007ffeb7a00000 - 0x00007ffeb7a9f000 	C:\WINDOWS\System32\sechost.dll
0x00007ffeb8e70000 - 0x00007ffeb8f90000 	C:\WINDOWS\System32\RPCRT4.dll
0x00007ffeb6cc0000 - 0x00007ffeb6ce7000 	C:\WINDOWS\System32\bcrypt.dll
0x00007ffeb7f10000 - 0x00007ffeb7f7b000 	C:\WINDOWS\System32\WS2_32.dll
0x00007ffeb64c0000 - 0x00007ffeb650b000 	C:\WINDOWS\SYSTEM32\POWRPROF.dll
0x00007ffea9280000 - 0x00007ffea92a7000 	C:\WINDOWS\SYSTEM32\WINMM.dll
0x00007ffeb1a50000 - 0x00007ffeb1a5a000 	C:\WINDOWS\SYSTEM32\VERSION.dll
0x00007ffeb64a0000 - 0x00007ffeb64b2000 	C:\WINDOWS\SYSTEM32\UMPDC.dll
0x00007ffeb4e80000 - 0x00007ffeb4e92000 	C:\WINDOWS\SYSTEM32\kernel.appcore.dll
0x00007ffea77a0000 - 0x00007ffea77aa000 	c:\Users\Om\.windsurf\extensions\redhat.java-1.53.0-win32-x64\jre\21.0.10-win32-x86_64\bin\jimage.dll
0x00007ffeb4b20000 - 0x00007ffeb4d21000 	C:\WINDOWS\SYSTEM32\DBGHELP.DLL
0x00007ffea9ac0000 - 0x00007ffea9af4000 	C:\WINDOWS\SYSTEM32\dbgcore.DLL
0x00007ffeb6660000 - 0x00007ffeb66e2000 	C:\WINDOWS\System32\bcryptPrimitives.dll
0x00007ffea7730000 - 0x00007ffea773f000 	c:\Users\Om\.windsurf\extensions\redhat.java-1.53.0-win32-x64\jre\21.0.10-win32-x86_64\bin\instrument.dll
0x00007ffe909e0000 - 0x00007ffe90a00000 	c:\Users\Om\.windsurf\extensions\redhat.java-1.53.0-win32-x64\jre\21.0.10-win32-x86_64\bin\java.dll
0x00007ffeb7f80000 - 0x00007ffeb86f0000 	C:\WINDOWS\System32\SHELL32.dll
0x00007ffeb42a0000 - 0x00007ffeb4a45000 	C:\WINDOWS\SYSTEM32\windows.storage.dll
0x00007ffeb71a0000 - 0x00007ffeb74f4000 	C:\WINDOWS\System32\combase.dll
0x00007ffeb5ed0000 - 0x00007ffeb5efb000 	C:\WINDOWS\SYSTEM32\Wldp.dll
0x00007ffeb7020000 - 0x00007ffeb70ed000 	C:\WINDOWS\System32\OLEAUT32.dll
0x00007ffeb78d0000 - 0x00007ffeb797d000 	C:\WINDOWS\System32\SHCORE.dll
0x00007ffeb7eb0000 - 0x00007ffeb7f0b000 	C:\WINDOWS\System32\shlwapi.dll
0x00007ffeb6590000 - 0x00007ffeb65b4000 	C:\WINDOWS\SYSTEM32\profapi.dll
0x00007ffe905d0000 - 0x00007ffe905e8000 	c:\Users\Om\.windsurf\extensions\redhat.java-1.53.0-win32-x64\jre\21.0.10-win32-x86_64\bin\zip.dll
0x00007ffea4b90000 - 0x00007ffea4ba0000 	C:\Users\Om\.windsurf\extensions\redhat.java-1.53.0-win32-x64\jre\21.0.10-win32-x86_64\bin\net.dll
0x00007ffeaea70000 - 0x00007ffeaeb7a000 	C:\WINDOWS\SYSTEM32\WINHTTP.dll
0x00007ffeb5cb0000 - 0x00007ffeb5d1a000 	C:\WINDOWS\system32\mswsock.dll
0x00007ffe905b0000 - 0x00007ffe905c6000 	C:\Users\Om\.windsurf\extensions\redhat.java-1.53.0-win32-x64\jre\21.0.10-win32-x86_64\bin\nio.dll
0x00007ffea4a30000 - 0x00007ffea4a40000 	c:\Users\Om\.windsurf\extensions\redhat.java-1.53.0-win32-x64\jre\21.0.10-win32-x86_64\bin\verify.dll
0x00007ffe8e770000 - 0x00007ffe8e7b5000 	C:\Users\Om\AppData\Roaming\Windsurf\User\globalStorage\redhat.java\1.53.0\config_ss_win\org.eclipse.equinox.launcher\org.eclipse.equinox.launcher.win32.win32.x86_64_1.3.0.v20260203-2149\eclipse_11919.dll
0x00007ffeb86f0000 - 0x00007ffeb881b000 	C:\WINDOWS\System32\ole32.dll
0x00007ffeb5f10000 - 0x00007ffeb5f28000 	C:\WINDOWS\SYSTEM32\CRYPTSP.dll
0x00007ffeb55f0000 - 0x00007ffeb5628000 	C:\WINDOWS\system32\rsaenh.dll
0x00007ffeb6550000 - 0x00007ffeb657e000 	C:\WINDOWS\SYSTEM32\USERENV.dll
0x00007ffeb5e40000 - 0x00007ffeb5e4c000 	C:\WINDOWS\SYSTEM32\CRYPTBASE.dll
0x00007ffeb59b0000 - 0x00007ffeb59eb000 	C:\WINDOWS\SYSTEM32\IPHLPAPI.DLL
0x00007ffeb7500000 - 0x00007ffeb7508000 	C:\WINDOWS\System32\NSI.dll
0x00007ffe896b0000 - 0x00007ffe896f9000 	C:\Users\Om\AppData\Local\Temp\jna-2558\jna15912456176709851952.dll
0x00007ffeb8e40000 - 0x00007ffeb8e48000 	C:\WINDOWS\System32\PSAPI.DLL

JVMTI agents:
c:\Users\Om\.windsurf\extensions\redhat.java-1.53.0-win32-x64\lombok\lombok-1.18.39-4050.jar path:c:\Users\Om\.windsurf\extensions\redhat.java-1.53.0-win32-x64\jre\21.0.10-win32-x86_64\bin\instrument.dll, loaded, initialized, instrumentlib options:none

dbghelp: loaded successfully - version: 4.0.5 - missing functions: none
symbol engine: initialized successfully - sym options: 0x614 - pdb path: .;c:\Users\Om\.windsurf\extensions\redhat.java-1.53.0-win32-x64\jre\21.0.10-win32-x86_64\bin;C:\WINDOWS\SYSTEM32;C:\WINDOWS\WinSxS\amd64_microsoft.windows.common-controls_6595b64144ccf1df_6.0.19041.6456_none_60b8a6cb71f64256;c:\Users\Om\.windsurf\extensions\redhat.java-1.53.0-win32-x64\jre\21.0.10-win32-x86_64\bin\server;C:\Users\Om\AppData\Roaming\Windsurf\User\globalStorage\redhat.java\1.53.0\config_ss_win\org.eclipse.equinox.launcher\org.eclipse.equinox.launcher.win32.win32.x86_64_1.3.0.v20260203-2149;C:\Users\Om\AppData\Local\Temp\jna-2558

VM Arguments:
jvm_args: --add-modules=ALL-SYSTEM --add-opens=java.base/java.util=ALL-UNNAMED --add-opens=java.base/java.lang=ALL-UNNAMED --add-opens=java.base/sun.nio.fs=ALL-UNNAMED -Declipse.application=org.eclipse.jdt.ls.core.id1 -Dosgi.bundles.defaultStartLevel=4 -Declipse.product=org.eclipse.jdt.ls.core.product -Djava.import.generatesMetadataFilesAtProjectRoot=false -DDetectVMInstallationsJob.disabled=true -Dfile.encoding=utf8 -XX:+UseParallelGC -XX:GCTimeRatio=4 -XX:AdaptiveSizePolicyWeight=90 -Dsun.zip.disableMemoryMapping=true -Xmx2G -Xms100m -Xlog:disable -javaagent:c:\Users\Om\.windsurf\extensions\redhat.java-1.53.0-win32-x64\lombok\lombok-1.18.39-4050.jar 
java_command: c:\Users\Om\.windsurf\extensions\redhat.java-1.53.0-win32-x64\server\plugins\org.eclipse.equinox.launcher_1.7.100.v20251111-0406.jar -configuration c:\Users\Om\AppData\Roaming\Windsurf\User\globalStorage\redhat.java\1.53.0\config_ss_win -data c:\Users\Om\AppData\Roaming\Windsurf\User\workspaceStorage\13f5442babf708a56aa4b164ba688d54\redhat.java\ss_ws --pipe=\\.\pipe\lsp-0957671d70efe9d4bb9c5686735978b7-sock
java_class_path (initial): c:\Users\Om\.windsurf\extensions\redhat.java-1.53.0-win32-x64\server\plugins\org.eclipse.equinox.launcher_1.7.100.v20251111-0406.jar
Launcher Type: SUN_STANDARD

[Global flags]
    uintx AdaptiveSizePolicyWeight                 = 90                                        {product} {command line}
     intx CICompilerCount                          = 3                                         {product} {ergonomic}
    uintx GCTimeRatio                              = 4                                         {product} {command line}
   size_t InitialHeapSize                          = 104857600                                 {product} {command line}
   size_t MaxHeapSize                              = 2147483648                                {product} {command line}
   size_t MaxNewSize                               = 715653120                                 {product} {ergonomic}
   size_t MinHeapDeltaBytes                        = 524288                                    {product} {ergonomic}
   size_t MinHeapSize                              = 104857600                                 {product} {command line}
   size_t NewSize                                  = 34603008                                  {product} {ergonomic}
    uintx NonNMethodCodeHeapSize                   = 5832780                                {pd product} {ergonomic}
    uintx NonProfiledCodeHeapSize                  = 122912730                              {pd product} {ergonomic}
   size_t OldSize                                  = 70254592                                  {product} {ergonomic}
    uintx ProfiledCodeHeapSize                     = 122912730                              {pd product} {ergonomic}
    uintx ReservedCodeCacheSize                    = 251658240                              {pd product} {ergonomic}
     bool SegmentedCodeCache                       = true                                      {product} {ergonomic}
   size_t SoftMaxHeapSize                          = 2147483648                             {manageable} {ergonomic}
     bool UseCompressedOops                        = true                           {product lp64_product} {ergonomic}
     bool UseLargePagesIndividualAllocation        = false                                  {pd product} {ergonomic}
     bool UseParallelGC                            = true                                      {product} {command line}

Logging:
Log output configuration:
 #0: stdout all=off uptime,level,tags foldmultilines=false
 #1: stderr all=off uptime,level,tags foldmultilines=false

Release file:
JAVA_VERSION="21.0.10" 
MODULES="java.base java.compiler java.datatransfer java.xml java.prefs java.desktop java.instrument java.logging java.management java.security.sasl java.naming java.rmi java.management.rmi java.net.http java.scripting java.security.jgss java.transaction.xa java.sql java.sql.rowset java.xml.crypto java.se java.smartcardio jdk.accessibility jdk.internal.jvmstat jdk.attach jdk.charsets jdk.internal.opt jdk.zipfs jdk.compiler jdk.crypto.ec jdk.crypto.cryptoki jdk.crypto.mscapi jdk.dynalink jdk.internal.ed jdk.editpad jdk.hotspot.agent jdk.httpserver jdk.internal.le jdk.internal.vm.ci jdk.internal.vm.compiler jdk.internal.vm.compiler.management jdk.jartool jdk.javadoc jdk.jcmd jdk.management jdk.management.agent jdk.jconsole jdk.jdeps jdk.jdwp.agent jdk.jdi jdk.jfr jdk.jshell jdk.jsobject jdk.jstatd jdk.localedata jdk.management.jfr jdk.naming.dns jdk.naming.rmi jdk.net jdk.nio.mapmode jdk.random jdk.sctp jdk.security.auth jdk.security.jgss jdk.unsupported jdk.unsupported.desktop jdk.xml.dom" 

Environment Variables:
JAVA_HOME=C:\Program Files\Java\jdk-17
PATH=E:\apache-maven-3.9.11\bin;C:\Program Files\Common Files\Oracle\Java\javapath;C:\Program Files (x86)\Common Files\Oracle\Java\java8path;C:\Program Files (x86)\Common Files\Oracle\Java\javapath;C:\Python313\Scripts\;C:\Python313\;C:\WINDOWS\system32;C:\WINDOWS;C:\WINDOWS\System32\Wbem;C:\WINDOWS\System32\WindowsPowerShell\v1.0\;C:\WINDOWS\System32\OpenSSH\;F:\MongoDB\mongosh-2.3.3-win32-x64\mongosh-2.3.3-win32-x64\bin;C:\Program Files\Microsoft SQL Server\150\Tools\Binn\;C:\Program Files\MySQL\MySQL Server 8.0\bin;C:\Program Files\Git\cmd;C:\Program Files\nodejs\;C:\ProgramData\chocolatey\bin;C:\Program Files\nodejs;C:\Users\Om\AppData\Roaming\npm;D:\TypeScript\codes;C:\Program Files (x86)\Windows Kits\10\Windows Performance Toolkit\;%JAVA_HOME%\bin;C:\Program Files\Eclipse Adoptium\jre-11.0.28.6-hotspot\bin;C:\Program Files\Eclipse Adoptium\jdk-11.0.28.6-hotspot\bin;C:\Program Files\Java\jdk1.8.0_111\bin;C:\Python313\Scripts\;C:\Python313\;C:\ProgramData\Oracle\Java\javapath;C:\app\Om\product\21c\dbhomeXE\bin;C:\WINDOWS\system32;C:\WINDOWS;C:\WINDOWS\System32\Wbem;C:\WINDOWS\System32\WindowsPowerShell\v1.0\;C:\WINDOWS\System32\OpenSSH\;F:\MongoDB\mongosh-2.3.3-win32-x64\mongosh-2.3.3-win32-x64\bin;C:\Program Files\Microsoft SQL Server\150\Tools\Binn\;C:\Program Files\MySQL\MySQL Server 8.0\bin;C:\Program Files\Git\cmd;C:\Program Files\nodejs\;C:\ProgramData\chocolatey\bin;C:\Program Files\nodejs;C:\Users\Om\AppData\Roaming\npm;D:\TypeScript\codes;C:\Program Files (x86)\Windows Kits\10\Windows Performance Toolkit\;E:\apache-maven-3.9.11\bin;C:\Program Files\MySQL\MySQL Shell 8.0\bin\;C:\Users\Om\AppData\Local\Microsoft\WindowsApps;C:\Users\Om\AppData\Local\Programs\Microsoft VS Code\bin;C:\Users\Om\AppData\Roaming\npm;C:\Users\Om\AppData\Local\Programs\Windsurf\bin;C:\Users\Om\AppData\Local\Programs\cursor\resources\app\bin;C:\Program Files\Java\jdk1.8.0_111\bin;C:\Users\Om\AppData\Local\GitHubDesktop\bin
USERNAME=Om
OS=Windows_NT
PROCESSOR_IDENTIFIER=Intel64 Family 6 Model 142 Stepping 9, GenuineIntel
TMP=C:\Users\Om\AppData\Local\Temp
TEMP=C:\Users\Om\AppData\Local\Temp




Periodic native trim disabled

---------------  S Y S T E M  ---------------

OS:
 Windows 10 , 64 bit Build 19041 (10.0.19041.5915)
OS uptime: 1 days 16:50 hours
Hyper-V role detected

CPU: total 4 (initial active 4) (2 cores per cpu, 2 threads per core) family 6 model 142 stepping 9 microcode 0xb4, cx8, cmov, fxsr, ht, mmx, 3dnowpref, sse, sse2, sse3, ssse3, sse4.1, sse4.2, popcnt, lzcnt, tsc, tscinvbit, avx, avx2, aes, erms, clmul, bmi1, bmi2, adx, fma, vzeroupper, clflush, clflushopt, hv, rdtscp, f16c
Processor Information for the first 4 processors :
  Max Mhz: 2300, Current Mhz: 2300, Mhz Limit: 2300

Memory: 4k page, system-wide physical 3962M (217M free)
TotalPageFile size 16250M (AvailPageFile size 3M)
current process WorkingSet (physical memory assigned to process): 141M, peak: 141M
current process commit charge ("private bytes"): 262M, peak: 265M

vm_info: OpenJDK 64-Bit Server VM (21.0.10+7-LTS) for windows-amd64 JRE (21.0.10+7-LTS), built on 2026-01-20T00:00:00Z by "admin" with MS VC++ 17.12 (VS2022)

END.
