#
# There is insufficient memory for the Java Runtime Environment to continue.
# Native memory allocation (malloc) failed to allocate 1048576 bytes. Error detail: AllocateHeap
# Possible reasons:
#   The system is out of physical RAM or swap space
#   This process is running with CompressedOops enabled, and the Java Heap may be blocking the growth of the native heap
# Possible solutions:
#   Reduce memory load on the system
#   Increase physical memory or swap space
#   Check if swap backing store is full
#   Decrease Java heap size (-Xmx/-Xms)
#   Decrease number of Java threads
#   Decrease Java thread stack sizes (-Xss)
#   Set larger code cache with -XX:ReservedCodeCacheSize=
#   JVM is running with Unscaled Compressed Oops mode in which the Java heap is
#     placed in the first 4GB address space. The Java Heap base address is the
#     maximum limit for the native heap growth. Please use -XX:HeapBaseMinAddress
#     to set the Java Heap base and to place the Java Heap above 4GB virtual address.
# This output file may be truncated or incomplete.
#
#  Out of Memory Error (allocation.cpp:44), pid=9832, tid=8492
#
# JRE version: OpenJDK Runtime Environment Temurin-21.0.10+7 (21.0.10+7) (build 21.0.10+7-LTS)
# Java VM: OpenJDK 64-Bit Server VM Temurin-21.0.10+7 (21.0.10+7-LTS, mixed mode, sharing, tiered, compressed oops, compressed class ptrs, parallel gc, windows-amd64)
# No core dump will be written. Minidumps are not enabled by default on client versions of Windows
#

---------------  S U M M A R Y ------------

Command Line: --add-modules=ALL-SYSTEM --add-opens=java.base/java.util=ALL-UNNAMED --add-opens=java.base/java.lang=ALL-UNNAMED --add-opens=java.base/sun.nio.fs=ALL-UNNAMED -Declipse.application=org.eclipse.jdt.ls.core.id1 -Dosgi.bundles.defaultStartLevel=4 -Declipse.product=org.eclipse.jdt.ls.core.product -Djava.import.generatesMetadataFilesAtProjectRoot=false -DDetectVMInstallationsJob.disabled=true -Dfile.encoding=utf8 -XX:+UseParallelGC -XX:GCTimeRatio=4 -XX:AdaptiveSizePolicyWeight=90 -Dsun.zip.disableMemoryMapping=true -Xmx2G -Xms100m -Xlog:disable -javaagent:c:\Users\Om\.windsurf\extensions\redhat.java-1.53.0-win32-x64\lombok\lombok-1.18.39-4050.jar -XX:+HeapDumpOnOutOfMemoryError -XX:HeapDumpPath=c:\Users\Om\AppData\Roaming\Windsurf\User\workspaceStorage\13f5442babf708a56aa4b164ba688d54\redhat.java -Daether.dependencyCollector.impl=bf c:\Users\Om\.windsurf\extensions\redhat.java-1.53.0-win32-x64\server\plugins\org.eclipse.equinox.launcher_1.7.100.v20251111-0406.jar -configuration c:\Users\Om\AppData\Roaming\Windsurf\User\globalStorage\redhat.java\1.53.0\config_win -data c:\Users\Om\AppData\Roaming\Windsurf\User\workspaceStorage\13f5442babf708a56aa4b164ba688d54\redhat.java\jdt_ws --pipe=\\.\pipe\lsp-74c8f240f46f1d59e33b4eda15572d4a-sock

Host: Intel(R) Core(TM) i3-7020U CPU @ 2.30GHz, 4 cores, 3G,  Windows 10 , 64 bit Build 19041 (10.0.19041.5915)
Time: Wed Mar  4 16:38:34 2026 India Standard Time elapsed time: 2080.694157 seconds (0d 0h 34m 40s)

---------------  T H R E A D  ---------------

Current thread (0x000002c766964c80):  JavaThread "Attach Listener" daemon [_thread_in_vm, id=8492, stack(0x000000c796a00000,0x000000c796b00000) (1024K)]

Stack: [0x000000c796a00000,0x000000c796b00000]
Native frames: (J=compiled Java code, j=interpreted, Vv=VM code, C=native code)
V  [jvm.dll+0x6d7a39]
V  [jvm.dll+0x8b4b26]
V  [jvm.dll+0x8b70de]
V  [jvm.dll+0x8b77c3]
V  [jvm.dll+0x284346]
V  [jvm.dll+0xc1277]
V  [jvm.dll+0x6d82e9]
V  [jvm.dll+0x1334a6]
V  [jvm.dll+0x3f857e]
V  [jvm.dll+0x85f59d]
V  [jvm.dll+0x6d626d]
C  [ucrtbase.dll+0x21bb2]
C  [KERNEL32.DLL+0x17374]
C  [ntdll.dll+0x4cc91]


---------------  P R O C E S S  ---------------

Threads class SMR info:
_java_thread_list=0x000002c746895230, length=31, elements={
0x000002c766a72d70, 0x000002c76695ccd0, 0x000002c76695e320, 0x000002c766963da0,
0x000002c766964c80, 0x000002c766967bf0, 0x000002c766968650, 0x000002c766969490,
0x000002c7669d87c0, 0x000002c77e0f64b0, 0x000002c77e2920a0, 0x000002c77e2fdca0,
0x000002c77e17d6a0, 0x000002c77e4b11c0, 0x000002c77e4b1c00, 0x000002c77f0e5320,
0x000002c77f0bc0e0, 0x000002c77ea248f0, 0x000002c77e8bd6b0, 0x000002c77e8bf780,
0x000002c745caf740, 0x000002c745cac2c0, 0x000002c745cb0af0, 0x000002c745cab5a0,
0x000002c745cafdd0, 0x000002c745cabc30, 0x000002c745cb1180, 0x000002c745cac950,
0x000002c77fb65a30, 0x000002c77fb660c0, 0x000002c77fb68190
}

Java Threads: ( => current thread )
  0x000002c766a72d70 JavaThread "main"                              [_thread_blocked, id=10788, stack(0x000000c796300000,0x000000c796400000) (1024K)]
  0x000002c76695ccd0 JavaThread "Reference Handler"          daemon [_thread_blocked, id=12928, stack(0x000000c796700000,0x000000c796800000) (1024K)]
  0x000002c76695e320 JavaThread "Finalizer"                  daemon [_thread_blocked, id=12140, stack(0x000000c796800000,0x000000c796900000) (1024K)]
  0x000002c766963da0 JavaThread "Signal Dispatcher"          daemon [_thread_blocked, id=4640, stack(0x000000c796900000,0x000000c796a00000) (1024K)]
=>0x000002c766964c80 JavaThread "Attach Listener"            daemon [_thread_in_vm, id=8492, stack(0x000000c796a00000,0x000000c796b00000) (1024K)]
  0x000002c766967bf0 JavaThread "Service Thread"             daemon [_thread_blocked, id=1416, stack(0x000000c796b00000,0x000000c796c00000) (1024K)]
  0x000002c766968650 JavaThread "Monitor Deflation Thread"   daemon [_thread_blocked, id=13520, stack(0x000000c796c00000,0x000000c796d00000) (1024K)]
  0x000002c766969490 JavaThread "C2 CompilerThread0"         daemon [_thread_blocked, id=3064, stack(0x000000c796d00000,0x000000c796e00000) (1024K)]
  0x000002c7669d87c0 JavaThread "C1 CompilerThread0"         daemon [_thread_blocked, id=12668, stack(0x000000c796e00000,0x000000c796f00000) (1024K)]
  0x000002c77e0f64b0 JavaThread "Common-Cleaner"             daemon [_thread_blocked, id=6484, stack(0x000000c796f00000,0x000000c797000000) (1024K)]
  0x000002c77e2920a0 JavaThread "Notification Thread"        daemon [_thread_blocked, id=5020, stack(0x000000c797000000,0x000000c797100000) (1024K)]
  0x000002c77e2fdca0 JavaThread "Active Thread: Equinox Container: 9cfa242c-661c-4aff-b114-2369a4d4963a"        [_thread_blocked, id=4180, stack(0x000000c797400000,0x000000c797500000) (1024K)]
  0x000002c77e17d6a0 JavaThread "Refresh Thread: Equinox Container: 9cfa242c-661c-4aff-b114-2369a4d4963a" daemon [_thread_blocked, id=12836, stack(0x000000c797500000,0x000000c797600000) (1024K)]
  0x000002c77e4b11c0 JavaThread "Framework Event Dispatcher: Equinox Container: 9cfa242c-661c-4aff-b114-2369a4d4963a" daemon [_thread_blocked, id=8624, stack(0x000000c797600000,0x000000c797700000) (1024K)]
  0x000002c77e4b1c00 JavaThread "Start Level: Equinox Container: 9cfa242c-661c-4aff-b114-2369a4d4963a" daemon [_thread_blocked, id=6616, stack(0x000000c797700000,0x000000c797800000) (1024K)]
  0x000002c77f0e5320 JavaThread "Bundle File Closer"         daemon [_thread_blocked, id=12388, stack(0x000000c797800000,0x000000c797900000) (1024K)]
  0x000002c77f0bc0e0 JavaThread "SCR Component Actor"        daemon [_thread_blocked, id=7864, stack(0x000000c797900000,0x000000c797a00000) (1024K)]
  0x000002c77ea248f0 JavaThread "Worker-JM"                         [_thread_blocked, id=7568, stack(0x000000c797a00000,0x000000c797b00000) (1024K)]
  0x000002c77e8bd6b0 JavaThread "JNA Cleaner"                daemon [_thread_blocked, id=14180, stack(0x000000c797b00000,0x000000c797c00000) (1024K)]
  0x000002c77e8bf780 JavaThread "Java indexing"              daemon [_thread_blocked, id=11664, stack(0x000000c797f00000,0x000000c798000000) (1024K)]
  0x000002c745caf740 JavaThread "Thread-1"                   daemon [_thread_in_native, id=14044, stack(0x000000c798400000,0x000000c798500000) (1024K)]
  0x000002c745cac2c0 JavaThread "Thread-2"                   daemon [_thread_in_native, id=9512, stack(0x000000c798500000,0x000000c798600000) (1024K)]
  0x000002c745cb0af0 JavaThread "Thread-3"                   daemon [_thread_in_native, id=4604, stack(0x000000c798600000,0x000000c798700000) (1024K)]
  0x000002c745cab5a0 JavaThread "Thread-4"                   daemon [_thread_in_native, id=11464, stack(0x000000c798700000,0x000000c798800000) (1024K)]
  0x000002c745cafdd0 JavaThread "Thread-5"                   daemon [_thread_in_native, id=12824, stack(0x000000c798800000,0x000000c798900000) (1024K)]
  0x000002c745cabc30 JavaThread "pool-2-thread-1"                   [_thread_blocked, id=10496, stack(0x000000c798900000,0x000000c798a00000) (1024K)]
  0x000002c745cb1180 JavaThread "WorkspaceEventsHandler"            [_thread_blocked, id=7852, stack(0x000000c798a00000,0x000000c798b00000) (1024K)]
  0x000002c745cac950 JavaThread "pool-1-thread-1"                   [_thread_blocked, id=11524, stack(0x000000c798b00000,0x000000c798c00000) (1024K)]
  0x000002c77fb65a30 JavaThread "Worker-6"                          [_thread_blocked, id=3948, stack(0x000000c796000000,0x000000c796100000) (1024K)]
  0x000002c77fb660c0 JavaThread "Compiler Source File Reader" daemon [_thread_blocked, id=13736, stack(0x000000c796100000,0x000000c796200000) (1024K)]
  0x000002c77fb68190 JavaThread "Worker-7"                          [_thread_blocked, id=7080, stack(0x000000c797c00000,0x000000c797d00000) (1024K)]
Total: 31

Other Threads:
  0x000002c766b31b20 VMThread "VM Thread"                           [id=1780, stack(0x000000c796600000,0x000000c796700000) (1024K)]
  0x000002c76690cb50 WatcherThread "VM Periodic Task Thread"        [id=4220, stack(0x000000c796500000,0x000000c796600000) (1024K)]
  0x000002c766a90a60 WorkerThread "GC Thread#0"                     [id=5892, stack(0x000000c796400000,0x000000c796500000) (1024K)]
  0x000002c77e37ec80 WorkerThread "GC Thread#1"                     [id=1160, stack(0x000000c797100000,0x000000c797200000) (1024K)]
  0x000002c77e37f430 WorkerThread "GC Thread#2"                     [id=3464, stack(0x000000c797200000,0x000000c797300000) (1024K)]
  0x000002c77e37f7e0 WorkerThread "GC Thread#3"                     [id=2900, stack(0x000000c797300000,0x000000c797400000) (1024K)]
Total: 6

Threads with active compile tasks:
Total: 0

VM state: not at safepoint (normal execution)

VM Mutex/Monitor currently owned by a thread: None

Heap address: 0x0000000080000000, size: 2048 MB, Compressed Oops mode: 32-bit

CDS archive(s) mapped at: [0x000002c700000000-0x000002c700ba0000-0x000002c700ba0000), size 12189696, SharedBaseAddress: 0x000002c700000000, ArchiveRelocationMode: 1.
Compressed class space mapped at: 0x000002c701000000-0x000002c741000000, reserved size: 1073741824
Narrow klass base: 0x000002c700000000, Narrow klass shift: 0, Narrow klass range: 0x100000000

GC Precious Log:
 CardTable entry size: 512
 CPUs: 4 total, 4 available
 Memory: 3962M
 Large Page Support: Disabled
 NUMA Support: Disabled
 Compressed Oops: Enabled (32-bit)
 Alignments: Space 512K, Generation 512K, Heap 2M
 Heap Min Capacity: 100M
 Heap Initial Capacity: 100M
 Heap Max Capacity: 2G
 Pre-touch: Disabled
 Parallel Workers: 4

Heap:
 PSYoungGen      total 2560K, used 2190K [0x00000000d5580000, 0x00000000d6000000, 0x0000000100000000)
  eden space 512K, 33% used [0x00000000d5580000,0x00000000d55aac18,0x00000000d5600000)
  from space 2048K, 98% used [0x00000000d5a00000,0x00000000d5bf8c98,0x00000000d5c00000)
  to   space 4096K, 0% used [0x00000000d5600000,0x00000000d5600000,0x00000000d5a00000)
 ParOldGen       total 289280K, used 289125K [0x0000000080000000, 0x0000000091a80000, 0x00000000d5580000)
  object space 289280K, 99% used [0x0000000080000000,0x0000000091a59798,0x0000000091a80000)
 Metaspace       used 69927K, committed 71552K, reserved 1114112K
  class space    used 7130K, committed 7872K, reserved 1048576K

Card table byte_map: [0x000002c766420000,0x000002c766830000] _byte_map_base: 0x000002c766020000

Marking Bits: (ParMarkBitMap*) 0x00007ffb6f743450
 Begin Bits: [0x000002c778f30000, 0x000002c77af30000)
 End Bits:   [0x000002c77af30000, 0x000002c77cf30000)

Polling page: 0x000002c7647c0000

Metaspace:

Usage:
  Non-class:     61.33 MB used.
      Class:      6.96 MB used.
       Both:     68.29 MB used.

Virtual space:
  Non-class space:       64.00 MB reserved,      62.19 MB ( 97%) committed,  1 nodes.
      Class space:        1.00 GB reserved,       7.69 MB ( <1%) committed,  1 nodes.
             Both:        1.06 GB reserved,      69.88 MB (  6%) committed. 

Chunk freelists:
   Non-Class:  1.47 MB
       Class:  8.27 MB
        Both:  9.74 MB

MaxMetaspaceSize: unlimited
CompressedClassSpaceSize: 1.00 GB
Initial GC threshold: 21.00 MB
Current GC threshold: 97.31 MB
CDS: on
 - commit_granule_bytes: 65536.
 - commit_granule_words: 8192.
 - virtual_space_node_default_size: 8388608.
 - enlarge_chunks_in_place: 1.
 - use_allocation_guard: 0.


Internal statistics:

num_allocs_failed_limit: 9.
num_arena_births: 1390.
num_arena_deaths: 18.
num_vsnodes_births: 2.
num_vsnodes_deaths: 0.
num_space_committed: 1118.
num_space_uncommitted: 0.
num_chunks_returned_to_freelist: 29.
num_chunks_taken_from_freelist: 4836.
num_chunk_merges: 13.
num_chunk_splits: 2912.
num_chunks_enlarged: 1541.
num_inconsistent_stats: 0.

CodeHeap 'non-profiled nmethods': size=120000Kb used=11843Kb max_used=11843Kb free=108156Kb
 bounds [0x000002c771750000, 0x000002c7722f0000, 0x000002c778c80000]
CodeHeap 'profiled nmethods': size=120000Kb used=35208Kb max_used=35208Kb free=84791Kb
 bounds [0x000002c769c80000, 0x000002c76bef0000, 0x000002c7711b0000]
CodeHeap 'non-nmethods': size=5760Kb used=1448Kb max_used=1548Kb free=4311Kb
 bounds [0x000002c7711b0000, 0x000002c771420000, 0x000002c771750000]
CodeCache: size=245760Kb, used=48499Kb, max_used=48599Kb, free=197258Kb
 total_blobs=14994, nmethods=14233, adapters=663, full_count=0
Compilation: enabled, stopped_count=0, restarted_count=0

Compilation events (20 events):
Event: 1958.030 Thread 0x000002c7669d87c0 15126       3       org.eclipse.jdt.internal.core.search.indexing.SourceIndexerRequestor::acceptAnnotationTypeReference (43 bytes)
Event: 1958.073 Thread 0x000002c7669d87c0 nmethod 15126 0x000002c76bedd290 code [0x000002c76bedd540, 0x000002c76bede328]
Event: 1958.073 Thread 0x000002c7669d87c0 15128       3       org.eclipse.jdt.internal.core.search.indexing.AbstractIndexer::addAnnotationTypeReference (20 bytes)
Event: 1958.074 Thread 0x000002c7669d87c0 nmethod 15128 0x000002c76bede910 code [0x000002c76bedeb40, 0x000002c76bedf248]
Event: 1958.074 Thread 0x000002c7669d87c0 15127       3       org.eclipse.jdt.internal.core.search.indexing.SourceIndexerRequestor::acceptAnnotationTypeReference (9 bytes)
Event: 1958.083 Thread 0x000002c7669d87c0 nmethod 15127 0x000002c76bedf590 code [0x000002c76bedf7c0, 0x000002c76bedfec8]
Event: 1958.084 Thread 0x000002c766969490 15129 % !   4       org.eclipse.jdt.internal.compiler.parser.Parser::parse @ 52 (950 bytes)
Event: 1958.092 Thread 0x000002c7669d87c0 15130       3       lombok.eclipse.agent.PatchValEclipse$Reflection::access$1 (4 bytes)
Event: 1958.114 Thread 0x000002c7669d87c0 nmethod 15130 0x000002c76bee0210 code [0x000002c76bee03a0, 0x000002c76bee0498]
Event: 1958.114 Thread 0x000002c7669d87c0 15131       3       lombok.eclipse.agent.PatchValEclipse::couldBeVar (24 bytes)
Event: 1958.142 Thread 0x000002c7669d87c0 nmethod 15131 0x000002c76bee0510 code [0x000002c76bee06e0, 0x000002c76bee08e0]
Event: 1958.358 Thread 0x000002c766969490 nmethod 15129% 0x000002c7722da710 code [0x000002c7722dabc0, 0x000002c7722dd068]
Event: 1958.359 Thread 0x000002c766969490 15133       4       org.eclipse.jdt.internal.compiler.util.SimpleLookupTable::containsKey (54 bytes)
Event: 1958.403 Thread 0x000002c766969490 nmethod 15133 0x000002c7722de590 code [0x000002c7722de760, 0x000002c7722dee28]
Event: 1958.403 Thread 0x000002c766969490 15134  s!   4       org.eclipse.jdt.internal.core.index.DiskIndex::readDocumentName (312 bytes)
Event: 1958.502 Thread 0x000002c766969490 nmethod 15134 0x000002c7722df110 code [0x000002c7722df360, 0x000002c7722e0118]
Event: 1958.502 Thread 0x000002c766969490 15132       4       org.eclipse.jdt.core.compiler.CharOperation::concat (46 bytes)
Event: 1958.506 Thread 0x000002c766969490 nmethod 15132 0x000002c7722e0890 code [0x000002c7722e0a20, 0x000002c7722e0db8]
Event: 1967.757 Thread 0x000002c7669d87c0 15135   !   3       java.util.logging.LogManager::ensureLogManagerInitialized (144 bytes)
Event: 1967.960 Thread 0x000002c7669d87c0 nmethod 15135 0x000002c76bee0990 code [0x000002c76bee0ca0, 0x000002c76bee1dc0]

GC Heap History (20 events):
Event: 1956.549 GC heap before
{Heap before GC invocations=340 (full 3):
 PSYoungGen      total 3072K, used 2592K [0x00000000d5580000, 0x00000000d5a80000, 0x0000000100000000)
  eden space 1536K, 100% used [0x00000000d5580000,0x00000000d5700000,0x00000000d5700000)
  from space 1536K, 68% used [0x00000000d5900000,0x00000000d5a08000,0x00000000d5a80000)
  to   space 1536K, 0% used [0x00000000d5780000,0x00000000d5780000,0x00000000d5900000)
 ParOldGen       total 273920K, used 273465K [0x0000000080000000, 0x0000000090b80000, 0x00000000d5580000)
  object space 273920K, 99% used [0x0000000080000000,0x0000000090b0e798,0x0000000090b80000)
 Metaspace       used 69923K, committed 71552K, reserved 1114112K
  class space    used 7130K, committed 7872K, reserved 1048576K
}
Event: 1956.555 GC heap after
{Heap after GC invocations=340 (full 3):
 PSYoungGen      total 3584K, used 1536K [0x00000000d5580000, 0x00000000d5d80000, 0x0000000100000000)
  eden space 2048K, 0% used [0x00000000d5580000,0x00000000d5580000,0x00000000d5780000)
  from space 1536K, 100% used [0x00000000d5780000,0x00000000d5900000,0x00000000d5900000)
  to   space 3072K, 0% used [0x00000000d5a80000,0x00000000d5a80000,0x00000000d5d80000)
 ParOldGen       total 274944K, used 274497K [0x0000000080000000, 0x0000000090c80000, 0x00000000d5580000)
  object space 274944K, 99% used [0x0000000080000000,0x0000000090c10798,0x0000000090c80000)
 Metaspace       used 69923K, committed 71552K, reserved 1114112K
  class space    used 7130K, committed 7872K, reserved 1048576K
}
Event: 1956.567 GC heap before
{Heap before GC invocations=341 (full 3):
 PSYoungGen      total 3584K, used 3584K [0x00000000d5580000, 0x00000000d5d80000, 0x0000000100000000)
  eden space 2048K, 100% used [0x00000000d5580000,0x00000000d5780000,0x00000000d5780000)
  from space 1536K, 100% used [0x00000000d5780000,0x00000000d5900000,0x00000000d5900000)
  to   space 3072K, 0% used [0x00000000d5a80000,0x00000000d5a80000,0x00000000d5d80000)
 ParOldGen       total 274944K, used 274497K [0x0000000080000000, 0x0000000090c80000, 0x00000000d5580000)
  object space 274944K, 99% used [0x0000000080000000,0x0000000090c10798,0x0000000090c80000)
 Metaspace       used 69923K, committed 71552K, reserved 1114112K
  class space    used 7130K, committed 7872K, reserved 1048576K
}
Event: 1956.575 GC heap after
{Heap after GC invocations=341 (full 3):
 PSYoungGen      total 5120K, used 1946K [0x00000000d5580000, 0x00000000d5d00000, 0x0000000100000000)
  eden space 2560K, 0% used [0x00000000d5580000,0x00000000d5580000,0x00000000d5800000)
  from space 2560K, 76% used [0x00000000d5a80000,0x00000000d5c66800,0x00000000d5d00000)
  to   space 2560K, 0% used [0x00000000d5800000,0x00000000d5800000,0x00000000d5a80000)
 ParOldGen       total 276480K, used 276025K [0x0000000080000000, 0x0000000090e00000, 0x00000000d5580000)
  object space 276480K, 99% used [0x0000000080000000,0x0000000090d8e798,0x0000000090e00000)
 Metaspace       used 69923K, committed 71552K, reserved 1114112K
  class space    used 7130K, committed 7872K, reserved 1048576K
}
Event: 1956.604 GC heap before
{Heap before GC invocations=342 (full 3):
 PSYoungGen      total 5120K, used 4428K [0x00000000d5580000, 0x00000000d5d00000, 0x0000000100000000)
  eden space 2560K, 96% used [0x00000000d5580000,0x00000000d57ecb30,0x00000000d5800000)
  from space 2560K, 76% used [0x00000000d5a80000,0x00000000d5c66800,0x00000000d5d00000)
  to   space 2560K, 0% used [0x00000000d5800000,0x00000000d5800000,0x00000000d5a80000)
 ParOldGen       total 276480K, used 276025K [0x0000000080000000, 0x0000000090e00000, 0x00000000d5580000)
  object space 276480K, 99% used [0x0000000080000000,0x0000000090d8e798,0x0000000090e00000)
 Metaspace       used 69923K, committed 71552K, reserved 1114112K
  class space    used 7130K, committed 7872K, reserved 1048576K
}
Event: 1956.610 GC heap after
{Heap after GC invocations=342 (full 3):
 PSYoungGen      total 5120K, used 2224K [0x00000000d5580000, 0x00000000d5d80000, 0x0000000100000000)
  eden space 2560K, 0% used [0x00000000d5580000,0x00000000d5580000,0x00000000d5800000)
  from space 2560K, 86% used [0x00000000d5800000,0x00000000d5a2c000,0x00000000d5a80000)
  to   space 2560K, 0% used [0x00000000d5b00000,0x00000000d5b00000,0x00000000d5d80000)
 ParOldGen       total 278016K, used 277769K [0x0000000080000000, 0x0000000090f80000, 0x00000000d5580000)
  object space 278016K, 99% used [0x0000000080000000,0x0000000090f42798,0x0000000090f80000)
 Metaspace       used 69923K, committed 71552K, reserved 1114112K
  class space    used 7130K, committed 7872K, reserved 1048576K
}
Event: 1956.804 GC heap before
{Heap before GC invocations=343 (full 3):
 PSYoungGen      total 5120K, used 4784K [0x00000000d5580000, 0x00000000d5d80000, 0x0000000100000000)
  eden space 2560K, 100% used [0x00000000d5580000,0x00000000d5800000,0x00000000d5800000)
  from space 2560K, 86% used [0x00000000d5800000,0x00000000d5a2c000,0x00000000d5a80000)
  to   space 2560K, 0% used [0x00000000d5b00000,0x00000000d5b00000,0x00000000d5d80000)
 ParOldGen       total 278016K, used 277769K [0x0000000080000000, 0x0000000090f80000, 0x00000000d5580000)
  object space 278016K, 99% used [0x0000000080000000,0x0000000090f42798,0x0000000090f80000)
 Metaspace       used 69923K, committed 71552K, reserved 1114112K
  class space    used 7130K, committed 7872K, reserved 1048576K
}
Event: 1956.813 GC heap after
{Heap after GC invocations=343 (full 3):
 PSYoungGen      total 3584K, used 2532K [0x00000000d5580000, 0x00000000d6180000, 0x0000000100000000)
  eden space 1024K, 0% used [0x00000000d5580000,0x00000000d5580000,0x00000000d5680000)
  from space 2560K, 98% used [0x00000000d5b00000,0x00000000d5d79000,0x00000000d5d80000)
  to   space 4608K, 0% used [0x00000000d5680000,0x00000000d5680000,0x00000000d5b00000)
 ParOldGen       total 279552K, used 279345K [0x0000000080000000, 0x0000000091100000, 0x00000000d5580000)
  object space 279552K, 99% used [0x0000000080000000,0x00000000910cc798,0x0000000091100000)
 Metaspace       used 69923K, committed 71552K, reserved 1114112K
  class space    used 7130K, committed 7872K, reserved 1048576K
}
Event: 1956.823 GC heap before
{Heap before GC invocations=344 (full 3):
 PSYoungGen      total 3584K, used 3556K [0x00000000d5580000, 0x00000000d6180000, 0x0000000100000000)
  eden space 1024K, 100% used [0x00000000d5580000,0x00000000d5680000,0x00000000d5680000)
  from space 2560K, 98% used [0x00000000d5b00000,0x00000000d5d79000,0x00000000d5d80000)
  to   space 4608K, 0% used [0x00000000d5680000,0x00000000d5680000,0x00000000d5b00000)
 ParOldGen       total 279552K, used 279345K [0x0000000080000000, 0x0000000091100000, 0x00000000d5580000)
  object space 279552K, 99% used [0x0000000080000000,0x00000000910cc798,0x0000000091100000)
 Metaspace       used 69923K, committed 71552K, reserved 1114112K
  class space    used 7130K, committed 7872K, reserved 1048576K
}
Event: 1956.828 GC heap after
{Heap after GC invocations=344 (full 3):
 PSYoungGen      total 2560K, used 1088K [0x00000000d5580000, 0x00000000d5c00000, 0x0000000100000000)
  eden space 1024K, 0% used [0x00000000d5580000,0x00000000d5580000,0x00000000d5680000)
  from space 1536K, 70% used [0x00000000d5680000,0x00000000d5790000,0x00000000d5800000)
  to   space 2560K, 0% used [0x00000000d5980000,0x00000000d5980000,0x00000000d5c00000)
 ParOldGen       total 282112K, used 281885K [0x0000000080000000, 0x0000000091380000, 0x00000000d5580000)
  object space 282112K, 99% used [0x0000000080000000,0x0000000091347798,0x0000000091380000)
 Metaspace       used 69923K, committed 71552K, reserved 1114112K
  class space    used 7130K, committed 7872K, reserved 1048576K
}
Event: 1956.838 GC heap before
{Heap before GC invocations=345 (full 3):
 PSYoungGen      total 2560K, used 2112K [0x00000000d5580000, 0x00000000d5c00000, 0x0000000100000000)
  eden space 1024K, 100% used [0x00000000d5580000,0x00000000d5680000,0x00000000d5680000)
  from space 1536K, 70% used [0x00000000d5680000,0x00000000d5790000,0x00000000d5800000)
  to   space 2560K, 0% used [0x00000000d5980000,0x00000000d5980000,0x00000000d5c00000)
 ParOldGen       total 282112K, used 281885K [0x0000000080000000, 0x0000000091380000, 0x00000000d5580000)
  object space 282112K, 99% used [0x0000000080000000,0x0000000091347798,0x0000000091380000)
 Metaspace       used 69923K, committed 71552K, reserved 1114112K
  class space    used 7130K, committed 7872K, reserved 1048576K
}
Event: 1956.842 GC heap after
{Heap after GC invocations=345 (full 3):
 PSYoungGen      total 3072K, used 1056K [0x00000000d5580000, 0x00000000d5b00000, 0x0000000100000000)
  eden space 1536K, 0% used [0x00000000d5580000,0x00000000d5580000,0x00000000d5700000)
  from space 1536K, 68% used [0x00000000d5980000,0x00000000d5a88000,0x00000000d5b00000)
  to   space 1536K, 0% used [0x00000000d5800000,0x00000000d5800000,0x00000000d5980000)
 ParOldGen       total 283136K, used 282901K [0x0000000080000000, 0x0000000091480000, 0x00000000d5580000)
  object space 283136K, 99% used [0x0000000080000000,0x0000000091445798,0x0000000091480000)
 Metaspace       used 69923K, committed 71552K, reserved 1114112K
  class space    used 7130K, committed 7872K, reserved 1048576K
}
Event: 1956.854 GC heap before
{Heap before GC invocations=346 (full 3):
 PSYoungGen      total 3072K, used 2592K [0x00000000d5580000, 0x00000000d5b00000, 0x0000000100000000)
  eden space 1536K, 100% used [0x00000000d5580000,0x00000000d5700000,0x00000000d5700000)
  from space 1536K, 68% used [0x00000000d5980000,0x00000000d5a88000,0x00000000d5b00000)
  to   space 1536K, 0% used [0x00000000d5800000,0x00000000d5800000,0x00000000d5980000)
 ParOldGen       total 283136K, used 282901K [0x0000000080000000, 0x0000000091480000, 0x00000000d5580000)
  object space 283136K, 99% used [0x0000000080000000,0x0000000091445798,0x0000000091480000)
 Metaspace       used 69923K, committed 71552K, reserved 1114112K
  class space    used 7130K, committed 7872K, reserved 1048576K
}
Event: 1956.857 GC heap after
{Heap after GC invocations=346 (full 3):
 PSYoungGen      total 3584K, used 1536K [0x00000000d5580000, 0x00000000d5d80000, 0x0000000100000000)
  eden space 2048K, 0% used [0x00000000d5580000,0x00000000d5580000,0x00000000d5780000)
  from space 1536K, 100% used [0x00000000d5800000,0x00000000d5980000,0x00000000d5980000)
  to   space 3072K, 0% used [0x00000000d5a80000,0x00000000d5a80000,0x00000000d5d80000)
 ParOldGen       total 284160K, used 283925K [0x0000000080000000, 0x0000000091580000, 0x00000000d5580000)
  object space 284160K, 99% used [0x0000000080000000,0x0000000091545798,0x0000000091580000)
 Metaspace       used 69923K, committed 71552K, reserved 1114112K
  class space    used 7130K, committed 7872K, reserved 1048576K
}
Event: 1956.902 GC heap before
{Heap before GC invocations=347 (full 3):
 PSYoungGen      total 3584K, used 3584K [0x00000000d5580000, 0x00000000d5d80000, 0x0000000100000000)
  eden space 2048K, 100% used [0x00000000d5580000,0x00000000d5780000,0x00000000d5780000)
  from space 1536K, 100% used [0x00000000d5800000,0x00000000d5980000,0x00000000d5980000)
  to   space 3072K, 0% used [0x00000000d5a80000,0x00000000d5a80000,0x00000000d5d80000)
 ParOldGen       total 284160K, used 283925K [0x0000000080000000, 0x0000000091580000, 0x00000000d5580000)
  object space 284160K, 99% used [0x0000000080000000,0x0000000091545798,0x0000000091580000)
 Metaspace       used 69923K, committed 71552K, reserved 1114112K
  class space    used 7130K, committed 7872K, reserved 1048576K
}
Event: 1956.907 GC heap after
{Heap after GC invocations=347 (full 3):
 PSYoungGen      total 4608K, used 2080K [0x00000000d5580000, 0x00000000d5d00000, 0x0000000100000000)
  eden space 2048K, 0% used [0x00000000d5580000,0x00000000d5580000,0x00000000d5780000)
  from space 2560K, 81% used [0x00000000d5a80000,0x00000000d5c88000,0x00000000d5d00000)
  to   space 2560K, 0% used [0x00000000d5800000,0x00000000d5800000,0x00000000d5a80000)
 ParOldGen       total 285696K, used 285453K [0x0000000080000000, 0x0000000091700000, 0x00000000d5580000)
  object space 285696K, 99% used [0x0000000080000000,0x00000000916c3798,0x0000000091700000)
 Metaspace       used 69923K, committed 71552K, reserved 1114112K
  class space    used 7130K, committed 7872K, reserved 1048576K
}
Event: 1956.925 GC heap before
{Heap before GC invocations=348 (full 3):
 PSYoungGen      total 4608K, used 4128K [0x00000000d5580000, 0x00000000d5d00000, 0x0000000100000000)
  eden space 2048K, 100% used [0x00000000d5580000,0x00000000d5780000,0x00000000d5780000)
  from space 2560K, 81% used [0x00000000d5a80000,0x00000000d5c88000,0x00000000d5d00000)
  to   space 2560K, 0% used [0x00000000d5800000,0x00000000d5800000,0x00000000d5a80000)
 ParOldGen       total 285696K, used 285453K [0x0000000080000000, 0x0000000091700000, 0x00000000d5580000)
  object space 285696K, 99% used [0x0000000080000000,0x00000000916c3798,0x0000000091700000)
 Metaspace       used 69923K, committed 71552K, reserved 1114112K
  class space    used 7130K, committed 7872K, reserved 1048576K
}
Event: 1956.930 GC heap after
{Heap after GC invocations=348 (full 3):
 PSYoungGen      total 4608K, used 1856K [0x00000000d5580000, 0x00000000d5c00000, 0x0000000100000000)
  eden space 2560K, 0% used [0x00000000d5580000,0x00000000d5580000,0x00000000d5800000)
  from space 2048K, 90% used [0x00000000d5800000,0x00000000d59d0000,0x00000000d5a00000)
  to   space 2048K, 0% used [0x00000000d5a00000,0x00000000d5a00000,0x00000000d5c00000)
 ParOldGen       total 287744K, used 287509K [0x0000000080000000, 0x0000000091900000, 0x00000000d5580000)
  object space 287744K, 99% used [0x0000000080000000,0x00000000918c5798,0x0000000091900000)
 Metaspace       used 69923K, committed 71552K, reserved 1114112K
  class space    used 7130K, committed 7872K, reserved 1048576K
}
Event: 1958.236 GC heap before
{Heap before GC invocations=349 (full 3):
 PSYoungGen      total 4608K, used 4416K [0x00000000d5580000, 0x00000000d5c00000, 0x0000000100000000)
  eden space 2560K, 100% used [0x00000000d5580000,0x00000000d5800000,0x00000000d5800000)
  from space 2048K, 90% used [0x00000000d5800000,0x00000000d59d0000,0x00000000d5a00000)
  to   space 2048K, 0% used [0x00000000d5a00000,0x00000000d5a00000,0x00000000d5c00000)
 ParOldGen       total 287744K, used 287509K [0x0000000080000000, 0x0000000091900000, 0x00000000d5580000)
  object space 287744K, 99% used [0x0000000080000000,0x00000000918c5798,0x0000000091900000)
 Metaspace       used 69925K, committed 71552K, reserved 1114112K
  class space    used 7130K, committed 7872K, reserved 1048576K
}
Event: 1958.254 GC heap after
{Heap after GC invocations=349 (full 3):
 PSYoungGen      total 2560K, used 2019K [0x00000000d5580000, 0x00000000d6000000, 0x0000000100000000)
  eden space 512K, 0% used [0x00000000d5580000,0x00000000d5580000,0x00000000d5600000)
  from space 2048K, 98% used [0x00000000d5a00000,0x00000000d5bf8c98,0x00000000d5c00000)
  to   space 4096K, 0% used [0x00000000d5600000,0x00000000d5600000,0x00000000d5a00000)
 ParOldGen       total 289280K, used 289125K [0x0000000080000000, 0x0000000091a80000, 0x00000000d5580000)
  object space 289280K, 99% used [0x0000000080000000,0x0000000091a59798,0x0000000091a80000)
 Metaspace       used 69925K, committed 71552K, reserved 1114112K
  class space    used 7130K, committed 7872K, reserved 1048576K
}

Dll operation events (10 events):
Event: 0.019 Loaded shared library c:\Users\Om\.windsurf\extensions\redhat.java-1.53.0-win32-x64\jre\21.0.10-win32-x86_64\bin\java.dll
Event: 1.444 Loaded shared library c:\Users\Om\.windsurf\extensions\redhat.java-1.53.0-win32-x64\jre\21.0.10-win32-x86_64\bin\zip.dll
Event: 1.631 Loaded shared library C:\Users\Om\.windsurf\extensions\redhat.java-1.53.0-win32-x64\jre\21.0.10-win32-x86_64\bin\instrument.dll
Event: 1.764 Loaded shared library C:\Users\Om\.windsurf\extensions\redhat.java-1.53.0-win32-x64\jre\21.0.10-win32-x86_64\bin\net.dll
Event: 2.189 Loaded shared library C:\Users\Om\.windsurf\extensions\redhat.java-1.53.0-win32-x64\jre\21.0.10-win32-x86_64\bin\nio.dll
Event: 2.198 Loaded shared library C:\Users\Om\.windsurf\extensions\redhat.java-1.53.0-win32-x64\jre\21.0.10-win32-x86_64\bin\zip.dll
Event: 2.273 Loaded shared library C:\Users\Om\.windsurf\extensions\redhat.java-1.53.0-win32-x64\jre\21.0.10-win32-x86_64\bin\jimage.dll
Event: 2.790 Loaded shared library c:\Users\Om\.windsurf\extensions\redhat.java-1.53.0-win32-x64\jre\21.0.10-win32-x86_64\bin\verify.dll
Event: 15.234 Loaded shared library C:\Users\Om\AppData\Roaming\Windsurf\User\globalStorage\redhat.java\1.53.0\config_win\org.eclipse.equinox.launcher\org.eclipse.equinox.launcher.win32.win32.x86_64_1.3.0.v20260203-2149\eclipse_11919.dll
Event: 30.741 Loaded shared library C:\Users\Om\AppData\Local\Temp\jna-2558\jna17341423434466717668.dll

Deoptimization events (20 events):
Event: 1951.626 Thread 0x000002c745cac950 DEOPT PACKING pc=0x000002c7722951a8 sp=0x000000c798bfe390
Event: 1951.626 Thread 0x000002c745cac950 DEOPT UNPACKING pc=0x000002c771203aa2 sp=0x000000c798bfe360 mode 2
Event: 1951.626 Thread 0x000002c745cac950 Uncommon trap: trap_request=0xffffffbe fr.pc=0x000002c7722951a8 relative=0x00000000000005c8
Event: 1951.626 Thread 0x000002c745cac950 Uncommon trap: reason=profile_predicate action=maybe_recompile pc=0x000002c7722951a8 method=java.io.InputStream.read([BII)I @ 37 c2
Event: 1951.627 Thread 0x000002c745cac950 DEOPT PACKING pc=0x000002c7722951a8 sp=0x000000c798bfe390
Event: 1951.627 Thread 0x000002c745cac950 DEOPT UNPACKING pc=0x000002c771203aa2 sp=0x000000c798bfe360 mode 2
Event: 1951.790 Thread 0x000002c77fb65a30 Uncommon trap: trap_request=0xffffffd6 fr.pc=0x000002c7722a3144 relative=0x00000000000001a4
Event: 1951.790 Thread 0x000002c77fb65a30 Uncommon trap: reason=array_check action=maybe_recompile pc=0x000002c7722a3144 method=java.util.LinkedHashMap.keysToArray([Ljava/lang/Object;Z)[Ljava/lang/Object; @ 67 c2
Event: 1951.790 Thread 0x000002c77fb65a30 DEOPT PACKING pc=0x000002c7722a3144 sp=0x000000c7960fd740
Event: 1951.791 Thread 0x000002c77fb65a30 DEOPT UNPACKING pc=0x000002c771203aa2 sp=0x000000c7960fd6b0 mode 2
Event: 1951.791 Thread 0x000002c77fb65a30 Uncommon trap: trap_request=0xffffffd6 fr.pc=0x000002c7722a3144 relative=0x00000000000001a4
Event: 1951.791 Thread 0x000002c77fb65a30 Uncommon trap: reason=array_check action=maybe_recompile pc=0x000002c7722a3144 method=java.util.LinkedHashMap.keysToArray([Ljava/lang/Object;Z)[Ljava/lang/Object; @ 67 c2
Event: 1951.791 Thread 0x000002c77fb65a30 DEOPT PACKING pc=0x000002c7722a3144 sp=0x000000c7960fd740
Event: 1951.791 Thread 0x000002c77fb65a30 DEOPT UNPACKING pc=0x000002c771203aa2 sp=0x000000c7960fd6b0 mode 2
Event: 1951.824 Thread 0x000002c745cac950 Uncommon trap: trap_request=0xffffffbe fr.pc=0x000002c7722acb60 relative=0x00000000000008e0
Event: 1951.824 Thread 0x000002c745cac950 Uncommon trap: reason=profile_predicate action=maybe_recompile pc=0x000002c7722acb60 method=java.io.InputStream.read([BII)I @ 40 c2
Event: 1951.824 Thread 0x000002c745cac950 DEOPT PACKING pc=0x000002c7722acb60 sp=0x000000c798bfe950
Event: 1951.824 Thread 0x000002c745cac950 DEOPT UNPACKING pc=0x000002c771203aa2 sp=0x000000c798bfe8f0 mode 2
Event: 1953.984 Thread 0x000002c77e8bfe10 DEOPT PACKING pc=0x000002c76b95632d sp=0x000000c797dfd8d0
Event: 1953.984 Thread 0x000002c77e8bfe10 DEOPT UNPACKING pc=0x000002c771204242 sp=0x000000c797dfcd88 mode 0

Classes loaded (20 events):
Event: 165.230 Loading class java/util/ImmutableCollections$SubList
Event: 165.236 Loading class java/util/ImmutableCollections$SubList done
Event: 441.793 Loading class java/util/stream/Nodes$CollectorTask$OfRef
Event: 442.346 Loading class java/util/stream/Nodes$CollectorTask
Event: 442.370 Loading class java/util/stream/Nodes$CollectorTask done
Event: 442.370 Loading class java/util/stream/Nodes$CollectorTask$OfRef done
Event: 442.795 Loading class java/util/function/LongFunction
Event: 442.801 Loading class java/util/function/LongFunction done
Event: 442.828 Loading class java/util/stream/Nodes$ConcNode
Event: 442.847 Loading class java/util/stream/Nodes$AbstractConcNode
Event: 442.863 Loading class java/util/stream/Nodes$AbstractConcNode done
Event: 442.864 Loading class java/util/stream/Nodes$ConcNode done
Event: 443.720 Loading class java/io/ObjectOutputStream$BlockDataOutputStream
Event: 443.734 Loading class java/io/ObjectOutputStream$BlockDataOutputStream done
Event: 443.735 Loading class java/io/ObjectOutputStream$HandleTable
Event: 443.741 Loading class java/io/ObjectOutputStream$HandleTable done
Event: 443.742 Loading class java/io/ObjectOutputStream$ReplaceTable
Event: 443.744 Loading class java/io/ObjectOutputStream$ReplaceTable done
Event: 1954.257 Loading class java/nio/BufferMismatch
Event: 1954.453 Loading class java/nio/BufferMismatch done

Classes unloaded (9 events):
Event: 35.418 Thread 0x000002c766b31b20 Unloading class 0x000002c7011a5000 'java/lang/invoke/LambdaForm$MH+0x000002c7011a5000'
Event: 35.418 Thread 0x000002c766b31b20 Unloading class 0x000002c7011a4c00 'java/lang/invoke/LambdaForm$MH+0x000002c7011a4c00'
Event: 35.418 Thread 0x000002c766b31b20 Unloading class 0x000002c7011a4800 'java/lang/invoke/LambdaForm$MH+0x000002c7011a4800'
Event: 35.418 Thread 0x000002c766b31b20 Unloading class 0x000002c7011a4400 'java/lang/invoke/LambdaForm$MH+0x000002c7011a4400'
Event: 35.418 Thread 0x000002c766b31b20 Unloading class 0x000002c7011a4000 'java/lang/invoke/LambdaForm$BMH+0x000002c7011a4000'
Event: 35.418 Thread 0x000002c766b31b20 Unloading class 0x000002c7011a3c00 'java/lang/invoke/LambdaForm$DMH+0x000002c7011a3c00'
Event: 35.418 Thread 0x000002c766b31b20 Unloading class 0x000002c7011a2800 'java/lang/invoke/LambdaForm$DMH+0x000002c7011a2800'
Event: 74.881 Thread 0x000002c766b31b20 Unloading class 0x000002c7016c8c00 'java/lang/invoke/LambdaForm$DMH+0x000002c7016c8c00'
Event: 74.881 Thread 0x000002c766b31b20 Unloading class 0x000002c7016c8800 'java/lang/invoke/LambdaForm$DMH+0x000002c7016c8800'

Classes redefined (0 events):
No events

Internal exceptions (20 events):
Event: 155.853 Thread 0x000002c77e8bd020 Exception <a 'java/io/FileNotFoundException'{0x00000000d56436f8}> (0x00000000d56436f8) 
thrown [s\src\hotspot\share\prims\jni.cpp, line 520]
Event: 155.868 Thread 0x000002c77e8bd020 Exception <a 'java/io/FileNotFoundException'{0x00000000d5644950}> (0x00000000d5644950) 
thrown [s\src\hotspot\share\prims\jni.cpp, line 520]
Event: 158.541 Thread 0x000002c77e8bf780 Exception <a 'sun/nio/fs/WindowsException'{0x00000000d559e7b8}> (0x00000000d559e7b8) 
thrown [s\src\hotspot\share\prims\jni.cpp, line 520]
Event: 161.253 Thread 0x000002c77e8bd020 Implicit null exception at 0x000002c771a43d48 to 0x000002c771a44adc
Event: 161.407 Thread 0x000002c77e8bd020 Implicit null exception at 0x000002c771d1b53a to 0x000002c771d1b6f0
Event: 443.442 Thread 0x000002c77e8bd020 Exception <a 'sun/nio/fs/WindowsException'{0x00000000d561f7c8}> (0x00000000d561f7c8) 
thrown [s\src\hotspot\share\prims\jni.cpp, line 520]
Event: 443.448 Thread 0x000002c77e8bd020 Exception <a 'sun/nio/fs/WindowsException'{0x00000000d56200a8}> (0x00000000d56200a8) 
thrown [s\src\hotspot\share\prims\jni.cpp, line 520]
Event: 443.516 Thread 0x000002c77e8bd020 Implicit null exception at 0x000002c771e41889 to 0x000002c771e41c30
Event: 444.123 Thread 0x000002c77e8bd020 Exception <a 'java/lang/NoSuchMethodError'{0x00000000d55b5e48}: static [J.<clinit>()V> (0x00000000d55b5e48) 
thrown [s\src\hotspot\share\prims\jni.cpp, line 1111]
Event: 444.385 Thread 0x000002c77e8bd020 Exception <a 'java/lang/NoSuchMethodError'{0x00000000d55e67a0}: 'java.lang.Object java.lang.invoke.DirectMethodHandle$Holder.newInvokeSpecial(java.lang.Object, java.lang.Object, java.lang.Object, java.lang.Object, java.lang.Object, java.lang.Object, java.lang.Object, java.lang.Object)'> (0x00000000d55e67a0) 
thrown [s\src\hotspot\share\interpreter\linkResolver.cpp, line 773]
Event: 448.042 Thread 0x000002c77e8bf780 Exception <a 'sun/nio/fs/WindowsException'{0x00000000d55a6990}> (0x00000000d55a6990) 
thrown [s\src\hotspot\share\prims\jni.cpp, line 520]
Event: 448.720 Thread 0x000002c77e8bf780 Exception <a 'sun/nio/fs/WindowsException'{0x00000000d584ba10}> (0x00000000d584ba10) 
thrown [s\src\hotspot\share\prims\jni.cpp, line 520]
Event: 753.271 Thread 0x000002c77e8bd020 Exception <a 'sun/nio/fs/WindowsException'{0x00000000d56c0f18}> (0x00000000d56c0f18) 
thrown [s\src\hotspot\share\prims\jni.cpp, line 520]
Event: 753.292 Thread 0x000002c77e8bd020 Exception <a 'sun/nio/fs/WindowsException'{0x00000000d56c17f8}> (0x00000000d56c17f8) 
thrown [s\src\hotspot\share\prims\jni.cpp, line 520]
Event: 1554.923 Thread 0x000002c77e8bfe10 Exception <a 'sun/nio/fs/WindowsException'{0x00000000d582ab38}> (0x00000000d582ab38) 
thrown [s\src\hotspot\share\prims\jni.cpp, line 520]
Event: 1554.956 Thread 0x000002c77e8bfe10 Exception <a 'sun/nio/fs/WindowsException'{0x00000000d582b6d0}> (0x00000000d582b6d0) 
thrown [s\src\hotspot\share\prims\jni.cpp, line 520]
Event: 1934.108 Thread 0x000002c77e8bf780 Exception <a 'sun/nio/fs/WindowsException'{0x00000000d56069b0}> (0x00000000d56069b0) 
thrown [s\src\hotspot\share\prims\jni.cpp, line 520]
Event: 1938.784 Thread 0x000002c77e8bf780 Exception <a 'sun/nio/fs/WindowsException'{0x00000000d580d0a0}> (0x00000000d580d0a0) 
thrown [s\src\hotspot\share\prims\jni.cpp, line 520]
Event: 1954.670 Thread 0x000002c77e8bf780 Exception <a 'sun/nio/fs/WindowsException'{0x00000000d55a1fa8}> (0x00000000d55a1fa8) 
thrown [s\src\hotspot\share\prims\jni.cpp, line 520]
Event: 1957.327 Thread 0x000002c77e8bf780 Exception <a 'sun/nio/fs/WindowsException'{0x00000000d57b65b8}> (0x00000000d57b65b8) 
thrown [s\src\hotspot\share\prims\jni.cpp, line 520]

ZGC Phase Switch (0 events):
No events

VM Operations (20 events):
Event: 1956.604 Executing safepoint VM operation: ParallelGCFailedAllocation (Allocation Failure)
Event: 1956.610 Executing safepoint VM operation: ParallelGCFailedAllocation (Allocation Failure) done
Event: 1956.804 Executing safepoint VM operation: ParallelGCFailedAllocation (Allocation Failure)
Event: 1956.813 Executing safepoint VM operation: ParallelGCFailedAllocation (Allocation Failure) done
Event: 1956.823 Executing safepoint VM operation: ParallelGCFailedAllocation (Allocation Failure)
Event: 1956.828 Executing safepoint VM operation: ParallelGCFailedAllocation (Allocation Failure) done
Event: 1956.838 Executing safepoint VM operation: ParallelGCFailedAllocation (Allocation Failure)
Event: 1956.842 Executing safepoint VM operation: ParallelGCFailedAllocation (Allocation Failure) done
Event: 1956.854 Executing safepoint VM operation: ParallelGCFailedAllocation (Allocation Failure)
Event: 1956.858 Executing safepoint VM operation: ParallelGCFailedAllocation (Allocation Failure) done
Event: 1956.902 Executing safepoint VM operation: ParallelGCFailedAllocation (Allocation Failure)
Event: 1956.907 Executing safepoint VM operation: ParallelGCFailedAllocation (Allocation Failure) done
Event: 1956.925 Executing safepoint VM operation: ParallelGCFailedAllocation (Allocation Failure)
Event: 1956.930 Executing safepoint VM operation: ParallelGCFailedAllocation (Allocation Failure) done
Event: 1958.236 Executing safepoint VM operation: ParallelGCFailedAllocation (Allocation Failure)
Event: 1958.254 Executing safepoint VM operation: ParallelGCFailedAllocation (Allocation Failure) done
Event: 1984.638 Executing non-safepoint VM operation: HandshakeAllThreads (HandshakeForDeflation)
Event: 1984.638 Executing non-safepoint VM operation: HandshakeAllThreads (HandshakeForDeflation) done
Event: 1984.638 Executing non-safepoint VM operation: RendezvousGCThreads
Event: 1984.638 Executing non-safepoint VM operation: RendezvousGCThreads done

Memory protections (0 events):
No events

Nmethod flushes (20 events):
Event: 74.915 Thread 0x000002c766b31b20 flushing  nmethod 0x000002c76a58f890
Event: 74.915 Thread 0x000002c766b31b20 flushing  nmethod 0x000002c76a5cbd10
Event: 74.915 Thread 0x000002c766b31b20 flushing osr nmethod 0x000002c76a5d9d10
Event: 74.915 Thread 0x000002c766b31b20 flushing  nmethod 0x000002c76a5de190
Event: 74.915 Thread 0x000002c766b31b20 flushing  nmethod 0x000002c76a5df690
Event: 74.915 Thread 0x000002c766b31b20 flushing  nmethod 0x000002c76a5e0d90
Event: 74.915 Thread 0x000002c766b31b20 flushing  nmethod 0x000002c76a5e9790
Event: 74.915 Thread 0x000002c766b31b20 flushing  nmethod 0x000002c76a5fe810
Event: 74.915 Thread 0x000002c766b31b20 flushing  nmethod 0x000002c76a604b10
Event: 74.915 Thread 0x000002c766b31b20 flushing  nmethod 0x000002c76a60c610
Event: 74.915 Thread 0x000002c766b31b20 flushing  nmethod 0x000002c76a634f90
Event: 74.915 Thread 0x000002c766b31b20 flushing  nmethod 0x000002c76a636010
Event: 74.915 Thread 0x000002c766b31b20 flushing  nmethod 0x000002c76a63ba90
Event: 74.915 Thread 0x000002c766b31b20 flushing  nmethod 0x000002c76a641310
Event: 74.915 Thread 0x000002c766b31b20 flushing  nmethod 0x000002c76a644b10
Event: 74.915 Thread 0x000002c766b31b20 flushing  nmethod 0x000002c76a675f90
Event: 74.915 Thread 0x000002c766b31b20 flushing  nmethod 0x000002c76a682c10
Event: 74.915 Thread 0x000002c766b31b20 flushing  nmethod 0x000002c76a682f90
Event: 74.915 Thread 0x000002c766b31b20 flushing  nmethod 0x000002c76a683590
Event: 74.915 Thread 0x000002c766b31b20 flushing  nmethod 0x000002c76a689090

Events (20 events):
Event: 456.950 Thread 0x000002c74600d2a0 Thread exited: 0x000002c74600d2a0
Event: 507.075 Thread 0x000002c77fb68190 Thread exited: 0x000002c77fb68190
Event: 745.782 Thread 0x000002c745caf0b0 Thread exited: 0x000002c745caf0b0
Event: 752.913 Thread 0x000002c77e8bd020 Thread added: 0x000002c77fb6a260
Event: 752.978 Thread 0x000002c77fb6a260 Thread exited: 0x000002c77fb6a260
Event: 753.318 Thread 0x000002c77e8bd020 Thread added: 0x000002c77fb68eb0
Event: 753.323 Thread 0x000002c77fb68eb0 Thread exited: 0x000002c77fb68eb0
Event: 1553.659 Thread 0x000002c77e8bfe10 Thread added: 0x000002c77fb67b00
Event: 1553.884 Thread 0x000002c77fb67b00 Thread exited: 0x000002c77fb67b00
Event: 1555.067 Thread 0x000002c77e8bfe10 Thread added: 0x000002c77fb66de0
Event: 1555.092 Thread 0x000002c77fb66de0 Thread exited: 0x000002c77fb66de0
Event: 1934.261 Thread 0x000002c77e8bd020 Thread added: 0x000002c77fb65a30
Event: 1937.284 Thread 0x000002c77e8bfe10 Thread added: 0x000002c77fb660c0
Event: 1941.168 Thread 0x000002c77e8bfe10 Thread added: 0x000002c77fb64680
Event: 1944.866 Thread 0x000002c77fb65a30 Thread added: 0x000002c77fb68190
Event: 1946.846 Thread 0x000002c745cac950 Thread added: 0x000002c77fb66de0
Event: 2003.779 Thread 0x000002c77fb64680 Thread exited: 0x000002c77fb64680
Event: 2013.454 Thread 0x000002c77fb66de0 Thread exited: 0x000002c77fb66de0
Event: 2015.676 Thread 0x000002c77e8bfe10 Thread exited: 0x000002c77e8bfe10
Event: 2017.744 Thread 0x000002c77e8bd020 Thread exited: 0x000002c77e8bd020


Dynamic libraries:
0x00007ff614b40000 - 0x00007ff614b4e000 	c:\Users\Om\.windsurf\extensions\redhat.java-1.53.0-win32-x64\jre\21.0.10-win32-x86_64\bin\java.exe
0x00007ffbdf750000 - 0x00007ffbdf948000 	C:\WINDOWS\SYSTEM32\ntdll.dll
0x00007ffbdef70000 - 0x00007ffbdf032000 	C:\WINDOWS\System32\KERNEL32.DLL
0x00007ffbdce30000 - 0x00007ffbdd126000 	C:\WINDOWS\System32\KERNELBASE.dll
0x00007ffbd5840000 - 0x00007ffbd5858000 	c:\Users\Om\.windsurf\extensions\redhat.java-1.53.0-win32-x64\jre\21.0.10-win32-x86_64\bin\jli.dll
0x00007ffbbe290000 - 0x00007ffbbe2ae000 	c:\Users\Om\.windsurf\extensions\redhat.java-1.53.0-win32-x64\jre\21.0.10-win32-x86_64\bin\VCRUNTIME140.dll
0x00007ffbd22b0000 - 0x00007ffbd254b000 	C:\WINDOWS\WinSxS\amd64_microsoft.windows.common-controls_6595b64144ccf1df_6.0.19041.6456_none_60b8a6cb71f64256\COMCTL32.dll
0x00007ffbdea60000 - 0x00007ffbdeafe000 	C:\WINDOWS\System32\msvcrt.dll
0x00007ffbdf1d0000 - 0x00007ffbdf1fb000 	C:\WINDOWS\System32\GDI32.dll
0x00007ffbdd230000 - 0x00007ffbdd252000 	C:\WINDOWS\System32\win32u.dll
0x00007ffbdd650000 - 0x00007ffbdd769000 	C:\WINDOWS\System32\gdi32full.dll
0x00007ffbdd390000 - 0x00007ffbdd42d000 	C:\WINDOWS\System32\msvcp_win.dll
0x00007ffbdd130000 - 0x00007ffbdd230000 	C:\WINDOWS\System32\ucrtbase.dll
0x00007ffbde8b0000 - 0x00007ffbdea51000 	C:\WINDOWS\System32\USER32.dll
0x00007ffbdf680000 - 0x00007ffbdf6af000 	C:\WINDOWS\System32\IMM32.DLL
0x00007ffbd4d10000 - 0x00007ffbd4d1c000 	c:\Users\Om\.windsurf\extensions\redhat.java-1.53.0-win32-x64\jre\21.0.10-win32-x86_64\bin\vcruntime140_1.dll
0x00007ffbac080000 - 0x00007ffbac10d000 	c:\Users\Om\.windsurf\extensions\redhat.java-1.53.0-win32-x64\jre\21.0.10-win32-x86_64\bin\msvcp140.dll
0x00007ffb6ea80000 - 0x00007ffb6f821000 	c:\Users\Om\.windsurf\extensions\redhat.java-1.53.0-win32-x64\jre\21.0.10-win32-x86_64\bin\server\jvm.dll
0x00007ffbdf040000 - 0x00007ffbdf0f1000 	C:\WINDOWS\System32\ADVAPI32.dll
0x00007ffbddc50000 - 0x00007ffbddcef000 	C:\WINDOWS\System32\sechost.dll
0x00007ffbdf560000 - 0x00007ffbdf680000 	C:\WINDOWS\System32\RPCRT4.dll
0x00007ffbdd620000 - 0x00007ffbdd647000 	C:\WINDOWS\System32\bcrypt.dll
0x00007ffbdf100000 - 0x00007ffbdf16b000 	C:\WINDOWS\System32\WS2_32.dll
0x00007ffbdcc40000 - 0x00007ffbdcc8b000 	C:\WINDOWS\SYSTEM32\POWRPROF.dll
0x00007ffbcf9e0000 - 0x00007ffbcfa07000 	C:\WINDOWS\SYSTEM32\WINMM.dll
0x00007ffbd6840000 - 0x00007ffbd684a000 	C:\WINDOWS\SYSTEM32\VERSION.dll
0x00007ffbdcc20000 - 0x00007ffbdcc32000 	C:\WINDOWS\SYSTEM32\UMPDC.dll
0x00007ffbdb5e0000 - 0x00007ffbdb5f2000 	C:\WINDOWS\SYSTEM32\kernel.appcore.dll
0x00007ffbced80000 - 0x00007ffbced8a000 	c:\Users\Om\.windsurf\extensions\redhat.java-1.53.0-win32-x64\jre\21.0.10-win32-x86_64\bin\jimage.dll
0x00007ffbdb2a0000 - 0x00007ffbdb4a1000 	C:\WINDOWS\SYSTEM32\DBGHELP.DLL
0x00007ffbca1e0000 - 0x00007ffbca214000 	C:\WINDOWS\SYSTEM32\dbgcore.DLL
0x00007ffbdd430000 - 0x00007ffbdd4b2000 	C:\WINDOWS\System32\bcryptPrimitives.dll
0x00007ffbc2a40000 - 0x00007ffbc2a4f000 	c:\Users\Om\.windsurf\extensions\redhat.java-1.53.0-win32-x64\jre\21.0.10-win32-x86_64\bin\instrument.dll
0x00007ffbbe270000 - 0x00007ffbbe290000 	c:\Users\Om\.windsurf\extensions\redhat.java-1.53.0-win32-x64\jre\21.0.10-win32-x86_64\bin\java.dll
0x00007ffbde0a0000 - 0x00007ffbde810000 	C:\WINDOWS\System32\SHELL32.dll
0x00007ffbdaa20000 - 0x00007ffbdb1c5000 	C:\WINDOWS\SYSTEM32\windows.storage.dll
0x00007ffbdd7e0000 - 0x00007ffbddb34000 	C:\WINDOWS\System32\combase.dll
0x00007ffbdc650000 - 0x00007ffbdc67b000 	C:\WINDOWS\SYSTEM32\Wldp.dll
0x00007ffbddcf0000 - 0x00007ffbdddbd000 	C:\WINDOWS\System32\OLEAUT32.dll
0x00007ffbddb40000 - 0x00007ffbddbed000 	C:\WINDOWS\System32\SHCORE.dll
0x00007ffbddbf0000 - 0x00007ffbddc4b000 	C:\WINDOWS\System32\shlwapi.dll
0x00007ffbdcd10000 - 0x00007ffbdcd34000 	C:\WINDOWS\SYSTEM32\profapi.dll
0x00007ffbb85b0000 - 0x00007ffbb85c8000 	c:\Users\Om\.windsurf\extensions\redhat.java-1.53.0-win32-x64\jre\21.0.10-win32-x86_64\bin\zip.dll
0x00007ffbbe9c0000 - 0x00007ffbbe9d0000 	C:\Users\Om\.windsurf\extensions\redhat.java-1.53.0-win32-x64\jre\21.0.10-win32-x86_64\bin\net.dll
0x00007ffbd5220000 - 0x00007ffbd532a000 	C:\WINDOWS\SYSTEM32\WINHTTP.dll
0x00007ffbdc430000 - 0x00007ffbdc49a000 	C:\WINDOWS\system32\mswsock.dll
0x00007ffbb8590000 - 0x00007ffbb85a6000 	C:\Users\Om\.windsurf\extensions\redhat.java-1.53.0-win32-x64\jre\21.0.10-win32-x86_64\bin\nio.dll
0x00007ffbbe300000 - 0x00007ffbbe310000 	c:\Users\Om\.windsurf\extensions\redhat.java-1.53.0-win32-x64\jre\21.0.10-win32-x86_64\bin\verify.dll
0x00007ffba4500000 - 0x00007ffba4545000 	C:\Users\Om\AppData\Roaming\Windsurf\User\globalStorage\redhat.java\1.53.0\config_win\org.eclipse.equinox.launcher\org.eclipse.equinox.launcher.win32.win32.x86_64_1.3.0.v20260203-2149\eclipse_11919.dll
0x00007ffbdf2b0000 - 0x00007ffbdf3db000 	C:\WINDOWS\System32\ole32.dll
0x00007ffbdc690000 - 0x00007ffbdc6a8000 	C:\WINDOWS\SYSTEM32\CRYPTSP.dll
0x00007ffbdbd70000 - 0x00007ffbdbda8000 	C:\WINDOWS\system32\rsaenh.dll
0x00007ffbdccd0000 - 0x00007ffbdccfe000 	C:\WINDOWS\SYSTEM32\USERENV.dll
0x00007ffbdc5c0000 - 0x00007ffbdc5cc000 	C:\WINDOWS\SYSTEM32\CRYPTBASE.dll
0x00007ffbdc130000 - 0x00007ffbdc16b000 	C:\WINDOWS\SYSTEM32\IPHLPAPI.DLL
0x00007ffbdd770000 - 0x00007ffbdd778000 	C:\WINDOWS\System32\NSI.dll
0x00007ffbac1b0000 - 0x00007ffbac1f9000 	C:\Users\Om\AppData\Local\Temp\jna-2558\jna17341423434466717668.dll
0x00007ffbde810000 - 0x00007ffbde818000 	C:\WINDOWS\System32\PSAPI.DLL
0x00007ffbd56e0000 - 0x00007ffbd56f7000 	C:\WINDOWS\SYSTEM32\dhcpcsvc6.DLL
0x00007ffbd5bc0000 - 0x00007ffbd5bdd000 	C:\WINDOWS\SYSTEM32\dhcpcsvc.DLL

JVMTI agents:
c:\Users\Om\.windsurf\extensions\redhat.java-1.53.0-win32-x64\lombok\lombok-1.18.39-4050.jar path:c:\Users\Om\.windsurf\extensions\redhat.java-1.53.0-win32-x64\jre\21.0.10-win32-x86_64\bin\instrument.dll, loaded, initialized, instrumentlib options:none

dbghelp: loaded successfully - version: 4.0.5 - missing functions: none
symbol engine: initialized successfully - sym options: 0x614 - pdb path: .;c:\Users\Om\.windsurf\extensions\redhat.java-1.53.0-win32-x64\jre\21.0.10-win32-x86_64\bin;C:\WINDOWS\SYSTEM32;C:\WINDOWS\WinSxS\amd64_microsoft.windows.common-controls_6595b64144ccf1df_6.0.19041.6456_none_60b8a6cb71f64256;c:\Users\Om\.windsurf\extensions\redhat.java-1.53.0-win32-x64\jre\21.0.10-win32-x86_64\bin\server;C:\Users\Om\AppData\Roaming\Windsurf\User\globalStorage\redhat.java\1.53.0\config_win\org.eclipse.equinox.launcher\org.eclipse.equinox.launcher.win32.win32.x86_64_1.3.0.v20260203-2149;C:\Users\Om\AppData\Local\Temp\jna-2558

VM Arguments:
jvm_args: --add-modules=ALL-SYSTEM --add-opens=java.base/java.util=ALL-UNNAMED --add-opens=java.base/java.lang=ALL-UNNAMED --add-opens=java.base/sun.nio.fs=ALL-UNNAMED -Declipse.application=org.eclipse.jdt.ls.core.id1 -Dosgi.bundles.defaultStartLevel=4 -Declipse.product=org.eclipse.jdt.ls.core.product -Djava.import.generatesMetadataFilesAtProjectRoot=false -DDetectVMInstallationsJob.disabled=true -Dfile.encoding=utf8 -XX:+UseParallelGC -XX:GCTimeRatio=4 -XX:AdaptiveSizePolicyWeight=90 -Dsun.zip.disableMemoryMapping=true -Xmx2G -Xms100m -Xlog:disable -javaagent:c:\Users\Om\.windsurf\extensions\redhat.java-1.53.0-win32-x64\lombok\lombok-1.18.39-4050.jar -XX:+HeapDumpOnOutOfMemoryError -XX:HeapDumpPath=c:\Users\Om\AppData\Roaming\Windsurf\User\workspaceStorage\13f5442babf708a56aa4b164ba688d54\redhat.java -Daether.dependencyCollector.impl=bf 
java_command: c:\Users\Om\.windsurf\extensions\redhat.java-1.53.0-win32-x64\server\plugins\org.eclipse.equinox.launcher_1.7.100.v20251111-0406.jar -configuration c:\Users\Om\AppData\Roaming\Windsurf\User\globalStorage\redhat.java\1.53.0\config_win -data c:\Users\Om\AppData\Roaming\Windsurf\User\workspaceStorage\13f5442babf708a56aa4b164ba688d54\redhat.java\jdt_ws --pipe=\\.\pipe\lsp-74c8f240f46f1d59e33b4eda15572d4a-sock
java_class_path (initial): c:\Users\Om\.windsurf\extensions\redhat.java-1.53.0-win32-x64\server\plugins\org.eclipse.equinox.launcher_1.7.100.v20251111-0406.jar
Launcher Type: SUN_STANDARD

[Global flags]
    uintx AdaptiveSizePolicyWeight                 = 90                                        {product} {command line}
     intx CICompilerCount                          = 3                                         {product} {ergonomic}
    uintx GCTimeRatio                              = 4                                         {product} {command line}
     bool HeapDumpOnOutOfMemoryError               = true                                   {manageable} {command line}
    ccstr HeapDumpPath                             = c:\Users\Om\AppData\Roaming\Windsurf\User\workspaceStorage\13f5442babf708a56aa4b164ba688d54\redhat.java         {manageable} {command line}
   size_t InitialHeapSize                          = 104857600                                 {product} {command line}
   size_t MaxHeapSize                              = 2147483648                                {product} {command line}
   size_t MaxNewSize                               = 715653120                                 {product} {ergonomic}
   size_t MinHeapDeltaBytes                        = 524288                                    {product} {ergonomic}
   size_t MinHeapSize                              = 104857600                                 {product} {command line}
   size_t NewSize                                  = 34603008                                  {product} {ergonomic}
    uintx NonNMethodCodeHeapSize                   = 5832780                                {pd product} {ergonomic}
    uintx NonProfiledCodeHeapSize                  = 122912730                              {pd product} {ergonomic}
   size_t OldSize                                  = 70254592                                  {product} {ergonomic}
    uintx ProfiledCodeHeapSize                     = 122912730                              {pd product} {ergonomic}
    uintx ReservedCodeCacheSize                    = 251658240                              {pd product} {ergonomic}
     bool SegmentedCodeCache                       = true                                      {product} {ergonomic}
   size_t SoftMaxHeapSize                          = 2147483648                             {manageable} {ergonomic}
     bool UseCompressedOops                        = true                           {product lp64_product} {ergonomic}
     bool UseLargePagesIndividualAllocation        = false                                  {pd product} {ergonomic}
     bool UseParallelGC                            = true                                      {product} {command line}

Logging:
Log output configuration:
 #0: stdout all=off uptime,level,tags foldmultilines=false
 #1: stderr all=off uptime,level,tags foldmultilines=false

Release file:
JAVA_VERSION="21.0.10" 
MODULES="java.base java.compiler java.datatransfer java.xml java.prefs java.desktop java.instrument java.logging java.management java.security.sasl java.naming java.rmi java.management.rmi java.net.http java.scripting java.security.jgss java.transaction.xa java.sql java.sql.rowset java.xml.crypto java.se java.smartcardio jdk.accessibility jdk.internal.jvmstat jdk.attach jdk.charsets jdk.internal.opt jdk.zipfs jdk.compiler jdk.crypto.ec jdk.crypto.cryptoki jdk.crypto.mscapi jdk.dynalink jdk.internal.ed jdk.editpad jdk.hotspot.agent jdk.httpserver jdk.internal.le jdk.internal.vm.ci jdk.internal.vm.compiler jdk.internal.vm.compiler.management jdk.jartool jdk.javadoc jdk.jcmd jdk.management jdk.management.agent jdk.jconsole jdk.jdeps jdk.jdwp.agent jdk.jdi jdk.jfr jdk.jshell jdk.jsobject jdk.jstatd jdk.localedata jdk.management.jfr jdk.naming.dns jdk.naming.rmi jdk.net jdk.nio.mapmode jdk.random jdk.sctp jdk.security.auth jdk.security.jgss jdk.unsupported jdk.unsupported.desktop jdk.xml.dom" 

Environment Variables:
JAVA_HOME=C:\Program Files\Java\jdk-17
PATH=E:\apache-maven-3.9.11\bin;C:\Program Files\Common Files\Oracle\Java\javapath;C:\Program Files (x86)\Common Files\Oracle\Java\java8path;C:\Program Files (x86)\Common Files\Oracle\Java\javapath;C:\Python313\Scripts\;C:\Python313\;C:\WINDOWS\system32;C:\WINDOWS;C:\WINDOWS\System32\Wbem;C:\WINDOWS\System32\WindowsPowerShell\v1.0\;C:\WINDOWS\System32\OpenSSH\;F:\MongoDB\mongosh-2.3.3-win32-x64\mongosh-2.3.3-win32-x64\bin;C:\Program Files\Microsoft SQL Server\150\Tools\Binn\;C:\Program Files\MySQL\MySQL Server 8.0\bin;C:\Program Files\Git\cmd;C:\Program Files\nodejs\;C:\ProgramData\chocolatey\bin;C:\Program Files\nodejs;C:\Users\Om\AppData\Roaming\npm;D:\TypeScript\codes;C:\Program Files (x86)\Windows Kits\10\Windows Performance Toolkit\;%JAVA_HOME%\bin;C:\Program Files\Eclipse Adoptium\jre-11.0.28.6-hotspot\bin;C:\Program Files\Eclipse Adoptium\jdk-11.0.28.6-hotspot\bin;C:\Program Files\Java\jdk1.8.0_111\bin;C:\Python313\Scripts\;C:\Python313\;C:\ProgramData\Oracle\Java\javapath;C:\app\Om\product\21c\dbhomeXE\bin;C:\WINDOWS\system32;C:\WINDOWS;C:\WINDOWS\System32\Wbem;C:\WINDOWS\System32\WindowsPowerShell\v1.0\;C:\WINDOWS\System32\OpenSSH\;F:\MongoDB\mongosh-2.3.3-win32-x64\mongosh-2.3.3-win32-x64\bin;C:\Program Files\Microsoft SQL Server\150\Tools\Binn\;C:\Program Files\MySQL\MySQL Server 8.0\bin;C:\Program Files\Git\cmd;C:\Program Files\nodejs\;C:\ProgramData\chocolatey\bin;C:\Program Files\nodejs;C:\Users\Om\AppData\Roaming\npm;D:\TypeScript\codes;C:\Program Files (x86)\Windows Kits\10\Windows Performance Toolkit\;E:\apache-maven-3.9.11\bin;C:\Program Files\MySQL\MySQL Shell 8.0\bin\;C:\Users\Om\AppData\Local\Microsoft\WindowsApps;C:\Users\Om\AppData\Local\Programs\Microsoft VS Code\bin;C:\Users\Om\AppData\Roaming\npm;C:\Users\Om\AppData\Local\Programs\Windsurf\bin;C:\Users\Om\AppData\Local\Programs\cursor\resources\app\bin;C:\Program Files\Java\jdk1.8.0_111\bin;C:\Users\Om\AppData\Local\GitHubDesktop\bin
USERNAME=Om
OS=Windows_NT
PROCESSOR_IDENTIFIER=Intel64 Family 6 Model 142 Stepping 9, GenuineIntel
TMP=C:\Users\Om\AppData\Local\Temp
TEMP=C:\Users\Om\AppData\Local\Temp




Periodic native trim disabled

---------------  S Y S T E M  ---------------

OS:
 Windows 10 , 64 bit Build 19041 (10.0.19041.5915)
OS uptime: 0 days 6:20 hours
Hyper-V role detected

CPU: total 4 (initial active 4) (2 cores per cpu, 2 threads per core) family 6 model 142 stepping 9 microcode 0xb4, cx8, cmov, fxsr, ht, mmx, 3dnowpref, sse, sse2, sse3, ssse3, sse4.1, sse4.2, popcnt, lzcnt, tsc, tscinvbit, avx, avx2, aes, erms, clmul, bmi1, bmi2, adx, fma, vzeroupper, clflush, clflushopt, hv, rdtscp, f16c
Processor Information for the first 4 processors :
  Max Mhz: 2300, Current Mhz: 2300, Mhz Limit: 2300

Memory: 4k page, system-wide physical 3962M (277M free)
TotalPageFile size 16250M (AvailPageFile size 775M)
current process WorkingSet (physical memory assigned to process): 8M, peak: 298M
current process commit charge ("private bytes"): 591M, peak: 592M

vm_info: OpenJDK 64-Bit Server VM (21.0.10+7-LTS) for windows-amd64 JRE (21.0.10+7-LTS), built on 2026-01-20T00:00:00Z by "admin" with MS VC++ 17.12 (VS2022)

END.
