#
# There is insufficient memory for the Java Runtime Environment to continue.
# Native memory allocation (malloc) failed to allocate 32784 bytes for Chunk::new
# Possible reasons:
#   The system is out of physical RAM or swap space
#   The process is running with CompressedOops enabled, and the Java Heap may be blocking the growth of the native heap
# Possible solutions:
#   Reduce memory load on the system
#   Increase physical memory or swap space
#   Check if swap backing store is full
#   Decrease Java heap size (-Xmx/-Xms)
#   Decrease number of Java threads
#   Decrease Java thread stack sizes (-Xss)
#   Set larger code cache with -XX:ReservedCodeCacheSize=
#     placed in the first 4GB address space. The Java Heap base address is the
#     maximum limit for the native heap growth. Please use -XX:HeapBaseMinAddress
#     to set the Java Heap base and to place the Java Heap above 4GB virtual address.
# This output file may be truncated or incomplete.
#
#  Out of Memory Error (arena.cpp:189), pid=11868, tid=13560
#
# JRE version: Java(TM) SE Runtime Environment (17.0.17+8) (build 17.0.17+8-LTS-360)
# Java VM: Java HotSpot(TM) 64-Bit Server VM (17.0.17+8-LTS-360, mixed mode, sharing, tiered, compressed oops, compressed class ptrs, g1 gc, windows-amd64)
# No core dump will be written. Minidumps are not enabled by default on client versions of Windows
#

---------------  S U M M A R Y ------------

Command Line: --enable-native-access=ALL-UNNAMED -Dclassworlds.conf=E:\apache-maven-3.9.11\bin\m2.conf -Dmaven.home=E:\apache-maven-3.9.11 -Dlibrary.jansi.path=E:\apache-maven-3.9.11\lib\jansi-native -Dmaven.multiModuleProjectDirectory=D:\FinalProjectMain\FinalProject org.codehaus.plexus.classworlds.launcher.Launcher spring-boot:run

Host: Intel(R) Core(TM) i3-7020U CPU @ 2.30GHz, 4 cores, 3G,  Windows 10 , 64 bit Build 19041 (10.0.19041.5915)
Time: Mon Mar  2 16:17:25 2026 India Standard Time elapsed time: 86.224816 seconds (0d 0h 1m 26s)

---------------  T H R E A D  ---------------

Current thread (0x00000223be178840):  JavaThread "C2 CompilerThread0" daemon [_thread_in_native, id=13560, stack(0x0000003aafc00000,0x0000003aafd00000)]


Current CompileTask:
C2:  86231 5034       4       sun.nio.cs.StreamDecoder::implRead (243 bytes)

Stack: [0x0000003aafc00000,0x0000003aafd00000]
Native frames: (J=compiled Java code, j=interpreted, Vv=VM code, C=native code)
V  [jvm.dll+0x67a0ea]
V  [jvm.dll+0x7da56d]
V  [jvm.dll+0x7dbeb3]
V  [jvm.dll+0x7dc523]
V  [jvm.dll+0x2453af]
V  [jvm.dll+0xab763]
V  [jvm.dll+0xabd2c]
V  [jvm.dll+0xab874]
V  [jvm.dll+0x658ecc]
V  [jvm.dll+0x21dfb9]
V  [jvm.dll+0x69d46a]
V  [jvm.dll+0x218204]
V  [jvm.dll+0x215e85]
V  [jvm.dll+0x1a2b50]
V  [jvm.dll+0x22642b]
V  [jvm.dll+0x2245cb]
V  [jvm.dll+0x790964]
V  [jvm.dll+0x78af4a]
V  [jvm.dll+0x678fd5]
C  [ucrtbase.dll+0x21bb2]
C  [KERNEL32.DLL+0x17374]
C  [ntdll.dll+0x4cc91]


---------------  P R O C E S S  ---------------

Threads class SMR info:
_java_thread_list=0x00000224041f5680, length=13, elements={
0x00000223a2f27920, 0x00000223a2fe7ea0, 0x00000223a2fe8d10, 0x00000223a2ffe8a0,
0x00000223be1733f0, 0x00000223be173cb0, 0x00000223be174660, 0x00000223be178840,
0x00000223be183300, 0x00000223be185d00, 0x00000223be3b17d0, 0x00000223be3b3cb0,
0x00000223bed8d930
}

Java Threads: ( => current thread )
  0x00000223a2f27920 JavaThread "main" [_thread_in_vm, id=9228, stack(0x0000003aaef00000,0x0000003aaf000000)]
  0x00000223a2fe7ea0 JavaThread "Reference Handler" daemon [_thread_blocked, id=7756, stack(0x0000003aaf600000,0x0000003aaf700000)]
  0x00000223a2fe8d10 JavaThread "Finalizer" daemon [_thread_blocked, id=1536, stack(0x0000003aaf700000,0x0000003aaf800000)]
  0x00000223a2ffe8a0 JavaThread "Signal Dispatcher" daemon [_thread_blocked, id=2084, stack(0x0000003aaf800000,0x0000003aaf900000)]
  0x00000223be1733f0 JavaThread "Attach Listener" daemon [_thread_blocked, id=9572, stack(0x0000003aaf900000,0x0000003aafa00000)]
  0x00000223be173cb0 JavaThread "Service Thread" daemon [_thread_blocked, id=9068, stack(0x0000003aafa00000,0x0000003aafb00000)]
  0x00000223be174660 JavaThread "Monitor Deflation Thread" daemon [_thread_blocked, id=2348, stack(0x0000003aafb00000,0x0000003aafc00000)]
=>0x00000223be178840 JavaThread "C2 CompilerThread0" daemon [_thread_in_native, id=13560, stack(0x0000003aafc00000,0x0000003aafd00000)]
  0x00000223be183300 JavaThread "C1 CompilerThread0" daemon [_thread_in_native, id=8796, stack(0x0000003aafd00000,0x0000003aafe00000)]
  0x00000223be185d00 JavaThread "Sweeper thread" daemon [_thread_blocked, id=4056, stack(0x0000003aafe00000,0x0000003aaff00000)]
  0x00000223be3b17d0 JavaThread "Notification Thread" daemon [_thread_blocked, id=11912, stack(0x0000003aaff00000,0x0000003ab0000000)]
  0x00000223be3b3cb0 JavaThread "Common-Cleaner" daemon [_thread_blocked, id=15264, stack(0x0000003ab0100000,0x0000003ab0200000)]
  0x00000223bed8d930 JavaThread "Thread-1" daemon [_thread_blocked, id=11580, stack(0x0000003ab0600000,0x0000003ab0700000)]

Other Threads:
  0x00000223a2fe42a0 VMThread "VM Thread" [stack: 0x0000003aaf500000,0x0000003aaf600000] [id=9232] _threads_hazard_ptr=0x00000224041f5680
  0x00000223a2f76690 WatcherThread [stack: 0x0000003ab0000000,0x0000003ab0100000] [id=5284]
  0x00000223a2f64730 GCTaskThread "GC Thread#0" [stack: 0x0000003aaf000000,0x0000003aaf100000] [id=6264]
  0x00000223bebdfd00 GCTaskThread "GC Thread#1" [stack: 0x0000003ab0200000,0x0000003ab0300000] [id=2304]
  0x00000223bebf5210 GCTaskThread "GC Thread#2" [stack: 0x0000003ab0300000,0x0000003ab0400000] [id=14184]
  0x00000223bebf54d0 GCTaskThread "GC Thread#3" [stack: 0x0000003ab0400000,0x0000003ab0500000] [id=7276]
  0x00000223a2f6d280 ConcurrentGCThread "G1 Main Marker" [stack: 0x0000003aaf100000,0x0000003aaf200000] [id=11800]
  0x00000223a2f6dc90 ConcurrentGCThread "G1 Conc#0" [stack: 0x0000003aaf200000,0x0000003aaf300000] [id=11248]
  0x00000223a2fbf880 ConcurrentGCThread "G1 Refine#0" [stack: 0x0000003aaf300000,0x0000003aaf400000] [id=9744]
  0x00000223bebf5790 ConcurrentGCThread "G1 Refine#1" [stack: 0x0000003ab0500000,0x0000003ab0600000] [id=15076]
  0x00000223a2fc02b0 ConcurrentGCThread "G1 Service" [stack: 0x0000003aaf400000,0x0000003aaf500000] [id=4048]

Threads with active compile tasks:
C2 CompilerThread0    86885 5034       4       sun.nio.cs.StreamDecoder::implRead (243 bytes)
C1 CompilerThread0    86885 5035       3       java.io.OutputStream::flush (1 bytes)

VM state: synchronizing (normal execution)

VM Mutex/Monitor currently owned by a thread:  ([mutex/lock_event])
[0x00000223a2f25000] Threads_lock - owner thread: 0x00000223a2fe42a0

OutOfMemory and StackOverflow Exception counts:
OutOfMemoryError java_heap_errors=1
LinkageErrors=29

Heap address: 0x00000000c2000000, size: 992 MB, Compressed Oops mode: 32-bit

CDS archive(s) mapped at: [0x00000223bf000000-0x00000223bfbd0000-0x00000223bfbd0000), size 12386304, SharedBaseAddress: 0x00000223bf000000, ArchiveRelocationMode: 1.
Compressed class space mapped at: 0x00000223c0000000-0x0000022400000000, reserved size: 1073741824
Narrow klass base: 0x00000223bf000000, Narrow klass shift: 0, Narrow klass range: 0x100000000

GC Precious Log:
 CPUs: 4 total, 4 available
 Memory: 3962M
 Large Page Support: Disabled
 NUMA Support: Disabled
 Compressed Oops: Enabled (32-bit)
 Heap Region Size: 1M
 Heap Min Capacity: 8M
 Heap Initial Capacity: 62M
 Heap Max Capacity: 992M
 Pre-touch: Disabled
 Parallel Workers: 4
 Concurrent Workers: 1
 Concurrent Refinement Workers: 4
 Periodic GC: Disabled

Heap:
 garbage-first heap   total 81920K, used 42703K [0x00000000c2000000, 0x0000000100000000)
  region size 1024K, 29 young (29696K), 1 survivors (1024K)
 Metaspace       used 18312K, committed 18624K, reserved 1114112K
  class space    used 2074K, committed 2240K, reserved 1048576K

Heap Regions: E=young(eden), S=young(survivor), O=old, HS=humongous(starts), HC=humongous(continues), CS=collection set, F=free, OA=open archive, CA=closed archive, TAMS=top-at-mark-start (previous, next)
|   0|0x00000000c2000000, 0x00000000c2100000, 0x00000000c2100000|100%| O|  |TAMS 0x00000000c2100000, 0x00000000c2000000| Untracked 
|   1|0x00000000c2100000, 0x00000000c2200000, 0x00000000c2200000|100%| O|  |TAMS 0x00000000c2200000, 0x00000000c2100000| Untracked 
|   2|0x00000000c2200000, 0x00000000c2300000, 0x00000000c2300000|100%| O|  |TAMS 0x00000000c2300000, 0x00000000c2200000| Untracked 
|   3|0x00000000c2300000, 0x00000000c2400000, 0x00000000c2400000|100%| O|  |TAMS 0x00000000c2400000, 0x00000000c2300000| Untracked 
|   4|0x00000000c2400000, 0x00000000c2500000, 0x00000000c2500000|100%| O|  |TAMS 0x00000000c2500000, 0x00000000c2400000| Untracked 
|   5|0x00000000c2500000, 0x00000000c2600000, 0x00000000c2600000|100%| O|  |TAMS 0x00000000c2600000, 0x00000000c2500000| Untracked 
|   6|0x00000000c2600000, 0x00000000c2700000, 0x00000000c2700000|100%| O|  |TAMS 0x00000000c2700000, 0x00000000c2600000| Untracked 
|   7|0x00000000c2700000, 0x00000000c2800000, 0x00000000c2800000|100%| O|  |TAMS 0x00000000c2800000, 0x00000000c2700000| Untracked 
|   8|0x00000000c2800000, 0x00000000c2900000, 0x00000000c2900000|100%| O|  |TAMS 0x00000000c2900000, 0x00000000c2800000| Untracked 
|   9|0x00000000c2900000, 0x00000000c2a00000, 0x00000000c2a00000|100%| O|  |TAMS 0x00000000c2a00000, 0x00000000c2900000| Untracked 
|  10|0x00000000c2a00000, 0x00000000c2b00000, 0x00000000c2b00000|100%| O|  |TAMS 0x00000000c2b00000, 0x00000000c2a00000| Untracked 
|  11|0x00000000c2b00000, 0x00000000c2b00000, 0x00000000c2c00000|  0%| F|  |TAMS 0x00000000c2b00000, 0x00000000c2b00000| Untracked 
|  12|0x00000000c2c00000, 0x00000000c2c00000, 0x00000000c2d00000|  0%| F|  |TAMS 0x00000000c2c00000, 0x00000000c2c00000| Untracked 
|  13|0x00000000c2d00000, 0x00000000c2d00000, 0x00000000c2e00000|  0%| F|  |TAMS 0x00000000c2d00000, 0x00000000c2d00000| Untracked 
|  14|0x00000000c2e00000, 0x00000000c2e00000, 0x00000000c2f00000|  0%| F|  |TAMS 0x00000000c2e00000, 0x00000000c2e00000| Untracked 
|  15|0x00000000c2f00000, 0x00000000c2f00000, 0x00000000c3000000|  0%| F|  |TAMS 0x00000000c2f00000, 0x00000000c2f00000| Untracked 
|  16|0x00000000c3000000, 0x00000000c3000000, 0x00000000c3100000|  0%| F|  |TAMS 0x00000000c3000000, 0x00000000c3000000| Untracked 
|  17|0x00000000c3100000, 0x00000000c3100000, 0x00000000c3200000|  0%| F|  |TAMS 0x00000000c3100000, 0x00000000c3100000| Untracked 
|  18|0x00000000c3200000, 0x00000000c3200000, 0x00000000c3300000|  0%| F|  |TAMS 0x00000000c3200000, 0x00000000c3200000| Untracked 
|  19|0x00000000c3300000, 0x00000000c3300000, 0x00000000c3400000|  0%| F|  |TAMS 0x00000000c3300000, 0x00000000c3300000| Untracked 
|  20|0x00000000c3400000, 0x00000000c3400000, 0x00000000c3500000|  0%| F|  |TAMS 0x00000000c3400000, 0x00000000c3400000| Untracked 
|  21|0x00000000c3500000, 0x00000000c3500000, 0x00000000c3600000|  0%| F|  |TAMS 0x00000000c3500000, 0x00000000c3500000| Untracked 
|  22|0x00000000c3600000, 0x00000000c3600000, 0x00000000c3700000|  0%| F|  |TAMS 0x00000000c3600000, 0x00000000c3600000| Untracked 
|  23|0x00000000c3700000, 0x00000000c3700000, 0x00000000c3800000|  0%| F|  |TAMS 0x00000000c3700000, 0x00000000c3700000| Untracked 
|  24|0x00000000c3800000, 0x00000000c3800000, 0x00000000c3900000|  0%| F|  |TAMS 0x00000000c3800000, 0x00000000c3800000| Untracked 
|  25|0x00000000c3900000, 0x00000000c3900000, 0x00000000c3a00000|  0%| F|  |TAMS 0x00000000c3900000, 0x00000000c3900000| Untracked 
|  26|0x00000000c3a00000, 0x00000000c3a00000, 0x00000000c3b00000|  0%| F|  |TAMS 0x00000000c3a00000, 0x00000000c3a00000| Untracked 
|  27|0x00000000c3b00000, 0x00000000c3b00000, 0x00000000c3c00000|  0%| F|  |TAMS 0x00000000c3b00000, 0x00000000c3b00000| Untracked 
|  28|0x00000000c3c00000, 0x00000000c3c00000, 0x00000000c3d00000|  0%| F|  |TAMS 0x00000000c3c00000, 0x00000000c3c00000| Untracked 
|  29|0x00000000c3d00000, 0x00000000c3d00000, 0x00000000c3e00000|  0%| F|  |TAMS 0x00000000c3d00000, 0x00000000c3d00000| Untracked 
|  30|0x00000000c3e00000, 0x00000000c3e00000, 0x00000000c3f00000|  0%| F|  |TAMS 0x00000000c3e00000, 0x00000000c3e00000| Untracked 
|  31|0x00000000c3f00000, 0x00000000c4000000, 0x00000000c4000000|100%| O|  |TAMS 0x00000000c3f00000, 0x00000000c3f00000| Untracked 
|  32|0x00000000c4000000, 0x00000000c40f1a00, 0x00000000c4100000| 94%| O|  |TAMS 0x00000000c4000000, 0x00000000c4000000| Untracked 
|  33|0x00000000c4100000, 0x00000000c4100000, 0x00000000c4200000|  0%| F|  |TAMS 0x00000000c4100000, 0x00000000c4100000| Untracked 
|  34|0x00000000c4200000, 0x00000000c4200000, 0x00000000c4300000|  0%| F|  |TAMS 0x00000000c4200000, 0x00000000c4200000| Untracked 
|  35|0x00000000c4300000, 0x00000000c4400000, 0x00000000c4400000|100%| O|  |TAMS 0x00000000c4300000, 0x00000000c4300000| Untracked 
|  36|0x00000000c4400000, 0x00000000c4400000, 0x00000000c4500000|  0%| F|  |TAMS 0x00000000c4400000, 0x00000000c4400000| Untracked 
|  37|0x00000000c4500000, 0x00000000c4500000, 0x00000000c4600000|  0%| F|  |TAMS 0x00000000c4500000, 0x00000000c4500000| Untracked 
|  38|0x00000000c4600000, 0x00000000c4600000, 0x00000000c4700000|  0%| F|  |TAMS 0x00000000c4600000, 0x00000000c4600000| Untracked 
|  39|0x00000000c4700000, 0x00000000c4700000, 0x00000000c4800000|  0%| F|  |TAMS 0x00000000c4700000, 0x00000000c4700000| Untracked 
|  40|0x00000000c4800000, 0x00000000c4800000, 0x00000000c4900000|  0%| F|  |TAMS 0x00000000c4800000, 0x00000000c4800000| Untracked 
|  41|0x00000000c4900000, 0x00000000c4900000, 0x00000000c4a00000|  0%| F|  |TAMS 0x00000000c4900000, 0x00000000c4900000| Untracked 
|  42|0x00000000c4a00000, 0x00000000c4a00000, 0x00000000c4b00000|  0%| F|  |TAMS 0x00000000c4a00000, 0x00000000c4a00000| Untracked 
|  43|0x00000000c4b00000, 0x00000000c4b00000, 0x00000000c4c00000|  0%| F|  |TAMS 0x00000000c4b00000, 0x00000000c4b00000| Untracked 
|  44|0x00000000c4c00000, 0x00000000c4c00000, 0x00000000c4d00000|  0%| F|  |TAMS 0x00000000c4c00000, 0x00000000c4c00000| Untracked 
|  45|0x00000000c4d00000, 0x00000000c4d00000, 0x00000000c4e00000|  0%| F|  |TAMS 0x00000000c4d00000, 0x00000000c4d00000| Untracked 
|  46|0x00000000c4e00000, 0x00000000c4e00000, 0x00000000c4f00000|  0%| F|  |TAMS 0x00000000c4e00000, 0x00000000c4e00000| Untracked 
|  47|0x00000000c4f00000, 0x00000000c4f00000, 0x00000000c5000000|  0%| F|  |TAMS 0x00000000c4f00000, 0x00000000c4f00000| Untracked 
|  48|0x00000000c5000000, 0x00000000c5000000, 0x00000000c5100000|  0%| F|  |TAMS 0x00000000c5000000, 0x00000000c5000000| Untracked 
|  49|0x00000000c5100000, 0x00000000c5100000, 0x00000000c5200000|  0%| F|  |TAMS 0x00000000c5100000, 0x00000000c5100000| Untracked 
|  50|0x00000000c5200000, 0x00000000c5200000, 0x00000000c5300000|  0%| F|  |TAMS 0x00000000c5200000, 0x00000000c5200000| Untracked 
|  51|0x00000000c5300000, 0x00000000c5380800, 0x00000000c5400000| 50%| E|  |TAMS 0x00000000c5300000, 0x00000000c5300000| Complete 
|  52|0x00000000c5400000, 0x00000000c5500000, 0x00000000c5500000|100%| E|CS|TAMS 0x00000000c5400000, 0x00000000c5400000| Complete 
|  53|0x00000000c5500000, 0x00000000c5600000, 0x00000000c5600000|100%| E|CS|TAMS 0x00000000c5500000, 0x00000000c5500000| Complete 
|  54|0x00000000c5600000, 0x00000000c5700000, 0x00000000c5700000|100%| E|CS|TAMS 0x00000000c5600000, 0x00000000c5600000| Complete 
|  55|0x00000000c5700000, 0x00000000c5800000, 0x00000000c5800000|100%| E|CS|TAMS 0x00000000c5700000, 0x00000000c5700000| Complete 
|  56|0x00000000c5800000, 0x00000000c5900000, 0x00000000c5900000|100%| E|CS|TAMS 0x00000000c5800000, 0x00000000c5800000| Complete 
|  57|0x00000000c5900000, 0x00000000c5a00000, 0x00000000c5a00000|100%| E|CS|TAMS 0x00000000c5900000, 0x00000000c5900000| Complete 
|  58|0x00000000c5a00000, 0x00000000c5b00000, 0x00000000c5b00000|100%| E|CS|TAMS 0x00000000c5a00000, 0x00000000c5a00000| Complete 
|  59|0x00000000c5b00000, 0x00000000c5c00000, 0x00000000c5c00000|100%| E|CS|TAMS 0x00000000c5b00000, 0x00000000c5b00000| Complete 
|  60|0x00000000c5c00000, 0x00000000c5d00000, 0x00000000c5d00000|100%| E|CS|TAMS 0x00000000c5c00000, 0x00000000c5c00000| Complete 
|  61|0x00000000c5d00000, 0x00000000c5e00000, 0x00000000c5e00000|100%| E|CS|TAMS 0x00000000c5d00000, 0x00000000c5d00000| Complete 
|  62|0x00000000c5e00000, 0x00000000c5f00000, 0x00000000c5f00000|100%| E|CS|TAMS 0x00000000c5e00000, 0x00000000c5e00000| Complete 
|  63|0x00000000c5f00000, 0x00000000c6000000, 0x00000000c6000000|100%| E|CS|TAMS 0x00000000c5f00000, 0x00000000c5f00000| Complete 
|  64|0x00000000c6000000, 0x00000000c6100000, 0x00000000c6100000|100%| E|CS|TAMS 0x00000000c6000000, 0x00000000c6000000| Complete 
|  65|0x00000000c6100000, 0x00000000c61c25c0, 0x00000000c6200000| 75%| S|CS|TAMS 0x00000000c6100000, 0x00000000c6100000| Complete 
|  66|0x00000000c6200000, 0x00000000c6300000, 0x00000000c6300000|100%| E|CS|TAMS 0x00000000c6200000, 0x00000000c6200000| Complete 
|  67|0x00000000c6300000, 0x00000000c6400000, 0x00000000c6400000|100%| E|CS|TAMS 0x00000000c6300000, 0x00000000c6300000| Complete 
|  68|0x00000000c6400000, 0x00000000c6500000, 0x00000000c6500000|100%| E|CS|TAMS 0x00000000c6400000, 0x00000000c6400000| Complete 
|  69|0x00000000c6500000, 0x00000000c6600000, 0x00000000c6600000|100%| E|CS|TAMS 0x00000000c6500000, 0x00000000c6500000| Complete 
|  70|0x00000000c6600000, 0x00000000c6700000, 0x00000000c6700000|100%| E|CS|TAMS 0x00000000c6600000, 0x00000000c6600000| Complete 
|  71|0x00000000c6700000, 0x00000000c6800000, 0x00000000c6800000|100%| E|CS|TAMS 0x00000000c6700000, 0x00000000c6700000| Complete 
|  72|0x00000000c6800000, 0x00000000c6900000, 0x00000000c6900000|100%| E|CS|TAMS 0x00000000c6800000, 0x00000000c6800000| Complete 
|  73|0x00000000c6900000, 0x00000000c6a00000, 0x00000000c6a00000|100%| E|CS|TAMS 0x00000000c6900000, 0x00000000c6900000| Complete 
|  74|0x00000000c6a00000, 0x00000000c6b00000, 0x00000000c6b00000|100%| E|CS|TAMS 0x00000000c6a00000, 0x00000000c6a00000| Complete 
|  75|0x00000000c6b00000, 0x00000000c6c00000, 0x00000000c6c00000|100%| E|CS|TAMS 0x00000000c6b00000, 0x00000000c6b00000| Complete 
|  76|0x00000000c6c00000, 0x00000000c6d00000, 0x00000000c6d00000|100%| E|CS|TAMS 0x00000000c6c00000, 0x00000000c6c00000| Complete 
|  77|0x00000000c6d00000, 0x00000000c6e00000, 0x00000000c6e00000|100%| E|CS|TAMS 0x00000000c6d00000, 0x00000000c6d00000| Complete 
|  78|0x00000000c6e00000, 0x00000000c6f00000, 0x00000000c6f00000|100%| E|CS|TAMS 0x00000000c6e00000, 0x00000000c6e00000| Complete 
|  79|0x00000000c6f00000, 0x00000000c7000000, 0x00000000c7000000|100%| E|CS|TAMS 0x00000000c6f00000, 0x00000000c6f00000| Complete 

Card table byte_map: [0x00000223b9a40000,0x00000223b9c30000] _byte_map_base: 0x00000223b9430000

Marking Bits (Prev, Next): (CMBitMap*) 0x00000223a2f64d90, (CMBitMap*) 0x00000223a2f64d50
 Prev Bits: [0x00000223bada0000, 0x00000223bbd20000)
 Next Bits: [0x00000223b9e20000, 0x00000223bada0000)

Polling page: 0x00000223a0ed0000

Metaspace:

Usage:
  Non-class:     15.86 MB used.
      Class:      2.03 MB used.
       Both:     17.88 MB used.

Virtual space:
  Non-class space:       64.00 MB reserved,      16.00 MB ( 25%) committed,  1 nodes.
      Class space:        1.00 GB reserved,       2.19 MB ( <1%) committed,  1 nodes.
             Both:        1.06 GB reserved,      18.19 MB (  2%) committed. 

Chunk freelists:
   Non-Class:  15.84 MB
       Class:  13.72 MB
        Both:  29.56 MB

MaxMetaspaceSize: unlimited
CompressedClassSpaceSize: 1.00 GB
Initial GC threshold: 21.00 MB
Current GC threshold: 28.69 MB
CDS: on
MetaspaceReclaimPolicy: balanced
 - commit_granule_bytes: 65536.
 - commit_granule_words: 8192.
 - virtual_space_node_default_size: 8388608.
 - enlarge_chunks_in_place: 1.
 - new_chunks_are_fully_committed: 0.
 - uncommit_free_chunks: 1.
 - use_allocation_guard: 0.
 - handle_deallocations: 1.


Internal statistics:

num_allocs_failed_limit: 0.
num_arena_births: 134.
num_arena_deaths: 0.
num_vsnodes_births: 2.
num_vsnodes_deaths: 0.
num_space_committed: 291.
num_space_uncommitted: 0.
num_chunks_returned_to_freelist: 0.
num_chunks_taken_from_freelist: 790.
num_chunk_merges: 0.
num_chunk_splits: 534.
num_chunks_enlarged: 425.
num_inconsistent_stats: 0.

CodeHeap 'non-profiled nmethods': size=120000Kb used=2840Kb max_used=2840Kb free=117159Kb
 bounds [0x00000223b2320000, 0x00000223b25f0000, 0x00000223b9850000]
CodeHeap 'profiled nmethods': size=120000Kb used=11178Kb max_used=11178Kb free=108821Kb
 bounds [0x00000223aa850000, 0x00000223ab340000, 0x00000223b1d80000]
CodeHeap 'non-nmethods': size=5760Kb used=1188Kb max_used=1249Kb free=4571Kb
 bounds [0x00000223b1d80000, 0x00000223b1ff0000, 0x00000223b2320000]
 total_blobs=5514 nmethods=5030 adapters=396
 compilation: enabled
              stopped_count=0, restarted_count=0
 full_count=0

Compilation events (20 events):
Event: 85.752 Thread 0x00000223be178840 nmethod 5024 0x00000223b25e3f90 code [0x00000223b25e4100, 0x00000223b25e4178]
Event: 85.752 Thread 0x00000223be178840 5025       4       java.util.jar.Manifest$FastInputStream::readLine (9 bytes)
Event: 85.767 Thread 0x00000223be183300 5027       1       org.eclipse.sisu.plexus.PlexusTypeRegistry::getSpace (5 bytes)
Event: 85.768 Thread 0x00000223be183300 nmethod 5027 0x00000223b25e4290 code [0x00000223b25e4420, 0x00000223b25e44f8]
Event: 85.770 Thread 0x00000223be178840 nmethod 5025 0x00000223b25e4590 code [0x00000223b25e4740, 0x00000223b25e4ed8]
Event: 85.770 Thread 0x00000223be178840 5026       4       java.lang.String::toLowerCase (29 bytes)
Event: 85.780 Thread 0x00000223be183300 5028   !   3       sun.net.www.protocol.jar.JarURLConnection::connect (196 bytes)
Event: 85.782 Thread 0x00000223be183300 nmethod 5028 0x00000223ab336f90 code [0x00000223ab3372c0, 0x00000223ab3384c8]
Event: 85.782 Thread 0x00000223be183300 5029       3       sun.net.www.protocol.jar.URLJarFile::isFileURL (50 bytes)
Event: 85.783 Thread 0x00000223be183300 nmethod 5029 0x00000223ab338a10 code [0x00000223ab338c00, 0x00000223ab339008]
Event: 85.792 Thread 0x00000223be178840 nmethod 5026 0x00000223b25e5410 code [0x00000223b25e55c0, 0x00000223b25e5e98]
Event: 85.801 Thread 0x00000223be183300 5030       3       sun.net.www.protocol.jar.Handler::openConnection (10 bytes)
Event: 85.802 Thread 0x00000223be183300 nmethod 5030 0x00000223ab339190 code [0x00000223ab339340, 0x00000223ab3394e8]
Event: 85.802 Thread 0x00000223be183300 5031       3       sun.net.www.protocol.jar.JarURLConnection::<init> (44 bytes)
Event: 85.802 Thread 0x00000223be183300 nmethod 5031 0x00000223ab339590 code [0x00000223ab339780, 0x00000223ab339db8]
Event: 85.802 Thread 0x00000223be183300 5032       3       java.net.JarURLConnection::<init> (11 bytes)
Event: 85.803 Thread 0x00000223be183300 nmethod 5032 0x00000223ab339f90 code [0x00000223ab33a140, 0x00000223ab33a2b8]
Event: 85.823 Thread 0x00000223be183300 5033       3       sun.net.www.protocol.jar.URLJarFile::getJarFile (46 bytes)
Event: 85.824 Thread 0x00000223be183300 nmethod 5033 0x00000223ab33a390 code [0x00000223ab33a580, 0x00000223ab33a978]
Event: 85.844 Thread 0x00000223be178840 5034       4       sun.nio.cs.StreamDecoder::implRead (243 bytes)

GC Heap History (18 events):
Event: 2.833 GC heap before
{Heap before GC invocations=0 (full 0):
 garbage-first heap   total 63488K, used 12288K [0x00000000c2000000, 0x0000000100000000)
  region size 1024K, 13 young (13312K), 0 survivors (0K)
 Metaspace       used 3590K, committed 3776K, reserved 1114112K
  class space    used 382K, committed 448K, reserved 1048576K
}
Event: 2.847 GC heap after
{Heap after GC invocations=1 (full 0):
 garbage-first heap   total 63488K, used 3268K [0x00000000c2000000, 0x0000000100000000)
  region size 1024K, 2 young (2048K), 2 survivors (2048K)
 Metaspace       used 3590K, committed 3776K, reserved 1114112K
  class space    used 382K, committed 448K, reserved 1048576K
}
Event: 4.239 GC heap before
{Heap before GC invocations=1 (full 0):
 garbage-first heap   total 63488K, used 15556K [0x00000000c2000000, 0x0000000100000000)
  region size 1024K, 14 young (14336K), 2 survivors (2048K)
 Metaspace       used 5539K, committed 5760K, reserved 1114112K
  class space    used 672K, committed 768K, reserved 1048576K
}
Event: 4.246 GC heap after
{Heap after GC invocations=2 (full 0):
 garbage-first heap   total 63488K, used 3962K [0x00000000c2000000, 0x0000000100000000)
  region size 1024K, 1 young (1024K), 1 survivors (1024K)
 Metaspace       used 5539K, committed 5760K, reserved 1114112K
  class space    used 672K, committed 768K, reserved 1048576K
}
Event: 5.889 GC heap before
{Heap before GC invocations=2 (full 0):
 garbage-first heap   total 63488K, used 27514K [0x00000000c2000000, 0x0000000100000000)
  region size 1024K, 25 young (25600K), 1 survivors (1024K)
 Metaspace       used 8785K, committed 8960K, reserved 1114112K
  class space    used 1063K, committed 1152K, reserved 1048576K
}
Event: 5.895 GC heap after
{Heap after GC invocations=3 (full 0):
 garbage-first heap   total 63488K, used 5015K [0x00000000c2000000, 0x0000000100000000)
  region size 1024K, 2 young (2048K), 2 survivors (2048K)
 Metaspace       used 8785K, committed 8960K, reserved 1114112K
  class space    used 1063K, committed 1152K, reserved 1048576K
}
Event: 13.669 GC heap before
{Heap before GC invocations=3 (full 0):
 garbage-first heap   total 63488K, used 40855K [0x00000000c2000000, 0x0000000100000000)
  region size 1024K, 37 young (37888K), 2 survivors (2048K)
 Metaspace       used 14676K, committed 14848K, reserved 1114112K
  class space    used 1784K, committed 1856K, reserved 1048576K
}
Event: 13.692 GC heap after
{Heap after GC invocations=4 (full 0):
 garbage-first heap   total 63488K, used 8614K [0x00000000c2000000, 0x0000000100000000)
  region size 1024K, 5 young (5120K), 5 survivors (5120K)
 Metaspace       used 14676K, committed 14848K, reserved 1114112K
  class space    used 1784K, committed 1856K, reserved 1048576K
}
Event: 24.476 GC heap before
{Heap before GC invocations=4 (full 0):
 garbage-first heap   total 63488K, used 41382K [0x00000000c2000000, 0x0000000100000000)
  region size 1024K, 37 young (37888K), 5 survivors (5120K)
 Metaspace       used 15544K, committed 15744K, reserved 1114112K
  class space    used 1858K, committed 1920K, reserved 1048576K
}
Event: 24.505 GC heap after
{Heap after GC invocations=5 (full 0):
 garbage-first heap   total 63488K, used 11990K [0x00000000c2000000, 0x0000000100000000)
  region size 1024K, 4 young (4096K), 4 survivors (4096K)
 Metaspace       used 15544K, committed 15744K, reserved 1114112K
  class space    used 1858K, committed 1920K, reserved 1048576K
}
Event: 39.072 GC heap before
{Heap before GC invocations=5 (full 0):
 garbage-first heap   total 63488K, used 42710K [0x00000000c2000000, 0x0000000100000000)
  region size 1024K, 34 young (34816K), 4 survivors (4096K)
 Metaspace       used 16081K, committed 16320K, reserved 1114112K
  class space    used 1879K, committed 1984K, reserved 1048576K
}
Event: 39.087 GC heap after
{Heap after GC invocations=6 (full 0):
 garbage-first heap   total 63488K, used 12987K [0x00000000c2000000, 0x0000000100000000)
  region size 1024K, 2 young (2048K), 2 survivors (2048K)
 Metaspace       used 16081K, committed 16320K, reserved 1114112K
  class space    used 1879K, committed 1984K, reserved 1048576K
}
Event: 52.595 GC heap before
{Heap before GC invocations=6 (full 0):
 garbage-first heap   total 63488K, used 47803K [0x00000000c2000000, 0x0000000100000000)
  region size 1024K, 29 young (29696K), 2 survivors (2048K)
 Metaspace       used 17312K, committed 17600K, reserved 1114112K
  class space    used 1998K, committed 2112K, reserved 1048576K
}
Event: 52.610 GC heap after
{Heap after GC invocations=7 (full 0):
 garbage-first heap   total 63488K, used 22464K [0x00000000c2000000, 0x0000000100000000)
  region size 1024K, 3 young (3072K), 3 survivors (3072K)
 Metaspace       used 17312K, committed 17600K, reserved 1114112K
  class space    used 1998K, committed 2112K, reserved 1048576K
}
Event: 52.759 GC heap before
{Heap before GC invocations=7 (full 0):
 garbage-first heap   total 63488K, used 34752K [0x00000000c2000000, 0x0000000100000000)
  region size 1024K, 4 young (4096K), 3 survivors (3072K)
 Metaspace       used 17312K, committed 17600K, reserved 1114112K
  class space    used 1998K, committed 2112K, reserved 1048576K
}
Event: 52.766 GC heap after
{Heap after GC invocations=8 (full 0):
 garbage-first heap   total 63488K, used 35111K [0x00000000c2000000, 0x0000000100000000)
  region size 1024K, 2 young (2048K), 2 survivors (2048K)
 Metaspace       used 17312K, committed 17600K, reserved 1114112K
  class space    used 1998K, committed 2112K, reserved 1048576K
}
Event: 69.087 GC heap before
{Heap before GC invocations=9 (full 0):
 garbage-first heap   total 81920K, used 62759K [0x00000000c2000000, 0x0000000100000000)
  region size 1024K, 17 young (17408K), 2 survivors (2048K)
 Metaspace       used 18070K, committed 18432K, reserved 1114112K
  class space    used 2062K, committed 2240K, reserved 1048576K
}
Event: 69.106 GC heap after
{Heap after GC invocations=10 (full 0):
 garbage-first heap   total 81920K, used 15055K [0x00000000c2000000, 0x0000000100000000)
  region size 1024K, 1 young (1024K), 1 survivors (1024K)
 Metaspace       used 18070K, committed 18432K, reserved 1114112K
  class space    used 2062K, committed 2240K, reserved 1048576K
}

Deoptimization events (20 events):
Event: 60.956 Thread 0x00000223a2f27920 Uncommon trap: trap_request=0xffffffc6 fr.pc=0x00000223b2384428 relative=0x0000000000000368
Event: 60.956 Thread 0x00000223a2f27920 Uncommon trap: reason=bimorphic_or_optimized_type_check action=maybe_recompile pc=0x00000223b2384428 method=java.nio.Buffer.<init>(IIIILjdk/internal/access/foreign/MemorySegmentProxy;)V @ 39 c2
Event: 60.956 Thread 0x00000223a2f27920 DEOPT PACKING pc=0x00000223b2384428 sp=0x0000003aaeff7880
Event: 60.956 Thread 0x00000223a2f27920 DEOPT UNPACKING pc=0x00000223b1dd23a3 sp=0x0000003aaeff7828 mode 2
Event: 62.335 Thread 0x00000223a2f27920 Uncommon trap: trap_request=0xffffff6e fr.pc=0x00000223b25b10b8 relative=0x00000000000011d8
Event: 62.335 Thread 0x00000223a2f27920 Uncommon trap: reason=loop_limit_check action=maybe_recompile pc=0x00000223b25b10b8 method=org.codehaus.plexus.util.SelectorUtils.match([C[CZ)Z @ 498 c2
Event: 62.335 Thread 0x00000223a2f27920 DEOPT PACKING pc=0x00000223b25b10b8 sp=0x0000003aaeffcad0
Event: 62.335 Thread 0x00000223a2f27920 DEOPT UNPACKING pc=0x00000223b1dd23a3 sp=0x0000003aaeffca60 mode 2
Event: 79.257 Thread 0x00000223a2f27920 Uncommon trap: trap_request=0xffffff45 fr.pc=0x00000223b2526f84 relative=0x0000000000000704
Event: 79.257 Thread 0x00000223a2f27920 Uncommon trap: reason=unstable_if action=reinterpret pc=0x00000223b2526f84 method=org.apache.maven.model.validation.DefaultModelValidator.validateEffectiveDependency(Lorg/apache/maven/model/building/ModelProblemCollector;Lorg/apache/maven/model/Dependency
Event: 79.257 Thread 0x00000223a2f27920 DEOPT PACKING pc=0x00000223b2526f84 sp=0x0000003aaeffc090
Event: 79.257 Thread 0x00000223a2f27920 DEOPT UNPACKING pc=0x00000223b1dd23a3 sp=0x0000003aaeffc060 mode 2
Event: 82.226 Thread 0x00000223a2f27920 Uncommon trap: trap_request=0xffffff45 fr.pc=0x00000223b25c53c8 relative=0x0000000000000228
Event: 82.226 Thread 0x00000223a2f27920 Uncommon trap: reason=unstable_if action=reinterpret pc=0x00000223b25c53c8 method=java.util.regex.Pattern.closure(Ljava/util/regex/Pattern$Node;)Ljava/util/regex/Pattern$Node; @ 6 c2
Event: 82.226 Thread 0x00000223a2f27920 DEOPT PACKING pc=0x00000223b25c53c8 sp=0x0000003aaeffbba0
Event: 82.226 Thread 0x00000223a2f27920 DEOPT UNPACKING pc=0x00000223b1dd23a3 sp=0x0000003aaeffbb20 mode 2
Event: 82.227 Thread 0x00000223a2f27920 Uncommon trap: trap_request=0xffffffde fr.pc=0x00000223b25dceac relative=0x000000000000148c
Event: 82.227 Thread 0x00000223a2f27920 Uncommon trap: reason=class_check action=maybe_recompile pc=0x00000223b25dceac method=java.util.regex.Pattern.compile()V @ 268 c2
Event: 82.227 Thread 0x00000223a2f27920 DEOPT PACKING pc=0x00000223b25dceac sp=0x0000003aaeffc0a0
Event: 82.227 Thread 0x00000223a2f27920 DEOPT UNPACKING pc=0x00000223b1dd23a3 sp=0x0000003aaeffc058 mode 2

Classes unloaded (0 events):
No events

Classes redefined (0 events):
No events

Internal exceptions (20 events):
Event: 6.773 Thread 0x00000223a2f27920 Exception <a 'java/lang/NoSuchMethodError'{0x00000000c5410c58}: 'int java.lang.invoke.DirectMethodHandle$Holder.invokeSpecial(java.lang.Object, java.lang.Object, java.lang.Object, java.lang.Object)'> (0x00000000c5410c58) 
thrown [s\open\src\hotspot\share\interpreter\linkResolver.cpp, line 759]
Event: 7.971 Thread 0x00000223a2f27920 Exception <a 'java/lang/NoClassDefFoundError'{0x00000000c4c33250}: com/google/inject/servlet/ServletModuleTargetVisitor> (0x00000000c4c33250) 
thrown [s\open\src\hotspot\share\classfile\systemDictionary.cpp, line 245]
Event: 8.189 Thread 0x00000223a2f27920 Exception <a 'java/lang/NoSuchMethodError'{0x00000000c4bc7258}: 'void java.lang.invoke.DirectMethodHandle$Holder.invokeVirtual(java.lang.Object, java.lang.Object)'> (0x00000000c4bc7258) 
thrown [s\open\src\hotspot\share\interpreter\linkResolver.cpp, line 759]
Event: 8.536 Thread 0x00000223a2f27920 Exception <a 'java/lang/NoSuchMethodError'{0x00000000c4a3fd60}: 'java.lang.Object java.lang.invoke.DirectMethodHandle$Holder.invokeStaticInit(java.lang.Object, int, int, int, int)'> (0x00000000c4a3fd60) 
thrown [s\open\src\hotspot\share\interpreter\linkResolver.cpp, line 759]
Event: 9.071 Thread 0x00000223a2f27920 Implicit null exception at 0x00000223b2343c72 to 0x00000223b234428c
Event: 9.071 Thread 0x00000223a2f27920 Implicit null exception at 0x00000223b23484f2 to 0x00000223b2348b2c
Event: 9.773 Thread 0x00000223a2f27920 Exception <a 'java/lang/NoSuchMethodError'{0x00000000c42aa430}: 'void java.lang.invoke.DirectMethodHandle$Holder.invokeSpecial(java.lang.Object, java.lang.Object, java.lang.Object, java.lang.Object, java.lang.Object)'> (0x00000000c42aa430) 
thrown [s\open\src\hotspot\share\interpreter\linkResolver.cpp, line 759]
Event: 9.793 Thread 0x00000223a2f27920 Exception <a 'java/lang/NoSuchMethodError'{0x00000000c42cc2a8}: 'java.lang.Object java.lang.invoke.DirectMethodHandle$Holder.invokeVirtual(java.lang.Object, java.lang.Object, java.lang.Object)'> (0x00000000c42cc2a8) 
thrown [s\open\src\hotspot\share\interpreter\linkResolver.cpp, line 759]
Event: 9.803 Thread 0x00000223a2f27920 Exception <a 'java/lang/NoSuchMethodError'{0x00000000c42db518}: 'void java.lang.invoke.DirectMethodHandle$Holder.invokeSpecial(java.lang.Object, java.lang.Object, java.lang.Object, java.lang.Object, java.lang.Object, java.lang.Object)'> (0x00000000c42db518) 
thrown [s\open\src\hotspot\share\interpreter\linkResolver.cpp, line 759]
Event: 16.965 Thread 0x00000223a2f27920 Implicit null exception at 0x00000223b244b0f5 to 0x00000223b244c6d4
Event: 16.965 Thread 0x00000223a2f27920 Implicit null exception at 0x00000223b23ca9ef to 0x00000223b23cabcc
Event: 16.966 Thread 0x00000223a2f27920 Implicit null exception at 0x00000223b245fb20 to 0x00000223b2460a35
Event: 16.994 Thread 0x00000223a2f27920 Exception <a 'java/lang/NoSuchMethodError'{0x00000000c525edf8}: 'int java.lang.invoke.DirectMethodHandle$Holder.invokeSpecialIFC(java.lang.Object, java.lang.Object, java.lang.Object, java.lang.Object)'> (0x00000000c525edf8) 
thrown [s\open\src\hotspot\share\interpreter\linkResolver.cpp, line 759]
Event: 35.710 Thread 0x00000223a2f27920 Implicit null exception at 0x00000223b23ad88f to 0x00000223b23ad909
Event: 38.477 Thread 0x00000223a2f27920 Implicit null exception at 0x00000223b250978f to 0x00000223b25097fa
Event: 38.478 Thread 0x00000223a2f27920 Exception <a 'java/lang/NoSuchMethodError'{0x00000000c41864e0}: 'java.lang.Object java.lang.invoke.DirectMethodHandle$Holder.newInvokeSpecial(java.lang.Object, java.lang.Object, java.lang.Object, java.lang.Object, java.lang.Object, java.lang.Object, java.lang.Object)'> (0x00000000c41864e0) 
thrown [s\open\src\hotspot\share\interpreter\linkResolver.cpp, line 759]
Event: 38.479 Thread 0x00000223a2f27920 Exception <a 'java/lang/NoSuchMethodError'{0x00000000c418adf0}: 'java.lang.Object java.lang.invoke.Invokers$Holder.linkToTargetMethod(java.lang.Object, java.lang.Object, java.lang.Object, java.lang.Object, java.lang.Object, java.lang.Object, java.lang.Object)'> (0x00000000c418adf0) 
thrown [s\open\src\hotspot\share\interpreter\linkResolver.cpp, line 759]
Event: 50.813 Thread 0x00000223a2f27920 Implicit null exception at 0x00000223b2525a30 to 0x00000223b25261a4
Event: 50.993 Thread 0x00000223a2f27920 Exception <a 'java/lang/NoSuchMethodError'{0x00000000c4516c40}: 'int java.lang.invoke.DirectMethodHandle$Holder.invokeVirtual(java.lang.Object, java.lang.Object)'> (0x00000000c4516c40) 
thrown [s\open\src\hotspot\share\interpreter\linkResolver.cpp, line 759]
Event: 85.876 Thread 0x00000223a2f27920 Exception <a 'java/lang/OutOfMemoryError'{0x00000000c530b158}> (0x00000000c530b158) 
thrown [s\open\src\hotspot\share\prims\jni.cpp, line 535]

VM Operations (20 events):
Event: 75.156 Executing VM operation: Cleanup
Event: 75.157 Executing VM operation: Cleanup done
Event: 76.165 Executing VM operation: Cleanup
Event: 76.165 Executing VM operation: Cleanup done
Event: 77.176 Executing VM operation: Cleanup
Event: 77.176 Executing VM operation: Cleanup done
Event: 78.188 Executing VM operation: Cleanup
Event: 78.189 Executing VM operation: Cleanup done
Event: 79.190 Executing VM operation: Cleanup
Event: 79.190 Executing VM operation: Cleanup done
Event: 80.202 Executing VM operation: Cleanup
Event: 80.203 Executing VM operation: Cleanup done
Event: 81.215 Executing VM operation: Cleanup
Event: 81.215 Executing VM operation: Cleanup done
Event: 82.230 Executing VM operation: Cleanup
Event: 82.230 Executing VM operation: Cleanup done
Event: 83.242 Executing VM operation: Cleanup
Event: 83.242 Executing VM operation: Cleanup done
Event: 84.257 Executing VM operation: Cleanup
Event: 84.258 Executing VM operation: Cleanup done

Events (20 events):
Event: 51.996 loading class java/time/zone/ZoneOffsetTransition done
Event: 52.013 loading class jdk/internal/reflect/UnsafeBooleanFieldAccessorImpl
Event: 52.025 loading class jdk/internal/reflect/UnsafeBooleanFieldAccessorImpl done
Event: 52.558 loading class sun/nio/cs/UTF_8$Encoder
Event: 52.565 loading class sun/nio/cs/UTF_8$Encoder done
Event: 52.874 loading class java/nio/BufferMismatch
Event: 52.887 loading class java/nio/BufferMismatch done
Event: 52.889 loading class java/nio/file/attribute/PosixFileAttributes
Event: 52.901 loading class java/nio/file/attribute/PosixFileAttributes done
Event: 61.041 loading class java/io/FileWriter
Event: 61.052 loading class java/io/FileWriter done
Event: 61.112 loading class jdk/internal/reflect/UnsafeIntegerFieldAccessorImpl
Event: 61.117 loading class jdk/internal/reflect/UnsafeIntegerFieldAccessorImpl done
Event: 61.130 loading class java/util/ServiceConfigurationError
Event: 61.145 loading class java/util/ServiceConfigurationError done
Event: 63.127 loading class sun/nio/fs/WindowsChannelFactory$2
Event: 63.615 loading class sun/nio/fs/WindowsChannelFactory$2 done
Event: 64.338 loading class java/nio/channels/Channels$1
Event: 64.364 loading class java/nio/channels/Channels$1 done
Event: 85.876 loading class java/util/zip/DataFormatException


Dynamic libraries:
0x00007ff6dd980000 - 0x00007ff6dd990000 	C:\Program Files\Java\jdk-17\bin\java.exe
0x00007ffd573f0000 - 0x00007ffd575e8000 	C:\WINDOWS\SYSTEM32\ntdll.dll
0x00007ffd55630000 - 0x00007ffd556f2000 	C:\WINDOWS\System32\KERNEL32.DLL
0x00007ffd54fe0000 - 0x00007ffd552d6000 	C:\WINDOWS\System32\KERNELBASE.dll
0x00007ffd552e0000 - 0x00007ffd553e0000 	C:\WINDOWS\System32\ucrtbase.dll
0x00007ffd317a0000 - 0x00007ffd317b9000 	C:\Program Files\Java\jdk-17\bin\jli.dll
0x00007ffd554b0000 - 0x00007ffd55561000 	C:\WINDOWS\System32\ADVAPI32.dll
0x00007ffd55a30000 - 0x00007ffd55ace000 	C:\WINDOWS\System32\msvcrt.dll
0x00007ffd55410000 - 0x00007ffd554af000 	C:\WINDOWS\System32\sechost.dll
0x00007ffd55910000 - 0x00007ffd55a30000 	C:\WINDOWS\System32\RPCRT4.dll
0x00007ffd553e0000 - 0x00007ffd55407000 	C:\WINDOWS\System32\bcrypt.dll
0x00007ffd55760000 - 0x00007ffd55901000 	C:\WINDOWS\System32\USER32.dll
0x00007ffd54b90000 - 0x00007ffd54bb2000 	C:\WINDOWS\System32\win32u.dll
0x00007ffd56780000 - 0x00007ffd567ab000 	C:\WINDOWS\System32\GDI32.dll
0x00007ffd54bc0000 - 0x00007ffd54cd9000 	C:\WINDOWS\System32\gdi32full.dll
0x00007ffd54d90000 - 0x00007ffd54e2d000 	C:\WINDOWS\System32\msvcp_win.dll
0x00007ffd4a3f0000 - 0x00007ffd4a68b000 	C:\WINDOWS\WinSxS\amd64_microsoft.windows.common-controls_6595b64144ccf1df_6.0.19041.6456_none_60b8a6cb71f64256\COMCTL32.dll
0x00007ffd4e550000 - 0x00007ffd4e55a000 	C:\WINDOWS\SYSTEM32\VERSION.dll
0x00007ffd31780000 - 0x00007ffd3179b000 	C:\Program Files\Java\jdk-17\bin\VCRUNTIME140.dll
0x00007ffd55f10000 - 0x00007ffd55f3f000 	C:\WINDOWS\System32\IMM32.DLL
0x00007ffd4e930000 - 0x00007ffd4e93c000 	C:\Program Files\Java\jdk-17\bin\vcruntime140_1.dll
0x00007ffd26cc0000 - 0x00007ffd26d4e000 	C:\Program Files\Java\jdk-17\bin\msvcp140.dll
0x00007ffd14ad0000 - 0x00007ffd156b0000 	C:\Program Files\Java\jdk-17\bin\server\jvm.dll
0x00007ffd55620000 - 0x00007ffd55628000 	C:\WINDOWS\System32\PSAPI.DLL
0x00007ffd41f90000 - 0x00007ffd41f99000 	C:\WINDOWS\SYSTEM32\WSOCK32.dll
0x00007ffd55ea0000 - 0x00007ffd55f0b000 	C:\WINDOWS\System32\WS2_32.dll
0x00007ffd47d30000 - 0x00007ffd47d57000 	C:\WINDOWS\SYSTEM32\WINMM.dll
0x00007ffd53250000 - 0x00007ffd53262000 	C:\WINDOWS\SYSTEM32\kernel.appcore.dll
0x00007ffd421e0000 - 0x00007ffd421ea000 	C:\Program Files\Java\jdk-17\bin\jimage.dll
0x00007ffd52780000 - 0x00007ffd52981000 	C:\WINDOWS\SYSTEM32\DBGHELP.DLL
0x00007ffd3d810000 - 0x00007ffd3d844000 	C:\WINDOWS\SYSTEM32\dbgcore.DLL
0x00007ffd54a80000 - 0x00007ffd54b02000 	C:\WINDOWS\System32\bcryptPrimitives.dll
0x00007ffd2ee60000 - 0x00007ffd2ee85000 	C:\Program Files\Java\jdk-17\bin\java.dll
0x00007ffd22e50000 - 0x00007ffd22f27000 	C:\Program Files\Java\jdk-17\bin\jsvml.dll
0x00007ffd55ff0000 - 0x00007ffd56760000 	C:\WINDOWS\System32\SHELL32.dll
0x00007ffd52990000 - 0x00007ffd53135000 	C:\WINDOWS\SYSTEM32\windows.storage.dll
0x00007ffd56cb0000 - 0x00007ffd57004000 	C:\WINDOWS\System32\combase.dll
0x00007ffd542f0000 - 0x00007ffd5431b000 	C:\WINDOWS\SYSTEM32\Wldp.dll
0x00007ffd55ae0000 - 0x00007ffd55bad000 	C:\WINDOWS\System32\OLEAUT32.dll
0x00007ffd55f40000 - 0x00007ffd55fed000 	C:\WINDOWS\System32\SHCORE.dll
0x00007ffd57020000 - 0x00007ffd5707b000 	C:\WINDOWS\System32\shlwapi.dll
0x00007ffd549b0000 - 0x00007ffd549d4000 	C:\WINDOWS\SYSTEM32\profapi.dll
0x00007ffd2f1c0000 - 0x00007ffd2f1d9000 	C:\Program Files\Java\jdk-17\bin\net.dll
0x00007ffd4ccc0000 - 0x00007ffd4cdca000 	C:\WINDOWS\SYSTEM32\WINHTTP.dll
0x00007ffd540d0000 - 0x00007ffd5413a000 	C:\WINDOWS\system32\mswsock.dll
0x00007ffd2ee30000 - 0x00007ffd2ee46000 	C:\Program Files\Java\jdk-17\bin\nio.dll
0x00007ffd2ecc0000 - 0x00007ffd2ecd8000 	C:\Program Files\Java\jdk-17\bin\zip.dll
0x00007ffd35cd0000 - 0x00007ffd35cf4000 	E:\apache-maven-3.9.11\lib\jansi-native\Windows\x86_64\jansi.dll
0x00007ffd4e960000 - 0x00007ffd4e970000 	C:\Program Files\Java\jdk-17\bin\verify.dll

dbghelp: loaded successfully - version: 4.0.5 - missing functions: none
symbol engine: initialized successfully - sym options: 0x614 - pdb path: .;C:\Program Files\Java\jdk-17\bin;C:\WINDOWS\SYSTEM32;C:\WINDOWS\WinSxS\amd64_microsoft.windows.common-controls_6595b64144ccf1df_6.0.19041.6456_none_60b8a6cb71f64256;C:\Program Files\Java\jdk-17\bin\server;E:\apache-maven-3.9.11\lib\jansi-native\Windows\x86_64

VM Arguments:
jvm_args: --enable-native-access=ALL-UNNAMED -Dclassworlds.conf=E:\apache-maven-3.9.11\bin\m2.conf -Dmaven.home=E:\apache-maven-3.9.11 -Dlibrary.jansi.path=E:\apache-maven-3.9.11\lib\jansi-native -Dmaven.multiModuleProjectDirectory=D:\FinalProjectMain\FinalProject 
java_command: org.codehaus.plexus.classworlds.launcher.Launcher spring-boot:run
java_class_path (initial): E:\apache-maven-3.9.11\boot\plexus-classworlds-2.9.0.jar
Launcher Type: SUN_STANDARD

[Global flags]
     intx CICompilerCount                          = 3                                         {product} {ergonomic}
     uint ConcGCThreads                            = 1                                         {product} {ergonomic}
     uint G1ConcRefinementThreads                  = 4                                         {product} {ergonomic}
   size_t G1HeapRegionSize                         = 1048576                                   {product} {ergonomic}
    uintx GCDrainStackTargetSize                   = 64                                        {product} {ergonomic}
   size_t InitialHeapSize                          = 65011712                                  {product} {ergonomic}
   size_t MarkStackSize                            = 4194304                                   {product} {ergonomic}
   size_t MaxHeapSize                              = 1040187392                                {product} {ergonomic}
   size_t MaxNewSize                               = 623902720                                 {product} {ergonomic}
   size_t MinHeapDeltaBytes                        = 1048576                                   {product} {ergonomic}
   size_t MinHeapSize                              = 8388608                                   {product} {ergonomic}
    uintx NonNMethodCodeHeapSize                   = 5832780                                {pd product} {ergonomic}
    uintx NonProfiledCodeHeapSize                  = 122912730                              {pd product} {ergonomic}
    uintx ProfiledCodeHeapSize                     = 122912730                              {pd product} {ergonomic}
    uintx ReservedCodeCacheSize                    = 251658240                              {pd product} {ergonomic}
     bool SegmentedCodeCache                       = true                                      {product} {ergonomic}
   size_t SoftMaxHeapSize                          = 1040187392                             {manageable} {ergonomic}
     bool UseCompressedClassPointers               = true                           {product lp64_product} {ergonomic}
     bool UseCompressedOops                        = true                           {product lp64_product} {ergonomic}
     bool UseG1GC                                  = true                                      {product} {ergonomic}
     bool UseLargePagesIndividualAllocation        = false                                  {pd product} {ergonomic}

Logging:
Log output configuration:
 #0: stdout all=warning uptime,level,tags
 #1: stderr all=off uptime,level,tags

Environment Variables:
JAVA_HOME=C:\Program Files\Java\jdk-17
PATH=E:\apache-maven-3.9.11\bin;C:\Program Files\Common Files\Oracle\Java\javapath;C:\Program Files (x86)\Common Files\Oracle\Java\java8path;C:\Program Files (x86)\Common Files\Oracle\Java\javapath;C:\Python313\Scripts\;C:\Python313\;C:\WINDOWS\system32;C:\WINDOWS;C:\WINDOWS\System32\Wbem;C:\WINDOWS\System32\WindowsPowerShell\v1.0\;C:\WINDOWS\System32\OpenSSH\;F:\MongoDB\mongosh-2.3.3-win32-x64\mongosh-2.3.3-win32-x64\bin;C:\Program Files\Microsoft SQL Server\150\Tools\Binn\;C:\Program Files\MySQL\MySQL Server 8.0\bin;C:\Program Files\Git\cmd;C:\Program Files\nodejs\;C:\ProgramData\chocolatey\bin;C:\Program Files\nodejs;C:\Users\Om\AppData\Roaming\npm;D:\TypeScript\codes;C:\Program Files (x86)\Windows Kits\10\Windows Performance Toolkit\;%JAVA_HOME%\bin;C:\Program Files\Eclipse Adoptium\jre-11.0.28.6-hotspot\bin;C:\Program Files\Eclipse Adoptium\jdk-11.0.28.6-hotspot\bin;C:\Program Files\Java\jdk1.8.0_111\bin;C:\Python313\Scripts\;C:\Python313\;C:\ProgramData\Oracle\Java\javapath;C:\app\Om\product\21c\dbhomeXE\bin;C:\WINDOWS\system32;C:\WINDOWS;C:\WINDOWS\System32\Wbem;C:\WINDOWS\System32\WindowsPowerShell\v1.0\;C:\WINDOWS\System32\OpenSSH\;F:\MongoDB\mongosh-2.3.3-win32-x64\mongosh-2.3.3-win32-x64\bin;C:\Program Files\Microsoft SQL Server\150\Tools\Binn\;C:\Program Files\MySQL\MySQL Server 8.0\bin;C:\Program Files\Git\cmd;C:\Program Files\nodejs\;C:\ProgramData\chocolatey\bin;C:\Program Files\nodejs;C:\Users\Om\AppData\Roaming\npm;D:\TypeScript\codes;C:\Program Files (x86)\Windows Kits\10\Windows Performance Toolkit\;E:\apache-maven-3.9.11\bin;C:\Program Files\MySQL\MySQL Shell 8.0\bin\;C:\Users\Om\AppData\Local\Microsoft\WindowsApps;C:\Users\Om\AppData\Local\Programs\Microsoft VS Code\bin;C:\Users\Om\AppData\Roaming\npm;C:\Users\Om\AppData\Local\Programs\Windsurf\bin;C:\Users\Om\AppData\Local\Programs\cursor\resources\app\bin;C:\Program Files\Java\jdk1.8.0_111\bin;C:\Users\Om\AppData\Local\GitHubDesktop\bin;c:\Users\Om\.windsurf\extensions\vscjava.vscode-java-debug-0
USERNAME=Om
LANG=en_US.UTF-8
OS=Windows_NT
PROCESSOR_IDENTIFIER=Intel64 Family 6 Model 142 Stepping 9, GenuineIntel



---------------  S Y S T E M  ---------------

OS:
 Windows 10 , 64 bit Build 19041 (10.0.19041.5915)
OS uptime: 0 days 1:16 hours
Hyper-V role detected

CPU: total 4 (initial active 4) (2 cores per cpu, 2 threads per core) family 6 model 142 stepping 9 microcode 0xb4, cx8, cmov, fxsr, ht, mmx, 3dnowpref, sse, sse2, sse3, ssse3, sse4.1, sse4.2, popcnt, lzcnt, tsc, tscinvbit, avx, avx2, aes, erms, clmul, bmi1, bmi2, adx, fma, vzeroupper, clflush, clflushopt, hv

Memory: 4k page, system-wide physical 3962M (184M free)
TotalPageFile size 16250M (AvailPageFile size 145M)
current process WorkingSet (physical memory assigned to process): 87M, peak: 150M
current process commit charge ("private bytes"): 193M, peak: 206M

vm_info: Java HotSpot(TM) 64-Bit Server VM (17.0.17+8-LTS-360) for windows-amd64 JRE (17.0.17+8-LTS-360), built on Sep 27 2025 05:17:01 by "mach5run" with MS VC++ 17.6 (VS2022)

END.
