#
# There is insufficient memory for the Java Runtime Environment to continue.
# Native memory allocation (malloc) failed to allocate 1477712 bytes for Chunk::new
# Possible reasons:
#   The system is out of physical RAM or swap space
#   The process is running with CompressedOops enabled, and the Java Heap may be blocking the growth of the native heap
# Possible solutions:
#   Reduce memory load on the system
#   Increase physical memory or swap space
#   Check if swap backing store is full
#   Decrease Java heap size (-Xmx/-Xms)
#   Decrease number of Java threads
#   Decrease Java thread stack sizes (-Xss)
#   Set larger code cache with -XX:ReservedCodeCacheSize=
#   JVM is running with Unscaled Compressed Oops mode in which the Java heap is
#     placed in the first 4GB address space. The Java Heap base address is the
#     maximum limit for the native heap growth. Please use -XX:HeapBaseMinAddress
#     to set the Java Heap base and to place the Java Heap above 4GB virtual address.
# This output file may be truncated or incomplete.
#
#  Out of Memory Error (arena.cpp:189), pid=13612, tid=13660
#
# JRE version: Java(TM) SE Runtime Environment (17.0.17+8) (build 17.0.17+8-LTS-360)
# Java VM: Java HotSpot(TM) 64-Bit Server VM (17.0.17+8-LTS-360, mixed mode, sharing, tiered, compressed oops, compressed class ptrs, g1 gc, windows-amd64)
# No core dump will be written. Minidumps are not enabled by default on client versions of Windows
#

---------------  S U M M A R Y ------------

Command Line: --enable-native-access=ALL-UNNAMED -Dclassworlds.conf=E:\apache-maven-3.9.11\bin\m2.conf -Dmaven.home=E:\apache-maven-3.9.11 -Dlibrary.jansi.path=E:\apache-maven-3.9.11\lib\jansi-native -Dmaven.multiModuleProjectDirectory=D:\FinalProjectMain\FinalProject org.codehaus.plexus.classworlds.launcher.Launcher spring-boot:run

Host: Intel(R) Core(TM) i3-7020U CPU @ 2.30GHz, 4 cores, 3G,  Windows 10 , 64 bit Build 19041 (10.0.19041.5915)
Time: Tue Mar  3 18:08:05 2026 India Standard Time elapsed time: 88.757730 seconds (0d 0h 1m 28s)

---------------  T H R E A D  ---------------

Current thread (0x0000024f1f12e280):  JavaThread "C2 CompilerThread0" daemon [_thread_in_native, id=13660, stack(0x000000b47d800000,0x000000b47d900000)]


Current CompileTask:
C2:  88782 3658   !   4       org.codehaus.plexus.interpolation.StringSearchInterpolator::interpolate (692 bytes)

Stack: [0x000000b47d800000,0x000000b47d900000]
Native frames: (J=compiled Java code, j=interpreted, Vv=VM code, C=native code)
V  [jvm.dll+0x67a0ea]
V  [jvm.dll+0x7da56d]
V  [jvm.dll+0x7dbeb3]
V  [jvm.dll+0x7dc523]
V  [jvm.dll+0x2453af]
V  [jvm.dll+0xab763]
V  [jvm.dll+0xabd2c]
V  [jvm.dll+0x36211e]
V  [jvm.dll+0x1ba4aa]
V  [jvm.dll+0x216cb7]
V  [jvm.dll+0x215f8f]
V  [jvm.dll+0x1a2b50]
V  [jvm.dll+0x22642b]
V  [jvm.dll+0x2245cb]
V  [jvm.dll+0x790964]
V  [jvm.dll+0x78af4a]
V  [jvm.dll+0x678fd5]
C  [ucrtbase.dll+0x21bb2]
C  [KERNEL32.DLL+0x17374]
C  [ntdll.dll+0x4cc91]


---------------  P R O C E S S  ---------------

Threads class SMR info:
_java_thread_list=0x0000024f1f6857c0, length=13, elements={
0x0000024ec2e29570, 0x0000024ec2ee73d0, 0x0000024ec2ee8040, 0x0000024f1f120380,
0x0000024f1f120d30, 0x0000024f1f1216e0, 0x0000024f1f125590, 0x0000024f1f12e280,
0x0000024f1f12fc80, 0x0000024f1f132680, 0x0000024f1f1f25e0, 0x0000024f1f1fe480,
0x0000024f2434f8e0
}

Java Threads: ( => current thread )
  0x0000024ec2e29570 JavaThread "main" [_thread_in_native, id=3040, stack(0x000000b47cb00000,0x000000b47cc00000)]
  0x0000024ec2ee73d0 JavaThread "Reference Handler" daemon [_thread_blocked, id=1660, stack(0x000000b47d200000,0x000000b47d300000)]
  0x0000024ec2ee8040 JavaThread "Finalizer" daemon [_thread_blocked, id=15728, stack(0x000000b47d300000,0x000000b47d400000)]
  0x0000024f1f120380 JavaThread "Signal Dispatcher" daemon [_thread_blocked, id=8060, stack(0x000000b47d400000,0x000000b47d500000)]
  0x0000024f1f120d30 JavaThread "Attach Listener" daemon [_thread_blocked, id=15444, stack(0x000000b47d500000,0x000000b47d600000)]
  0x0000024f1f1216e0 JavaThread "Service Thread" daemon [_thread_blocked, id=15820, stack(0x000000b47d600000,0x000000b47d700000)]
  0x0000024f1f125590 JavaThread "Monitor Deflation Thread" daemon [_thread_blocked, id=1932, stack(0x000000b47d700000,0x000000b47d800000)]
=>0x0000024f1f12e280 JavaThread "C2 CompilerThread0" daemon [_thread_in_native, id=13660, stack(0x000000b47d800000,0x000000b47d900000)]
  0x0000024f1f12fc80 JavaThread "C1 CompilerThread0" daemon [_thread_blocked, id=9204, stack(0x000000b47d900000,0x000000b47da00000)]
  0x0000024f1f132680 JavaThread "Sweeper thread" daemon [_thread_blocked, id=15428, stack(0x000000b47da00000,0x000000b47db00000)]
  0x0000024f1f1f25e0 JavaThread "Notification Thread" daemon [_thread_blocked, id=13492, stack(0x000000b47db00000,0x000000b47dc00000)]
  0x0000024f1f1fe480 JavaThread "Common-Cleaner" daemon [_thread_blocked, id=14496, stack(0x000000b47dd00000,0x000000b47de00000)]
  0x0000024f2434f8e0 JavaThread "Thread-1" daemon [_thread_blocked, id=11528, stack(0x000000b47de00000,0x000000b47df00000)]

Other Threads:
  0x0000024ec2ee3ff0 VMThread "VM Thread" [stack: 0x000000b47d100000,0x000000b47d200000] [id=8920]
  0x0000024ec2e7a8d0 WatcherThread [stack: 0x000000b47dc00000,0x000000b47dd00000] [id=7320]
  0x0000024ec2e64ff0 GCTaskThread "GC Thread#0" [stack: 0x000000b47cc00000,0x000000b47cd00000] [id=2352]
  0x0000024f1f817670 GCTaskThread "GC Thread#1" [stack: 0x000000b47df00000,0x000000b47e000000] [id=8196]
  0x0000024f1f7d4820 GCTaskThread "GC Thread#2" [stack: 0x000000b47e000000,0x000000b47e100000] [id=13464]
  0x0000024f1fc2ba60 GCTaskThread "GC Thread#3" [stack: 0x000000b47e100000,0x000000b47e200000] [id=16288]
  0x0000024ec2e6f1f0 ConcurrentGCThread "G1 Main Marker" [stack: 0x000000b47cd00000,0x000000b47ce00000] [id=1192]
  0x0000024ec2e6fb00 ConcurrentGCThread "G1 Conc#0" [stack: 0x000000b47ce00000,0x000000b47cf00000] [id=2928]
  0x0000024ec2ebf000 ConcurrentGCThread "G1 Refine#0" [stack: 0x000000b47cf00000,0x000000b47d000000] [id=6760]
  0x0000024ec2ebff40 ConcurrentGCThread "G1 Service" [stack: 0x000000b47d000000,0x000000b47d100000] [id=6380]

Threads with active compile tasks:
C2 CompilerThread0    89955 3658   !   4       org.codehaus.plexus.interpolation.StringSearchInterpolator::interpolate (692 bytes)

VM state: not at safepoint (normal execution)

VM Mutex/Monitor currently owned by a thread: None

Heap address: 0x00000000c2000000, size: 992 MB, Compressed Oops mode: 32-bit

CDS archive(s) mapped at: [0x0000024ede000000-0x0000024edebd0000-0x0000024edebd0000), size 12386304, SharedBaseAddress: 0x0000024ede000000, ArchiveRelocationMode: 1.
Compressed class space mapped at: 0x0000024edf000000-0x0000024f1f000000, reserved size: 1073741824
Narrow klass base: 0x0000024ede000000, Narrow klass shift: 0, Narrow klass range: 0x100000000

GC Precious Log:
 CPUs: 4 total, 4 available
 Memory: 3962M
 Large Page Support: Disabled
 NUMA Support: Disabled
 Compressed Oops: Enabled (32-bit)
 Heap Region Size: 1M
 Heap Min Capacity: 8M
 Heap Initial Capacity: 62M
 Heap Max Capacity: 992M
 Pre-touch: Disabled
 Parallel Workers: 4
 Concurrent Workers: 1
 Concurrent Refinement Workers: 4
 Periodic GC: Disabled

Heap:
 garbage-first heap   total 63488K, used 18916K [0x00000000c2000000, 0x0000000100000000)
  region size 1024K, 12 young (12288K), 4 survivors (4096K)
 Metaspace       used 15543K, committed 15744K, reserved 1114112K
  class space    used 1858K, committed 1920K, reserved 1048576K

Heap Regions: E=young(eden), S=young(survivor), O=old, HS=humongous(starts), HC=humongous(continues), CS=collection set, F=free, OA=open archive, CA=closed archive, TAMS=top-at-mark-start (previous, next)
|   0|0x00000000c2000000, 0x00000000c2100000, 0x00000000c2100000|100%| O|  |TAMS 0x00000000c2000000, 0x00000000c2000000| Untracked 
|   1|0x00000000c2100000, 0x00000000c2200000, 0x00000000c2200000|100%| O|  |TAMS 0x00000000c2100000, 0x00000000c2100000| Untracked 
|   2|0x00000000c2200000, 0x00000000c2300000, 0x00000000c2300000|100%| O|  |TAMS 0x00000000c2200000, 0x00000000c2200000| Untracked 
|   3|0x00000000c2300000, 0x00000000c2400000, 0x00000000c2400000|100%| O|  |TAMS 0x00000000c2300000, 0x00000000c2300000| Untracked 
|   4|0x00000000c2400000, 0x00000000c2500000, 0x00000000c2500000|100%| O|  |TAMS 0x00000000c2400000, 0x00000000c2400000| Untracked 
|   5|0x00000000c2500000, 0x00000000c2600000, 0x00000000c2600000|100%| O|  |TAMS 0x00000000c2500000, 0x00000000c2500000| Untracked 
|   6|0x00000000c2600000, 0x00000000c2700000, 0x00000000c2700000|100%| O|  |TAMS 0x00000000c2600000, 0x00000000c2600000| Untracked 
|   7|0x00000000c2700000, 0x00000000c2779000, 0x00000000c2800000| 47%| O|  |TAMS 0x00000000c2700000, 0x00000000c2700000| Untracked 
|   8|0x00000000c2800000, 0x00000000c2800000, 0x00000000c2900000|  0%| F|  |TAMS 0x00000000c2800000, 0x00000000c2800000| Untracked 
|   9|0x00000000c2900000, 0x00000000c2900000, 0x00000000c2a00000|  0%| F|  |TAMS 0x00000000c2900000, 0x00000000c2900000| Untracked 
|  10|0x00000000c2a00000, 0x00000000c2a00000, 0x00000000c2b00000|  0%| F|  |TAMS 0x00000000c2a00000, 0x00000000c2a00000| Untracked 
|  11|0x00000000c2b00000, 0x00000000c2b00000, 0x00000000c2c00000|  0%| F|  |TAMS 0x00000000c2b00000, 0x00000000c2b00000| Untracked 
|  12|0x00000000c2c00000, 0x00000000c2c00000, 0x00000000c2d00000|  0%| F|  |TAMS 0x00000000c2c00000, 0x00000000c2c00000| Untracked 
|  13|0x00000000c2d00000, 0x00000000c2d00000, 0x00000000c2e00000|  0%| F|  |TAMS 0x00000000c2d00000, 0x00000000c2d00000| Untracked 
|  14|0x00000000c2e00000, 0x00000000c2e00000, 0x00000000c2f00000|  0%| F|  |TAMS 0x00000000c2e00000, 0x00000000c2e00000| Untracked 
|  15|0x00000000c2f00000, 0x00000000c2f00000, 0x00000000c3000000|  0%| F|  |TAMS 0x00000000c2f00000, 0x00000000c2f00000| Untracked 
|  16|0x00000000c3000000, 0x00000000c3000000, 0x00000000c3100000|  0%| F|  |TAMS 0x00000000c3000000, 0x00000000c3000000| Untracked 
|  17|0x00000000c3100000, 0x00000000c3100000, 0x00000000c3200000|  0%| F|  |TAMS 0x00000000c3100000, 0x00000000c3100000| Untracked 
|  18|0x00000000c3200000, 0x00000000c3200000, 0x00000000c3300000|  0%| F|  |TAMS 0x00000000c3200000, 0x00000000c3200000| Untracked 
|  19|0x00000000c3300000, 0x00000000c3300000, 0x00000000c3400000|  0%| F|  |TAMS 0x00000000c3300000, 0x00000000c3300000| Untracked 
|  20|0x00000000c3400000, 0x00000000c3400000, 0x00000000c3500000|  0%| F|  |TAMS 0x00000000c3400000, 0x00000000c3400000| Untracked 
|  21|0x00000000c3500000, 0x00000000c3500000, 0x00000000c3600000|  0%| F|  |TAMS 0x00000000c3500000, 0x00000000c3500000| Untracked 
|  22|0x00000000c3600000, 0x00000000c3600000, 0x00000000c3700000|  0%| F|  |TAMS 0x00000000c3600000, 0x00000000c3600000| Untracked 
|  23|0x00000000c3700000, 0x00000000c3700000, 0x00000000c3800000|  0%| F|  |TAMS 0x00000000c3700000, 0x00000000c3700000| Untracked 
|  24|0x00000000c3800000, 0x00000000c3800000, 0x00000000c3900000|  0%| F|  |TAMS 0x00000000c3800000, 0x00000000c3800000| Untracked 
|  25|0x00000000c3900000, 0x00000000c3900000, 0x00000000c3a00000|  0%| F|  |TAMS 0x00000000c3900000, 0x00000000c3900000| Untracked 
|  26|0x00000000c3a00000, 0x00000000c3b00000, 0x00000000c3b00000|100%| S|CS|TAMS 0x00000000c3a00000, 0x00000000c3a00000| Complete 
|  27|0x00000000c3b00000, 0x00000000c3c00000, 0x00000000c3c00000|100%| S|CS|TAMS 0x00000000c3b00000, 0x00000000c3b00000| Complete 
|  28|0x00000000c3c00000, 0x00000000c3d00000, 0x00000000c3d00000|100%| S|CS|TAMS 0x00000000c3c00000, 0x00000000c3c00000| Complete 
|  29|0x00000000c3d00000, 0x00000000c3e00000, 0x00000000c3e00000|100%| S|CS|TAMS 0x00000000c3d00000, 0x00000000c3d00000| Complete 
|  30|0x00000000c3e00000, 0x00000000c3e00000, 0x00000000c3f00000|  0%| F|  |TAMS 0x00000000c3e00000, 0x00000000c3e00000| Untracked 
|  31|0x00000000c3f00000, 0x00000000c3f00000, 0x00000000c4000000|  0%| F|  |TAMS 0x00000000c3f00000, 0x00000000c3f00000| Untracked 
|  32|0x00000000c4000000, 0x00000000c4000000, 0x00000000c4100000|  0%| F|  |TAMS 0x00000000c4000000, 0x00000000c4000000| Untracked 
|  33|0x00000000c4100000, 0x00000000c4100000, 0x00000000c4200000|  0%| F|  |TAMS 0x00000000c4100000, 0x00000000c4100000| Untracked 
|  34|0x00000000c4200000, 0x00000000c4200000, 0x00000000c4300000|  0%| F|  |TAMS 0x00000000c4200000, 0x00000000c4200000| Untracked 
|  35|0x00000000c4300000, 0x00000000c4300000, 0x00000000c4400000|  0%| F|  |TAMS 0x00000000c4300000, 0x00000000c4300000| Untracked 
|  36|0x00000000c4400000, 0x00000000c4400000, 0x00000000c4500000|  0%| F|  |TAMS 0x00000000c4400000, 0x00000000c4400000| Untracked 
|  37|0x00000000c4500000, 0x00000000c4500000, 0x00000000c4600000|  0%| F|  |TAMS 0x00000000c4500000, 0x00000000c4500000| Untracked 
|  38|0x00000000c4600000, 0x00000000c4600000, 0x00000000c4700000|  0%| F|  |TAMS 0x00000000c4600000, 0x00000000c4600000| Untracked 
|  39|0x00000000c4700000, 0x00000000c4700000, 0x00000000c4800000|  0%| F|  |TAMS 0x00000000c4700000, 0x00000000c4700000| Untracked 
|  40|0x00000000c4800000, 0x00000000c4800000, 0x00000000c4900000|  0%| F|  |TAMS 0x00000000c4800000, 0x00000000c4800000| Untracked 
|  41|0x00000000c4900000, 0x00000000c4900000, 0x00000000c4a00000|  0%| F|  |TAMS 0x00000000c4900000, 0x00000000c4900000| Untracked 
|  42|0x00000000c4a00000, 0x00000000c4a00000, 0x00000000c4b00000|  0%| F|  |TAMS 0x00000000c4a00000, 0x00000000c4a00000| Untracked 
|  43|0x00000000c4b00000, 0x00000000c4b00000, 0x00000000c4c00000|  0%| F|  |TAMS 0x00000000c4b00000, 0x00000000c4b00000| Untracked 
|  44|0x00000000c4c00000, 0x00000000c4c00000, 0x00000000c4d00000|  0%| F|  |TAMS 0x00000000c4c00000, 0x00000000c4c00000| Untracked 
|  45|0x00000000c4d00000, 0x00000000c4d00000, 0x00000000c4e00000|  0%| F|  |TAMS 0x00000000c4d00000, 0x00000000c4d00000| Untracked 
|  46|0x00000000c4e00000, 0x00000000c4e00000, 0x00000000c4f00000|  0%| F|  |TAMS 0x00000000c4e00000, 0x00000000c4e00000| Untracked 
|  47|0x00000000c4f00000, 0x00000000c4f00000, 0x00000000c5000000|  0%| F|  |TAMS 0x00000000c4f00000, 0x00000000c4f00000| Untracked 
|  48|0x00000000c5000000, 0x00000000c5000000, 0x00000000c5100000|  0%| F|  |TAMS 0x00000000c5000000, 0x00000000c5000000| Untracked 
|  49|0x00000000c5100000, 0x00000000c5100000, 0x00000000c5200000|  0%| F|  |TAMS 0x00000000c5100000, 0x00000000c5100000| Untracked 
|  50|0x00000000c5200000, 0x00000000c5200000, 0x00000000c5300000|  0%| F|  |TAMS 0x00000000c5200000, 0x00000000c5200000| Untracked 
|  51|0x00000000c5300000, 0x00000000c5300000, 0x00000000c5400000|  0%| F|  |TAMS 0x00000000c5300000, 0x00000000c5300000| Untracked 
|  52|0x00000000c5400000, 0x00000000c5400000, 0x00000000c5500000|  0%| F|  |TAMS 0x00000000c5400000, 0x00000000c5400000| Untracked 
|  53|0x00000000c5500000, 0x00000000c5500000, 0x00000000c5600000|  0%| F|  |TAMS 0x00000000c5500000, 0x00000000c5500000| Untracked 
|  54|0x00000000c5600000, 0x00000000c5680800, 0x00000000c5700000| 50%| E|  |TAMS 0x00000000c5600000, 0x00000000c5600000| Complete 
|  55|0x00000000c5700000, 0x00000000c5800000, 0x00000000c5800000|100%| E|CS|TAMS 0x00000000c5700000, 0x00000000c5700000| Complete 
|  56|0x00000000c5800000, 0x00000000c5900000, 0x00000000c5900000|100%| E|CS|TAMS 0x00000000c5800000, 0x00000000c5800000| Complete 
|  57|0x00000000c5900000, 0x00000000c5a00000, 0x00000000c5a00000|100%| E|CS|TAMS 0x00000000c5900000, 0x00000000c5900000| Complete 
|  58|0x00000000c5a00000, 0x00000000c5b00000, 0x00000000c5b00000|100%| E|CS|TAMS 0x00000000c5a00000, 0x00000000c5a00000| Complete 
|  59|0x00000000c5b00000, 0x00000000c5c00000, 0x00000000c5c00000|100%| E|CS|TAMS 0x00000000c5b00000, 0x00000000c5b00000| Complete 
|  60|0x00000000c5c00000, 0x00000000c5d00000, 0x00000000c5d00000|100%| E|CS|TAMS 0x00000000c5c00000, 0x00000000c5c00000| Complete 
|  61|0x00000000c5d00000, 0x00000000c5e00000, 0x00000000c5e00000|100%| E|CS|TAMS 0x00000000c5d00000, 0x00000000c5d00000| Complete 

Card table byte_map: [0x0000024ed9940000,0x0000024ed9b30000] _byte_map_base: 0x0000024ed9330000

Marking Bits (Prev, Next): (CMBitMap*) 0x0000024ec2e65510, (CMBitMap*) 0x0000024ec2e65550
 Prev Bits: [0x0000024ed9d20000, 0x0000024edaca0000)
 Next Bits: [0x0000024edaca0000, 0x0000024edbc20000)

Polling page: 0x0000024ec0d60000

Metaspace:

Usage:
  Non-class:     13.36 MB used.
      Class:      1.82 MB used.
       Both:     15.18 MB used.

Virtual space:
  Non-class space:       64.00 MB reserved,      13.50 MB ( 21%) committed,  1 nodes.
      Class space:        1.00 GB reserved,       1.88 MB ( <1%) committed,  1 nodes.
             Both:        1.06 GB reserved,      15.38 MB (  1%) committed. 

Chunk freelists:
   Non-Class:  1.98 MB
       Class:  13.95 MB
        Both:  15.93 MB

MaxMetaspaceSize: unlimited
CompressedClassSpaceSize: 1.00 GB
Initial GC threshold: 21.00 MB
Current GC threshold: 21.00 MB
CDS: on
MetaspaceReclaimPolicy: balanced
 - commit_granule_bytes: 65536.
 - commit_granule_words: 8192.
 - virtual_space_node_default_size: 8388608.
 - enlarge_chunks_in_place: 1.
 - new_chunks_are_fully_committed: 0.
 - uncommit_free_chunks: 1.
 - use_allocation_guard: 0.
 - handle_deallocations: 1.


Internal statistics:

num_allocs_failed_limit: 0.
num_arena_births: 104.
num_arena_deaths: 0.
num_vsnodes_births: 2.
num_vsnodes_deaths: 0.
num_space_committed: 246.
num_space_uncommitted: 0.
num_chunks_returned_to_freelist: 0.
num_chunks_taken_from_freelist: 640.
num_chunk_merges: 0.
num_chunk_splits: 434.
num_chunks_enlarged: 349.
num_inconsistent_stats: 0.

CodeHeap 'non-profiled nmethods': size=120000Kb used=1657Kb max_used=1657Kb free=118342Kb
 bounds [0x0000024ed2220000, 0x0000024ed2490000, 0x0000024ed9750000]
CodeHeap 'profiled nmethods': size=120000Kb used=7621Kb max_used=7621Kb free=112379Kb
 bounds [0x0000024eca750000, 0x0000024ecaed0000, 0x0000024ed1c80000]
CodeHeap 'non-nmethods': size=5760Kb used=1177Kb max_used=1226Kb free=4582Kb
 bounds [0x0000024ed1c80000, 0x0000024ed1ef0000, 0x0000024ed2220000]
 total_blobs=4163 nmethods=3693 adapters=382
 compilation: enabled
              stopped_count=0, restarted_count=0
 full_count=0

Compilation events (20 events):
Event: 87.975 Thread 0x0000024f1f12fc80 3653       1       org.apache.maven.model.ModelBase::setReporting (6 bytes)
Event: 87.975 Thread 0x0000024f1f12fc80 nmethod 3653 0x0000024ed23b9510 code [0x0000024ed23b96a0, 0x0000024ed23b97b8]
Event: 87.975 Thread 0x0000024f1f12fc80 3659       1       org.eclipse.aether.resolution.ArtifactDescriptorResult::getManagedDependencies (5 bytes)
Event: 87.976 Thread 0x0000024f1f12fc80 nmethod 3659 0x0000024ed23b9810 code [0x0000024ed23b99a0, 0x0000024ed23b9a78]
Event: 88.043 Thread 0x0000024f1f12e280 nmethod 3651 0x0000024ed23b9b10 code [0x0000024ed23b9d40, 0x0000024ed23ba7b0]
Event: 88.044 Thread 0x0000024f1f12e280 3658   !   4       org.codehaus.plexus.interpolation.StringSearchInterpolator::interpolate (692 bytes)
Event: 88.061 Thread 0x0000024f1f12fc80 3660       3       org.eclipse.sisu.wire.EntryMapAdapter$EntrySet::iterator (10 bytes)
Event: 88.061 Thread 0x0000024f1f12fc80 nmethod 3660 0x0000024ecae9e910 code [0x0000024ecae9eac0, 0x0000024ecae9ec88]
Event: 88.061 Thread 0x0000024f1f12fc80 3661       3       java.util.ArrayDeque::pop (5 bytes)
Event: 88.061 Thread 0x0000024f1f12fc80 nmethod 3661 0x0000024ecae9ed90 code [0x0000024ecae9ef60, 0x0000024ecae9f238]
Event: 88.061 Thread 0x0000024f1f12fc80 3662       3       java.util.ArrayDeque::removeFirst (19 bytes)
Event: 88.062 Thread 0x0000024f1f12fc80 nmethod 3662 0x0000024ecae9f390 code [0x0000024ecae9f540, 0x0000024ecae9f798]
Event: 88.092 Thread 0x0000024f1f12fc80 3663       3       org.apache.maven.model.ModelBase::<init> (5 bytes)
Event: 88.093 Thread 0x0000024f1f12fc80 nmethod 3663 0x0000024ecae9f890 code [0x0000024ecae9fa20, 0x0000024ecae9fb78]
Event: 88.093 Thread 0x0000024f1f12fc80 3664       3       org.codehaus.plexus.util.xml.pull.MXParser::parseAttribute (1438 bytes)
Event: 88.100 Thread 0x0000024f1f12fc80 nmethod 3664 0x0000024ecae9fc10 code [0x0000024ecaea0400, 0x0000024ecaea5348]
Event: 88.100 Thread 0x0000024f1f12fc80 3665       3       java.nio.HeapCharBuffer::<init> (31 bytes)
Event: 88.100 Thread 0x0000024f1f12fc80 nmethod 3665 0x0000024ecaea6d90 code [0x0000024ecaea6f20, 0x0000024ecaea70c8]
Event: 88.100 Thread 0x0000024f1f12fc80 3666       3       java.nio.HeapCharBuffer::slice (49 bytes)
Event: 88.101 Thread 0x0000024f1f12fc80 nmethod 3666 0x0000024ecaea7190 code [0x0000024ecaea7340, 0x0000024ecaea75a8]

GC Heap History (10 events):
Event: 25.694 GC heap before
{Heap before GC invocations=0 (full 0):
 garbage-first heap   total 63488K, used 12288K [0x00000000c2000000, 0x0000000100000000)
  region size 1024K, 13 young (13312K), 0 survivors (0K)
 Metaspace       used 3575K, committed 3776K, reserved 1114112K
  class space    used 382K, committed 448K, reserved 1048576K
}
Event: 25.898 GC heap after
{Heap after GC invocations=1 (full 0):
 garbage-first heap   total 63488K, used 3207K [0x00000000c2000000, 0x0000000100000000)
  region size 1024K, 2 young (2048K), 2 survivors (2048K)
 Metaspace       used 3575K, committed 3776K, reserved 1114112K
  class space    used 382K, committed 448K, reserved 1048576K
}
Event: 27.649 GC heap before
{Heap before GC invocations=1 (full 0):
 garbage-first heap   total 63488K, used 12423K [0x00000000c2000000, 0x0000000100000000)
  region size 1024K, 11 young (11264K), 2 survivors (2048K)
 Metaspace       used 5419K, committed 5568K, reserved 1114112K
  class space    used 655K, committed 768K, reserved 1048576K
}
Event: 27.655 GC heap after
{Heap after GC invocations=2 (full 0):
 garbage-first heap   total 63488K, used 3920K [0x00000000c2000000, 0x0000000100000000)
  region size 1024K, 1 young (1024K), 1 survivors (1024K)
 Metaspace       used 5419K, committed 5568K, reserved 1114112K
  class space    used 655K, committed 768K, reserved 1048576K
}
Event: 28.737 GC heap before
{Heap before GC invocations=2 (full 0):
 garbage-first heap   total 63488K, used 24400K [0x00000000c2000000, 0x0000000100000000)
  region size 1024K, 21 young (21504K), 1 survivors (1024K)
 Metaspace       used 7282K, committed 7488K, reserved 1114112K
  class space    used 874K, committed 960K, reserved 1048576K
}
Event: 28.741 GC heap after
{Heap after GC invocations=3 (full 0):
 garbage-first heap   total 63488K, used 4465K [0x00000000c2000000, 0x0000000100000000)
  region size 1024K, 2 young (2048K), 2 survivors (2048K)
 Metaspace       used 7282K, committed 7488K, reserved 1114112K
  class space    used 874K, committed 960K, reserved 1048576K
}
Event: 34.389 GC heap before
{Heap before GC invocations=3 (full 0):
 garbage-first heap   total 63488K, used 40305K [0x00000000c2000000, 0x0000000100000000)
  region size 1024K, 37 young (37888K), 2 survivors (2048K)
 Metaspace       used 14403K, committed 14592K, reserved 1114112K
  class space    used 1769K, committed 1856K, reserved 1048576K
}
Event: 34.406 GC heap after
{Heap after GC invocations=4 (full 0):
 garbage-first heap   total 63488K, used 7913K [0x00000000c2000000, 0x0000000100000000)
  region size 1024K, 5 young (5120K), 5 survivors (5120K)
 Metaspace       used 14403K, committed 14592K, reserved 1114112K
  class space    used 1769K, committed 1856K, reserved 1048576K
}
Event: 83.869 GC heap before
{Heap before GC invocations=4 (full 0):
 garbage-first heap   total 63488K, used 40681K [0x00000000c2000000, 0x0000000100000000)
  region size 1024K, 37 young (37888K), 5 survivors (5120K)
 Metaspace       used 15470K, committed 15680K, reserved 1114112K
  class space    used 1856K, committed 1920K, reserved 1048576K
}
Event: 84.145 GC heap after
{Heap after GC invocations=5 (full 0):
 garbage-first heap   total 63488K, used 11748K [0x00000000c2000000, 0x0000000100000000)
  region size 1024K, 4 young (4096K), 4 survivors (4096K)
 Metaspace       used 15470K, committed 15680K, reserved 1114112K
  class space    used 1856K, committed 1920K, reserved 1048576K
}

Deoptimization events (20 events):
Event: 87.819 Thread 0x0000024ec2e29570 Uncommon trap: trap_request=0xffffffde fr.pc=0x0000024ed23a6e4c relative=0x000000000000010c
Event: 87.819 Thread 0x0000024ec2e29570 Uncommon trap: reason=class_check action=maybe_recompile pc=0x0000024ed23a6e4c method=java.nio.charset.CharsetDecoder.decode(Ljava/nio/ByteBuffer;Ljava/nio/CharBuffer;Z)Ljava/nio/charset/CoderResult; @ 57 c2
Event: 87.819 Thread 0x0000024ec2e29570 DEOPT PACKING pc=0x0000024ed23a6e4c sp=0x000000b47cbfb9c0
Event: 87.819 Thread 0x0000024ec2e29570 DEOPT UNPACKING pc=0x0000024ed1cd23a3 sp=0x000000b47cbfb948 mode 2
Event: 87.819 Thread 0x0000024ec2e29570 Uncommon trap: trap_request=0xffffff45 fr.pc=0x0000024ed2317484 relative=0x0000000000002624
Event: 87.819 Thread 0x0000024ec2e29570 Uncommon trap: reason=unstable_if action=reinterpret pc=0x0000024ed2317484 method=org.codehaus.plexus.util.xml.pull.MXParser.isS(C)Z @ 21 c2
Event: 87.819 Thread 0x0000024ec2e29570 DEOPT PACKING pc=0x0000024ed2317484 sp=0x000000b47cbfbca0
Event: 87.819 Thread 0x0000024ec2e29570 DEOPT UNPACKING pc=0x0000024ed1cd23a3 sp=0x000000b47cbfbbe0 mode 2
Event: 87.819 Thread 0x0000024ec2e29570 Uncommon trap: trap_request=0xffffff45 fr.pc=0x0000024ed23988a0 relative=0x00000000000022c0
Event: 87.819 Thread 0x0000024ec2e29570 Uncommon trap: reason=unstable_if action=reinterpret pc=0x0000024ed23988a0 method=org.codehaus.plexus.util.xml.pull.MXParser.parseAttribute()C @ 779 c2
Event: 87.819 Thread 0x0000024ec2e29570 DEOPT PACKING pc=0x0000024ed23988a0 sp=0x000000b47cbfbbe0
Event: 87.819 Thread 0x0000024ec2e29570 DEOPT UNPACKING pc=0x0000024ed1cd23a3 sp=0x000000b47cbfbb60 mode 2
Event: 87.819 Thread 0x0000024ec2e29570 Uncommon trap: trap_request=0xffffffde fr.pc=0x0000024ed23a6e4c relative=0x000000000000010c
Event: 87.819 Thread 0x0000024ec2e29570 Uncommon trap: reason=class_check action=maybe_recompile pc=0x0000024ed23a6e4c method=java.nio.charset.CharsetDecoder.decode(Ljava/nio/ByteBuffer;Ljava/nio/CharBuffer;Z)Ljava/nio/charset/CoderResult; @ 57 c2
Event: 87.819 Thread 0x0000024ec2e29570 DEOPT PACKING pc=0x0000024ed23a6e4c sp=0x000000b47cbfb9d0
Event: 87.819 Thread 0x0000024ec2e29570 DEOPT UNPACKING pc=0x0000024ed1cd23a3 sp=0x000000b47cbfb958 mode 2
Event: 87.948 Thread 0x0000024ec2e29570 Uncommon trap: trap_request=0xffffffde fr.pc=0x0000024ed23a6e4c relative=0x000000000000010c
Event: 87.948 Thread 0x0000024ec2e29570 Uncommon trap: reason=class_check action=maybe_recompile pc=0x0000024ed23a6e4c method=java.nio.charset.CharsetDecoder.decode(Ljava/nio/ByteBuffer;Ljava/nio/CharBuffer;Z)Ljava/nio/charset/CoderResult; @ 57 c2
Event: 87.948 Thread 0x0000024ec2e29570 DEOPT PACKING pc=0x0000024ed23a6e4c sp=0x000000b47cbfb840
Event: 87.948 Thread 0x0000024ec2e29570 DEOPT UNPACKING pc=0x0000024ed1cd23a3 sp=0x000000b47cbfb7c8 mode 2

Classes unloaded (0 events):
No events

Classes redefined (0 events):
No events

Internal exceptions (20 events):
Event: 27.350 Thread 0x0000024ec2e29570 Exception <a 'java/lang/NoSuchMethodError'{0x00000000c5af4410}: 'java.lang.Object java.lang.invoke.DirectMethodHandle$Holder.newInvokeSpecial(java.lang.Object, java.lang.Object, java.lang.Object, java.lang.Object, java.lang.Object)'> (0x00000000c5af4410) 
thrown [s\open\src\hotspot\share\interpreter\linkResolver.cpp, line 759]
Event: 27.479 Thread 0x0000024ec2e29570 Exception <a 'java/lang/NoSuchMethodError'{0x00000000c58114d8}: 'int java.lang.invoke.DirectMethodHandle$Holder.invokeStaticInit(java.lang.Object, java.lang.Object)'> (0x00000000c58114d8) 
thrown [s\open\src\hotspot\share\interpreter\linkResolver.cpp, line 759]
Event: 27.495 Thread 0x0000024ec2e29570 Exception <a 'java/lang/NoClassDefFoundError'{0x00000000c5849a48}: javax/enterprise/inject/Typed> (0x00000000c5849a48) 
thrown [s\open\src\hotspot\share\classfile\systemDictionary.cpp, line 245]
Event: 29.592 Thread 0x0000024ec2e29570 Exception <a 'java/lang/NoSuchMethodError'{0x00000000c4e6b628}: 'void java.lang.invoke.DirectMethodHandle$Holder.invokeStaticInit(java.lang.Object, java.lang.Object, java.lang.Object)'> (0x00000000c4e6b628) 
thrown [s\open\src\hotspot\share\interpreter\linkResolver.cpp, line 759]
Event: 29.702 Thread 0x0000024ec2e29570 Exception <a 'java/lang/ExceptionInInitializerError'{0x00000000c4e99320}> (0x00000000c4e99320) 
thrown [s\open\src\hotspot\share\oops\instanceKlass.cpp, line 1216]
Event: 29.737 Thread 0x0000024ec2e29570 Implicit null exception at 0x0000024ed22ae52f to 0x0000024ed22ae68c
Event: 29.745 Thread 0x0000024ec2e29570 Exception <a 'java/lang/NoSuchMethodError'{0x00000000c4eff668}: 'java.lang.Object java.lang.invoke.Invokers$Holder.invokeExact_MT(java.lang.Object, int, java.lang.Object)'> (0x00000000c4eff668) 
thrown [s\open\src\hotspot\share\interpreter\linkResolver.cpp, line 759]
Event: 29.791 Thread 0x0000024ec2e29570 Exception <a 'java/lang/NoSuchMethodError'{0x00000000c4d655f8}: 'int java.lang.invoke.DirectMethodHandle$Holder.invokeSpecial(java.lang.Object, java.lang.Object, java.lang.Object, java.lang.Object)'> (0x00000000c4d655f8) 
thrown [s\open\src\hotspot\share\interpreter\linkResolver.cpp, line 759]
Event: 30.331 Thread 0x0000024ec2e29570 Exception <a 'java/lang/NoClassDefFoundError'{0x00000000c438a830}: com/google/inject/servlet/ServletModuleTargetVisitor> (0x00000000c438a830) 
thrown [s\open\src\hotspot\share\classfile\systemDictionary.cpp, line 245]
Event: 30.535 Thread 0x0000024ec2e29570 Exception <a 'java/lang/NoSuchMethodError'{0x00000000c411ec58}: 'void java.lang.invoke.DirectMethodHandle$Holder.invokeVirtual(java.lang.Object, java.lang.Object)'> (0x00000000c411ec58) 
thrown [s\open\src\hotspot\share\interpreter\linkResolver.cpp, line 759]
Event: 31.192 Thread 0x0000024ec2e29570 Exception <a 'java/lang/NoSuchMethodError'{0x00000000c4197410}: 'java.lang.Object java.lang.invoke.DirectMethodHandle$Holder.invokeStaticInit(java.lang.Object, int, int, int, int)'> (0x00000000c4197410) 
thrown [s\open\src\hotspot\share\interpreter\linkResolver.cpp, line 759]
Event: 32.323 Thread 0x0000024ec2e29570 Implicit null exception at 0x0000024ed2243b72 to 0x0000024ed224418c
Event: 32.323 Thread 0x0000024ec2e29570 Implicit null exception at 0x0000024ed2248b72 to 0x0000024ed22491ac
Event: 34.035 Thread 0x0000024ec2e29570 Exception <a 'java/lang/NoSuchMethodError'{0x00000000c3bf8168}: 'void java.lang.invoke.DirectMethodHandle$Holder.invokeSpecial(java.lang.Object, java.lang.Object, java.lang.Object, java.lang.Object, java.lang.Object)'> (0x00000000c3bf8168) 
thrown [s\open\src\hotspot\share\interpreter\linkResolver.cpp, line 759]
Event: 34.054 Thread 0x0000024ec2e29570 Exception <a 'java/lang/NoSuchMethodError'{0x00000000c3a1a478}: 'java.lang.Object java.lang.invoke.DirectMethodHandle$Holder.invokeVirtual(java.lang.Object, java.lang.Object, java.lang.Object)'> (0x00000000c3a1a478) 
thrown [s\open\src\hotspot\share\interpreter\linkResolver.cpp, line 759]
Event: 34.060 Thread 0x0000024ec2e29570 Exception <a 'java/lang/NoSuchMethodError'{0x00000000c3a296e8}: 'void java.lang.invoke.DirectMethodHandle$Holder.invokeSpecial(java.lang.Object, java.lang.Object, java.lang.Object, java.lang.Object, java.lang.Object, java.lang.Object)'> (0x00000000c3a296e8) 
thrown [s\open\src\hotspot\share\interpreter\linkResolver.cpp, line 759]
Event: 67.289 Thread 0x0000024ec2e29570 Implicit null exception at 0x0000024ed2319f33 to 0x0000024ed231a02c
Event: 67.299 Thread 0x0000024ec2e29570 Implicit null exception at 0x0000024ed22cad0c to 0x0000024ed22caf38
Event: 67.299 Thread 0x0000024ec2e29570 Implicit null exception at 0x0000024ed229dbe0 to 0x0000024ed229dc7a
Event: 67.341 Thread 0x0000024ec2e29570 Exception <a 'java/lang/NoSuchMethodError'{0x00000000c4baf540}: 'int java.lang.invoke.DirectMethodHandle$Holder.invokeSpecialIFC(java.lang.Object, java.lang.Object, java.lang.Object, java.lang.Object)'> (0x00000000c4baf540) 
thrown [s\open\src\hotspot\share\interpreter\linkResolver.cpp, line 759]

VM Operations (20 events):
Event: 79.065 Executing VM operation: HandshakeAllThreads
Event: 79.092 Executing VM operation: HandshakeAllThreads done
Event: 79.092 Executing VM operation: Cleanup
Event: 79.092 Executing VM operation: Cleanup done
Event: 80.101 Executing VM operation: Cleanup
Event: 80.101 Executing VM operation: Cleanup done
Event: 81.112 Executing VM operation: Cleanup
Event: 81.112 Executing VM operation: Cleanup done
Event: 82.119 Executing VM operation: Cleanup
Event: 82.119 Executing VM operation: Cleanup done
Event: 83.123 Executing VM operation: Cleanup
Event: 83.123 Executing VM operation: Cleanup done
Event: 83.831 Executing VM operation: G1CollectForAllocation
Event: 84.172 Executing VM operation: G1CollectForAllocation done
Event: 85.186 Executing VM operation: Cleanup
Event: 85.186 Executing VM operation: Cleanup done
Event: 87.193 Executing VM operation: Cleanup
Event: 87.193 Executing VM operation: Cleanup done
Event: 88.200 Executing VM operation: Cleanup
Event: 88.200 Executing VM operation: Cleanup done

Events (20 events):
Event: 34.149 loading class java/util/spi/ResourceBundleProvider
Event: 34.161 loading class java/util/spi/ResourceBundleProvider done
Event: 34.161 loading class sun/util/resources/LocaleData$LocaleDataResourceBundleProvider done
Event: 34.161 loading class sun/util/resources/LocaleData$CommonResourceBundleProvider done
Event: 34.162 loading class sun/util/resources/Bundles$2
Event: 34.175 loading class sun/util/resources/Bundles$2 done
Event: 37.486 loading class java/util/stream/Streams$RangeIntSpliterator
Event: 37.515 loading class java/util/stream/Streams$RangeIntSpliterator done
Event: 59.376 loading class java/util/stream/MatchOps$MatchKind
Event: 60.873 loading class java/util/stream/MatchOps$MatchKind done
Event: 60.885 loading class java/util/stream/MatchOps
Event: 61.459 loading class java/util/stream/MatchOps done
Event: 61.459 loading class java/util/stream/MatchOps$MatchOp
Event: 61.761 loading class java/util/stream/MatchOps$MatchOp done
Event: 61.761 loading class java/util/stream/MatchOps$BooleanTerminalSink
Event: 61.821 loading class java/util/stream/MatchOps$BooleanTerminalSink done
Event: 61.821 loading class java/util/stream/MatchOps$1MatchSink
Event: 61.882 loading class java/util/stream/MatchOps$1MatchSink done
Event: 87.705 loading class sun/nio/cs/ISO_8859_1$Decoder
Event: 87.819 loading class sun/nio/cs/ISO_8859_1$Decoder done


Dynamic libraries:
0x00007ff6f18a0000 - 0x00007ff6f18b0000 	C:\Program Files\Java\jdk-17\bin\java.exe
0x00007ff8c3130000 - 0x00007ff8c3328000 	C:\WINDOWS\SYSTEM32\ntdll.dll
0x00007ff8c1260000 - 0x00007ff8c1322000 	C:\WINDOWS\System32\KERNEL32.DLL
0x00007ff8c0e50000 - 0x00007ff8c1146000 	C:\WINDOWS\System32\KERNELBASE.dll
0x00007ff8c07c0000 - 0x00007ff8c08c0000 	C:\WINDOWS\System32\ucrtbase.dll
0x00007ff8b8720000 - 0x00007ff8b8739000 	C:\Program Files\Java\jdk-17\bin\jli.dll
0x00007ff8c29b0000 - 0x00007ff8c2a61000 	C:\WINDOWS\System32\ADVAPI32.dll
0x00007ff8c11c0000 - 0x00007ff8c125e000 	C:\WINDOWS\System32\msvcrt.dll
0x00007ff8c1410000 - 0x00007ff8c14af000 	C:\WINDOWS\System32\sechost.dll
0x00007ff8c2890000 - 0x00007ff8c29b0000 	C:\WINDOWS\System32\RPCRT4.dll
0x00007ff8c0d20000 - 0x00007ff8c0d47000 	C:\WINDOWS\System32\bcrypt.dll
0x00007ff8c2f40000 - 0x00007ff8c30e1000 	C:\WINDOWS\System32\USER32.dll
0x00007ff8b14e0000 - 0x00007ff8b14fb000 	C:\Program Files\Java\jdk-17\bin\VCRUNTIME140.dll
0x00007ff8b5c80000 - 0x00007ff8b5f1b000 	C:\WINDOWS\WinSxS\amd64_microsoft.windows.common-controls_6595b64144ccf1df_6.0.19041.6456_none_60b8a6cb71f64256\COMCTL32.dll
0x00007ff8c0dd0000 - 0x00007ff8c0df2000 	C:\WINDOWS\System32\win32u.dll
0x00007ff8c1160000 - 0x00007ff8c118b000 	C:\WINDOWS\System32\GDI32.dll
0x00007ff8c08c0000 - 0x00007ff8c09d9000 	C:\WINDOWS\System32\gdi32full.dll
0x00007ff8c09e0000 - 0x00007ff8c0a7d000 	C:\WINDOWS\System32\msvcp_win.dll
0x00007ff8ba360000 - 0x00007ff8ba36a000 	C:\WINDOWS\SYSTEM32\VERSION.dll
0x00007ff8c1190000 - 0x00007ff8c11bf000 	C:\WINDOWS\System32\IMM32.DLL
0x00007ff8bce60000 - 0x00007ff8bce6c000 	C:\Program Files\Java\jdk-17\bin\vcruntime140_1.dll
0x00007ff89adc0000 - 0x00007ff89ae4e000 	C:\Program Files\Java\jdk-17\bin\msvcp140.dll
0x00007ff8744c0000 - 0x00007ff8750a0000 	C:\Program Files\Java\jdk-17\bin\server\jvm.dll
0x00007ff8c2e50000 - 0x00007ff8c2e58000 	C:\WINDOWS\System32\PSAPI.DLL
0x00007ff8b33b0000 - 0x00007ff8b33d7000 	C:\WINDOWS\SYSTEM32\WINMM.dll
0x00007ff8b2a20000 - 0x00007ff8b2a29000 	C:\WINDOWS\SYSTEM32\WSOCK32.dll
0x00007ff8c2150000 - 0x00007ff8c21bb000 	C:\WINDOWS\System32\ws2_32.DLL
0x00007ff8befe0000 - 0x00007ff8beff2000 	C:\WINDOWS\SYSTEM32\kernel.appcore.dll
0x00007ff8b14d0000 - 0x00007ff8b14da000 	C:\Program Files\Java\jdk-17\bin\jimage.dll
0x00007ff8bec80000 - 0x00007ff8bee81000 	C:\WINDOWS\SYSTEM32\DBGHELP.DLL
0x00007ff8b1380000 - 0x00007ff8b13b4000 	C:\WINDOWS\SYSTEM32\dbgcore.DLL
0x00007ff8c0a80000 - 0x00007ff8c0b02000 	C:\WINDOWS\System32\bcryptPrimitives.dll
0x00007ff8b0a60000 - 0x00007ff8b0a85000 	C:\Program Files\Java\jdk-17\bin\java.dll
0x00007ff89ac40000 - 0x00007ff89ad17000 	C:\Program Files\Java\jdk-17\bin\jsvml.dll
0x00007ff8c1510000 - 0x00007ff8c1c80000 	C:\WINDOWS\System32\SHELL32.dll
0x00007ff8be400000 - 0x00007ff8beba5000 	C:\WINDOWS\SYSTEM32\windows.storage.dll
0x00007ff8c2a90000 - 0x00007ff8c2de4000 	C:\WINDOWS\System32\combase.dll
0x00007ff8c0030000 - 0x00007ff8c005b000 	C:\WINDOWS\SYSTEM32\Wldp.dll
0x00007ff8c1e30000 - 0x00007ff8c1efd000 	C:\WINDOWS\System32\OLEAUT32.dll
0x00007ff8c27e0000 - 0x00007ff8c288d000 	C:\WINDOWS\System32\SHCORE.dll
0x00007ff8c14b0000 - 0x00007ff8c150b000 	C:\WINDOWS\System32\shlwapi.dll
0x00007ff8c06f0000 - 0x00007ff8c0714000 	C:\WINDOWS\SYSTEM32\profapi.dll
0x00007ff8b14b0000 - 0x00007ff8b14c9000 	C:\Program Files\Java\jdk-17\bin\net.dll
0x00007ff8b8b60000 - 0x00007ff8b8c6a000 	C:\WINDOWS\SYSTEM32\WINHTTP.dll
0x00007ff8bfe10000 - 0x00007ff8bfe7a000 	C:\WINDOWS\system32\mswsock.dll
0x00007ff8b0950000 - 0x00007ff8b0966000 	C:\Program Files\Java\jdk-17\bin\nio.dll
0x00007ff89f6c0000 - 0x00007ff89f6d8000 	C:\Program Files\Java\jdk-17\bin\zip.dll
0x00007ff89f640000 - 0x00007ff89f664000 	E:\apache-maven-3.9.11\lib\jansi-native\Windows\x86_64\jansi.dll
0x00007ff8b09e0000 - 0x00007ff8b09f0000 	C:\Program Files\Java\jdk-17\bin\verify.dll

dbghelp: loaded successfully - version: 4.0.5 - missing functions: none
symbol engine: initialized successfully - sym options: 0x614 - pdb path: .;C:\Program Files\Java\jdk-17\bin;C:\WINDOWS\SYSTEM32;C:\WINDOWS\WinSxS\amd64_microsoft.windows.common-controls_6595b64144ccf1df_6.0.19041.6456_none_60b8a6cb71f64256;C:\Program Files\Java\jdk-17\bin\server;E:\apache-maven-3.9.11\lib\jansi-native\Windows\x86_64

VM Arguments:
jvm_args: --enable-native-access=ALL-UNNAMED -Dclassworlds.conf=E:\apache-maven-3.9.11\bin\m2.conf -Dmaven.home=E:\apache-maven-3.9.11 -Dlibrary.jansi.path=E:\apache-maven-3.9.11\lib\jansi-native -Dmaven.multiModuleProjectDirectory=D:\FinalProjectMain\FinalProject 
java_command: org.codehaus.plexus.classworlds.launcher.Launcher spring-boot:run
java_class_path (initial): E:\apache-maven-3.9.11\boot\plexus-classworlds-2.9.0.jar
Launcher Type: SUN_STANDARD

[Global flags]
     intx CICompilerCount                          = 3                                         {product} {ergonomic}
     uint ConcGCThreads                            = 1                                         {product} {ergonomic}
     uint G1ConcRefinementThreads                  = 4                                         {product} {ergonomic}
   size_t G1HeapRegionSize                         = 1048576                                   {product} {ergonomic}
    uintx GCDrainStackTargetSize                   = 64                                        {product} {ergonomic}
   size_t InitialHeapSize                          = 65011712                                  {product} {ergonomic}
   size_t MarkStackSize                            = 4194304                                   {product} {ergonomic}
   size_t MaxHeapSize                              = 1040187392                                {product} {ergonomic}
   size_t MaxNewSize                               = 623902720                                 {product} {ergonomic}
   size_t MinHeapDeltaBytes                        = 1048576                                   {product} {ergonomic}
   size_t MinHeapSize                              = 8388608                                   {product} {ergonomic}
    uintx NonNMethodCodeHeapSize                   = 5832780                                {pd product} {ergonomic}
    uintx NonProfiledCodeHeapSize                  = 122912730                              {pd product} {ergonomic}
    uintx ProfiledCodeHeapSize                     = 122912730                              {pd product} {ergonomic}
    uintx ReservedCodeCacheSize                    = 251658240                              {pd product} {ergonomic}
     bool SegmentedCodeCache                       = true                                      {product} {ergonomic}
   size_t SoftMaxHeapSize                          = 1040187392                             {manageable} {ergonomic}
     bool UseCompressedClassPointers               = true                           {product lp64_product} {ergonomic}
     bool UseCompressedOops                        = true                           {product lp64_product} {ergonomic}
     bool UseG1GC                                  = true                                      {product} {ergonomic}
     bool UseLargePagesIndividualAllocation        = false                                  {pd product} {ergonomic}

Logging:
Log output configuration:
 #0: stdout all=warning uptime,level,tags
 #1: stderr all=off uptime,level,tags

Environment Variables:
JAVA_HOME=C:\Program Files\Java\jdk-17
PATH=E:\apache-maven-3.9.11\bin;C:\Program Files\Common Files\Oracle\Java\javapath;C:\Program Files (x86)\Common Files\Oracle\Java\java8path;C:\Program Files (x86)\Common Files\Oracle\Java\javapath;C:\Python313\Scripts\;C:\Python313\;C:\WINDOWS\system32;C:\WINDOWS;C:\WINDOWS\System32\Wbem;C:\WINDOWS\System32\WindowsPowerShell\v1.0\;C:\WINDOWS\System32\OpenSSH\;F:\MongoDB\mongosh-2.3.3-win32-x64\mongosh-2.3.3-win32-x64\bin;C:\Program Files\Microsoft SQL Server\150\Tools\Binn\;C:\Program Files\MySQL\MySQL Server 8.0\bin;C:\Program Files\Git\cmd;C:\Program Files\nodejs\;C:\ProgramData\chocolatey\bin;C:\Program Files\nodejs;C:\Users\Om\AppData\Roaming\npm;D:\TypeScript\codes;C:\Program Files (x86)\Windows Kits\10\Windows Performance Toolkit\;%JAVA_HOME%\bin;C:\Program Files\Eclipse Adoptium\jre-11.0.28.6-hotspot\bin;C:\Program Files\Eclipse Adoptium\jdk-11.0.28.6-hotspot\bin;C:\Program Files\Java\jdk1.8.0_111\bin;C:\Python313\Scripts\;C:\Python313\;C:\ProgramData\Oracle\Java\javapath;C:\app\Om\product\21c\dbhomeXE\bin;C:\WINDOWS\system32;C:\WINDOWS;C:\WINDOWS\System32\Wbem;C:\WINDOWS\System32\WindowsPowerShell\v1.0\;C:\WINDOWS\System32\OpenSSH\;F:\MongoDB\mongosh-2.3.3-win32-x64\mongosh-2.3.3-win32-x64\bin;C:\Program Files\Microsoft SQL Server\150\Tools\Binn\;C:\Program Files\MySQL\MySQL Server 8.0\bin;C:\Program Files\Git\cmd;C:\Program Files\nodejs\;C:\ProgramData\chocolatey\bin;C:\Program Files\nodejs;C:\Users\Om\AppData\Roaming\npm;D:\TypeScript\codes;C:\Program Files (x86)\Windows Kits\10\Windows Performance Toolkit\;E:\apache-maven-3.9.11\bin;C:\Program Files\MySQL\MySQL Shell 8.0\bin\;C:\Users\Om\AppData\Local\Microsoft\WindowsApps;C:\Users\Om\AppData\Local\Programs\Microsoft VS Code\bin;C:\Users\Om\AppData\Roaming\npm;C:\Users\Om\AppData\Local\Programs\Windsurf\bin;C:\Users\Om\AppData\Local\Programs\cursor\resources\app\bin;C:\Program Files\Java\jdk1.8.0_111\bin;C:\Users\Om\AppData\Local\GitHubDesktop\bin;c:\Users\Om\.windsurf\extensions\vscjava.vscode-java-debug-0
USERNAME=Om
LANG=en_US.UTF-8
OS=Windows_NT
PROCESSOR_IDENTIFIER=Intel64 Family 6 Model 142 Stepping 9, GenuineIntel



---------------  S Y S T E M  ---------------

OS:
 Windows 10 , 64 bit Build 19041 (10.0.19041.5915)
OS uptime: 0 days 8:36 hours
Hyper-V role detected

CPU: total 4 (initial active 4) (2 cores per cpu, 2 threads per core) family 6 model 142 stepping 9 microcode 0xb4, cx8, cmov, fxsr, ht, mmx, 3dnowpref, sse, sse2, sse3, ssse3, sse4.1, sse4.2, popcnt, lzcnt, tsc, tscinvbit, avx, avx2, aes, erms, clmul, bmi1, bmi2, adx, fma, vzeroupper, clflush, clflushopt, hv

Memory: 4k page, system-wide physical 3962M (416M free)
TotalPageFile size 16250M (AvailPageFile size 7M)
current process WorkingSet (physical memory assigned to process): 107M, peak: 108M
current process commit charge ("private bytes"): 177M, peak: 179M

vm_info: Java HotSpot(TM) 64-Bit Server VM (17.0.17+8-LTS-360) for windows-amd64 JRE (17.0.17+8-LTS-360), built on Sep 27 2025 05:17:01 by "mach5run" with MS VC++ 17.6 (VS2022)

END.
